# JRE version: Java(TM) SE Runtime Environment (18.0.1.1+2) (build 18.0.1.1+2-6)
# Java VM: Java HotSpot(TM) 64-Bit Server VM (18.0.1.1+2-6, mixed mode, sharing, tiered, compressed oops, compressed class ptrs, g1 gc, windows-amd64)
GC Precious Log:
 CardTable entry size: 512
 Card Set container configuration: InlinePtr #cards 5 size 8 Array Of Cards #cards 12 size 40 Howl #buckets 4 coarsen threshold 1843 Howl Bitmap #cards 512 size 80 coarsen threshold 460 Card regions per heap region 1 cards per card region 2048
 CPUs: 8 total, 8 available
 Memory: 7987M
 Large Page Support: Disabled
 NUMA Support: Disabled
 Compressed Oops: Enabled (32-bit)
 Heap Region Size: 1M
 Heap Min Capacity: 8M
 Heap Initial Capacity: 126M
 Heap Max Capacity: 2G
 Pre-touch: Disabled
 Parallel Workers: 8
 Concurrent Workers: 2
 Concurrent Refinement Workers: 8
 Periodic GC: Disabled
Heap:
 garbage-first heap   total 104448K, used 81886K [0x0000000080000000, 0x0000000100000000)
  region size 1024K, 24 young (24576K), 1 survivors (1024K)
 Metaspace       used 64970K, committed 66688K, reserved 1114112K
  class space    used 8854K, committed 9792K, reserved 1048576K
GC Heap History (20 events):
Event: 4.899 GC heap before
{Heap before GC invocations=11 (full 0):
 garbage-first heap   total 78848K, used 63800K [0x0000000080000000, 0x0000000100000000)
  region size 1024K, 30 young (30720K), 4 survivors (4096K)
 Metaspace       used 42112K, committed 43584K, reserved 1114112K
  class space    used 5849K, committed 6656K, reserved 1048576K
}
Event: 4.903 GC heap after
{Heap after GC invocations=12 (full 0):
 garbage-first heap   total 78848K, used 45374K [0x0000000080000000, 0x0000000100000000)
  region size 1024K, 4 young (4096K), 4 survivors (4096K)
 Metaspace       used 42112K, committed 43584K, reserved 1114112K
  class space    used 5849K, committed 6656K, reserved 1048576K
}
Event: 5.076 GC heap before
{Heap before GC invocations=12 (full 0):
 garbage-first heap   total 78848K, used 59710K [0x0000000080000000, 0x0000000100000000)
  region size 1024K, 19 young (19456K), 4 survivors (4096K)
 Metaspace       used 44421K, committed 45888K, reserved 1114112K
  class space    used 6129K, committed 6912K, reserved 1048576K
}
Event: 5.078 GC heap after
{Heap after GC invocations=13 (full 0):
 garbage-first heap   total 95232K, used 46303K [0x0000000080000000, 0x0000000100000000)
  region size 1024K, 1 young (1024K), 1 survivors (1024K)
 Metaspace       used 44421K, committed 45888K, reserved 1114112K
  class space    used 6129K, committed 6912K, reserved 1048576K
}
Event: 5.466 GC heap before
{Heap before GC invocations=14 (full 0):
 garbage-first heap   total 95232K, used 71903K [0x0000000080000000, 0x0000000100000000)
  region size 1024K, 27 young (27648K), 1 survivors (1024K)
 Metaspace       used 49135K, committed 50560K, reserved 1114112K
  class space    used 6672K, committed 7424K, reserved 1048576K
}
Event: 5.468 GC heap after
{Heap after GC invocations=15 (full 0):
 garbage-first heap   total 95232K, used 47275K [0x0000000080000000, 0x0000000100000000)
  region size 1024K, 2 young (2048K), 2 survivors (2048K)
 Metaspace       used 49135K, committed 50560K, reserved 1114112K
  class space    used 6672K, committed 7424K, reserved 1048576K
}
Event: 5.864 GC heap before
{Heap before GC invocations=15 (full 0):
 garbage-first heap   total 95232K, used 72875K [0x0000000080000000, 0x0000000100000000)
  region size 1024K, 28 young (28672K), 2 survivors (2048K)
 Metaspace       used 53707K, committed 55296K, reserved 1114112K
  class space    used 7241K, committed 8064K, reserved 1048576K
}
Event: 5.869 GC heap after
{Heap after GC invocations=16 (full 0):
 garbage-first heap   total 95232K, used 51746K [0x0000000080000000, 0x0000000100000000)
  region size 1024K, 4 young (4096K), 4 survivors (4096K)
 Metaspace       used 53707K, committed 55296K, reserved 1114112K
  class space    used 7241K, committed 8064K, reserved 1048576K
}
Event: 6.145 GC heap before
{Heap before GC invocations=17 (full 0):
 garbage-first heap   total 95232K, used 72226K [0x0000000080000000, 0x0000000100000000)
  region size 1024K, 25 young (25600K), 4 survivors (4096K)
 Metaspace       used 55794K, committed 57408K, reserved 1114112K
  class space    used 7496K, committed 8320K, reserved 1048576K
}
Event: 6.148 GC heap after
{Heap after GC invocations=18 (full 0):
 garbage-first heap   total 95232K, used 53375K [0x0000000080000000, 0x0000000100000000)
  region size 1024K, 3 young (3072K), 3 survivors (3072K)
 Metaspace       used 55794K, committed 57408K, reserved 1114112K
  class space    used 7496K, committed 8320K, reserved 1048576K
}
Event: 6.321 GC heap before
{Heap before GC invocations=18 (full 0):
 garbage-first heap   total 95232K, used 66687K [0x0000000080000000, 0x0000000100000000)
  region size 1024K, 18 young (18432K), 3 survivors (3072K)
 Metaspace       used 57078K, committed 58624K, reserved 1114112K
  class space    used 7631K, committed 8448K, reserved 1048576K
}
Event: 6.324 GC heap after
{Heap after GC invocations=19 (full 0):
 garbage-first heap   total 95232K, used 54911K [0x0000000080000000, 0x0000000100000000)
  region size 1024K, 2 young (2048K), 2 survivors (2048K)
 Metaspace       used 57078K, committed 58624K, reserved 1114112K
  class space    used 7631K, committed 8448K, reserved 1048576K
}
Event: 6.522 GC heap before
{Heap before GC invocations=20 (full 0):
 garbage-first heap   total 101376K, used 76415K [0x0000000080000000, 0x0000000100000000)
  region size 1024K, 22 young (22528K), 2 survivors (2048K)
 Metaspace       used 57849K, committed 59456K, reserved 1114112K
  class space    used 7754K, committed 8576K, reserved 1048576K
}
Event: 6.524 GC heap after
{Heap after GC invocations=21 (full 0):
 garbage-first heap   total 101376K, used 56034K [0x0000000080000000, 0x0000000100000000)
  region size 1024K, 3 young (3072K), 3 survivors (3072K)
 Metaspace       used 57849K, committed 59456K, reserved 1114112K
  class space    used 7754K, committed 8576K, reserved 1048576K
}
Event: 6.724 GC heap before
{Heap before GC invocations=21 (full 0):
 garbage-first heap   total 101376K, used 80610K [0x0000000080000000, 0x0000000100000000)
  region size 1024K, 27 young (27648K), 3 survivors (3072K)
 Metaspace       used 59340K, committed 60928K, reserved 1114112K
  class space    used 7945K, committed 8768K, reserved 1048576K
}
Event: 6.727 GC heap after
{Heap after GC invocations=22 (full 0):
 garbage-first heap   total 101376K, used 58565K [0x0000000080000000, 0x0000000100000000)
  region size 1024K, 4 young (4096K), 4 survivors (4096K)
 Metaspace       used 59340K, committed 60928K, reserved 1114112K
  class space    used 7945K, committed 8768K, reserved 1048576K
}
Event: 7.063 GC heap before
{Heap before GC invocations=23 (full 0):
 garbage-first heap   total 104448K, used 82117K [0x0000000080000000, 0x0000000100000000)
  region size 1024K, 27 young (27648K), 4 survivors (4096K)
 Metaspace       used 62401K, committed 64000K, reserved 1114112K
  class space    used 8525K, committed 9344K, reserved 1048576K
}
Event: 7.067 GC heap after
{Heap after GC invocations=24 (full 0):
 garbage-first heap   total 104448K, used 60136K [0x0000000080000000, 0x0000000100000000)
  region size 1024K, 2 young (2048K), 2 survivors (2048K)
 Metaspace       used 62401K, committed 64000K, reserved 1114112K
  class space    used 8525K, committed 9344K, reserved 1048576K
}
Event: 7.101 GC heap before
{Heap before GC invocations=24 (full 0):
 garbage-first heap   total 104448K, used 63208K [0x0000000080000000, 0x0000000100000000)
  region size 1024K, 5 young (5120K), 2 survivors (2048K)
 Metaspace       used 62799K, committed 64384K, reserved 1114112K
  class space    used 8580K, committed 9408K, reserved 1048576K
}
Event: 7.104 GC heap after
{Heap after GC invocations=25 (full 0):
 garbage-first heap   total 104448K, used 60382K [0x0000000080000000, 0x0000000100000000)
  region size 1024K, 1 young (1024K), 1 survivors (1024K)
 Metaspace       used 62799K, committed 64384K, reserved 1114112K
  class space    used 8580K, committed 9408K, reserved 1048576K
}

