# JRE version: OpenJDK Runtime Environment (11.0.12+7) (build 11.0.12+7-b1504.28-7817840)
# Java VM: OpenJDK 64-Bit Server VM (11.0.12+7-b1504.28-7817840, mixed mode, tiered, compressed oops, g1 gc, windows-amd64)
Heap:
 garbage-first heap   total 187392K, used 120753K [0x0000000080000000, 0x0000000100000000)
  region size 1024K, 17 young (17408K), 5 survivors (5120K)
 Metaspace       used 95427K, capacity 97849K, committed 97996K, reserved 1134592K
  class space    used 12361K, capacity 13205K, committed 13260K, reserved 1048576K
GC Heap History (20 events):
Event: 5.580 GC heap before
{Heap before GC invocations=16 (full 0):
 garbage-first heap   total 155648K, used 103413K [0x0000000080000000, 0x0000000100000000)
  region size 1024K, 30 young (30720K), 1 survivors (1024K)
 Metaspace       used 62225K, capacity 63936K, committed 64076K, reserved 1103872K
  class space    used 8102K, capacity 8680K, committed 8780K, reserved 1048576K
}
Event: 5.582 GC heap after
{Heap after GC invocations=17 (full 0):
 garbage-first heap   total 155648K, used 74125K [0x0000000080000000, 0x0000000100000000)
  region size 1024K, 2 young (2048K), 2 survivors (2048K)
 Metaspace       used 62225K, capacity 63936K, committed 64076K, reserved 1103872K
  class space    used 8102K, capacity 8680K, committed 8780K, reserved 1048576K
}
Event: 5.883 GC heap before
{Heap before GC invocations=17 (full 0):
 garbage-first heap   total 155648K, used 106893K [0x0000000080000000, 0x0000000100000000)
  region size 1024K, 34 young (34816K), 2 survivors (2048K)
 Metaspace       used 67585K, capacity 69404K, committed 69580K, reserved 1110016K
  class space    used 8707K, capacity 9328K, committed 9420K, reserved 1048576K
}
Event: 5.886 GC heap after
{Heap after GC invocations=18 (full 0):
 garbage-first heap   total 155648K, used 75419K [0x0000000080000000, 0x0000000100000000)
  region size 1024K, 3 young (3072K), 3 survivors (3072K)
 Metaspace       used 67585K, capacity 69404K, committed 69580K, reserved 1110016K
  class space    used 8707K, capacity 9328K, committed 9420K, reserved 1048576K
}
Event: 6.161 GC heap before
{Heap before GC invocations=19 (full 0):
 garbage-first heap   total 155648K, used 109211K [0x0000000080000000, 0x0000000100000000)
  region size 1024K, 37 young (37888K), 3 survivors (3072K)
 Metaspace       used 71048K, capacity 72869K, committed 73036K, reserved 1112064K
  class space    used 9106K, capacity 9733K, committed 9804K, reserved 1048576K
}
Event: 6.165 GC heap after
{Heap after GC invocations=20 (full 0):
 garbage-first heap   total 155648K, used 78608K [0x0000000080000000, 0x0000000100000000)
  region size 1024K, 5 young (5120K), 5 survivors (5120K)
 Metaspace       used 71048K, capacity 72869K, committed 73036K, reserved 1112064K
  class space    used 9106K, capacity 9733K, committed 9804K, reserved 1048576K
}
Event: 6.351 GC heap before
{Heap before GC invocations=20 (full 0):
 garbage-first heap   total 155648K, used 103184K [0x0000000080000000, 0x0000000100000000)
  region size 1024K, 30 young (30720K), 5 survivors (5120K)
 Metaspace       used 72876K, capacity 74719K, committed 74828K, reserved 1114112K
  class space    used 9348K, capacity 10006K, committed 10060K, reserved 1048576K
}
Event: 6.356 GC heap after
{Heap after GC invocations=21 (full 0):
 garbage-first heap   total 155648K, used 80778K [0x0000000080000000, 0x0000000100000000)
  region size 1024K, 3 young (3072K), 3 survivors (3072K)
 Metaspace       used 72876K, capacity 74719K, committed 74828K, reserved 1114112K
  class space    used 9348K, capacity 10006K, committed 10060K, reserved 1048576K
}
Event: 6.579 GC heap before
{Heap before GC invocations=22 (full 0):
 garbage-first heap   total 155648K, used 113546K [0x0000000080000000, 0x0000000100000000)
  region size 1024K, 35 young (35840K), 3 survivors (3072K)
 Metaspace       used 73840K, capacity 75857K, committed 76108K, reserved 1116160K
  class space    used 9491K, capacity 10187K, committed 10316K, reserved 1048576K
}
Event: 6.583 GC heap after
{Heap after GC invocations=23 (full 0):
 garbage-first heap   total 187392K, used 82271K [0x0000000080000000, 0x0000000100000000)
  region size 1024K, 4 young (4096K), 4 survivors (4096K)
 Metaspace       used 73840K, capacity 75857K, committed 76108K, reserved 1116160K
  class space    used 9491K, capacity 10187K, committed 10316K, reserved 1048576K
}
Event: 7.009 GC heap before
{Heap before GC invocations=23 (full 0):
 garbage-first heap   total 187392K, used 129375K [0x0000000080000000, 0x0000000100000000)
  region size 1024K, 50 young (51200K), 4 survivors (4096K)
 Metaspace       used 78283K, capacity 80352K, committed 80588K, reserved 1118208K
  class space    used 10218K, capacity 10938K, committed 10956K, reserved 1048576K
}
Event: 7.013 GC heap after
{Heap after GC invocations=24 (full 0):
 garbage-first heap   total 187392K, used 85161K [0x0000000080000000, 0x0000000100000000)
  region size 1024K, 7 young (7168K), 7 survivors (7168K)
 Metaspace       used 78283K, capacity 80352K, committed 80588K, reserved 1118208K
  class space    used 10218K, capacity 10938K, committed 10956K, reserved 1048576K
}
Event: 7.348 GC heap before
{Heap before GC invocations=24 (full 0):
 garbage-first heap   total 187392K, used 128169K [0x0000000080000000, 0x0000000100000000)
  region size 1024K, 46 young (47104K), 7 survivors (7168K)
 Metaspace       used 82332K, capacity 84493K, committed 84684K, reserved 1122304K
  class space    used 10656K, capacity 11386K, committed 11468K, reserved 1048576K
}
Event: 7.353 GC heap after
{Heap after GC invocations=25 (full 0):
 garbage-first heap   total 187392K, used 94599K [0x0000000080000000, 0x0000000100000000)
  region size 1024K, 7 young (7168K), 7 survivors (7168K)
 Metaspace       used 82332K, capacity 84493K, committed 84684K, reserved 1122304K
  class space    used 10656K, capacity 11386K, committed 11468K, reserved 1048576K
}
Event: 7.726 GC heap before
{Heap before GC invocations=26 (full 0):
 garbage-first heap   total 187392K, used 144775K [0x0000000080000000, 0x0000000100000000)
  region size 1024K, 52 young (53248K), 7 survivors (7168K)
 Metaspace       used 84478K, capacity 86725K, committed 86860K, reserved 1124352K
  class space    used 10967K, capacity 11757K, committed 11852K, reserved 1048576K
}
Event: 7.733 GC heap after
{Heap after GC invocations=27 (full 0):
 garbage-first heap   total 187392K, used 105560K [0x0000000080000000, 0x0000000100000000)
  region size 1024K, 6 young (6144K), 6 survivors (6144K)
 Metaspace       used 84478K, capacity 86725K, committed 86860K, reserved 1124352K
  class space    used 10967K, capacity 11757K, committed 11852K, reserved 1048576K
}
Event: 8.020 GC heap before
{Heap before GC invocations=27 (full 0):
 garbage-first heap   total 187392K, used 147544K [0x0000000080000000, 0x0000000100000000)
  region size 1024K, 47 young (48128K), 6 survivors (6144K)
 Metaspace       used 88177K, capacity 90500K, committed 90700K, reserved 1128448K
  class space    used 11452K, capacity 12307K, committed 12364K, reserved 1048576K
}
Event: 8.024 GC heap after
{Heap after GC invocations=28 (full 0):
 garbage-first heap   total 187392K, used 107925K [0x0000000080000000, 0x0000000100000000)
  region size 1024K, 3 young (3072K), 3 survivors (3072K)
 Metaspace       used 88177K, capacity 90500K, committed 90700K, reserved 1128448K
  class space    used 11452K, capacity 12307K, committed 12364K, reserved 1048576K
}
Event: 8.405 GC heap before
{Heap before GC invocations=29 (full 0):
 garbage-first heap   total 187392K, used 149909K [0x0000000080000000, 0x0000000100000000)
  region size 1024K, 44 young (45056K), 3 survivors (3072K)
 Metaspace       used 94458K, capacity 96840K, committed 97100K, reserved 1132544K
  class space    used 12209K, capacity 13042K, committed 13132K, reserved 1048576K
}
Event: 8.409 GC heap after
{Heap after GC invocations=30 (full 0):
 garbage-first heap   total 187392K, used 109489K [0x0000000080000000, 0x0000000100000000)
  region size 1024K, 5 young (5120K), 5 survivors (5120K)
 Metaspace       used 94458K, capacity 96840K, committed 97100K, reserved 1132544K
  class space    used 12209K, capacity 13042K, committed 13132K, reserved 1048576K
}

