# JRE version: Java(TM) SE Runtime Environment (18.0.1.1+2) (build 18.0.1.1+2-6)
# Java VM: Java HotSpot(TM) 64-Bit Server VM (18.0.1.1+2-6, mixed mode, sharing, tiered, compressed oops, compressed class ptrs, g1 gc, windows-amd64)
GC Precious Log:
 CardTable entry size: 512
 Card Set container configuration: InlinePtr #cards 5 size 8 Array Of Cards #cards 12 size 40 Howl #buckets 4 coarsen threshold 1843 Howl Bitmap #cards 512 size 80 coarsen threshold 460 Card regions per heap region 1 cards per card region 2048
 CPUs: 8 total, 8 available
 Memory: 7987M
 Large Page Support: Disabled
 NUMA Support: Disabled
 Compressed Oops: Enabled (32-bit)
 Heap Region Size: 1M
 Heap Min Capacity: 8M
 Heap Initial Capacity: 126M
 Heap Max Capacity: 2G
 Pre-touch: Disabled
 Parallel Workers: 8
 Concurrent Workers: 2
 Concurrent Refinement Workers: 8
 Periodic GC: Disabled
Heap:
 garbage-first heap   total 147456K, used 84351K [0x0000000080000000, 0x0000000100000000)
  region size 1024K, 1 young (1024K), 1 survivors (1024K)
 Metaspace       used 60322K, committed 62016K, reserved 1114112K
  class space    used 8132K, committed 9024K, reserved 1048576K
GC Heap History (20 events):
Event: 3.246 GC heap after
{Heap after GC invocations=9 (full 0):
 garbage-first heap   total 122880K, used 53876K [0x0000000080000000, 0x0000000100000000)
  region size 1024K, 6 young (6144K), 6 survivors (6144K)
 Metaspace       used 38783K, committed 40128K, reserved 1114112K
  class space    used 5321K, committed 6016K, reserved 1048576K
}
Event: 3.666 GC heap before
{Heap before GC invocations=9 (full 0):
 garbage-first heap   total 122880K, used 97908K [0x0000000080000000, 0x0000000100000000)
  region size 1024K, 45 young (46080K), 6 survivors (6144K)
 Metaspace       used 43047K, committed 44544K, reserved 1114112K
  class space    used 6017K, committed 6784K, reserved 1048576K
}
Event: 3.670 GC heap after
{Heap after GC invocations=10 (full 0):
 garbage-first heap   total 122880K, used 62483K [0x0000000080000000, 0x0000000100000000)
  region size 1024K, 5 young (5120K), 5 survivors (5120K)
 Metaspace       used 43047K, committed 44544K, reserved 1114112K
  class space    used 6017K, committed 6784K, reserved 1048576K
}
Event: 3.940 GC heap before
{Heap before GC invocations=10 (full 0):
 garbage-first heap   total 122880K, used 89107K [0x0000000080000000, 0x0000000100000000)
  region size 1024K, 33 young (33792K), 5 survivors (5120K)
 Metaspace       used 43984K, committed 45504K, reserved 1114112K
  class space    used 6128K, committed 6912K, reserved 1048576K
}
Event: 3.944 GC heap after
{Heap after GC invocations=11 (full 0):
 garbage-first heap   total 122880K, used 64579K [0x0000000080000000, 0x0000000100000000)
  region size 1024K, 3 young (3072K), 3 survivors (3072K)
 Metaspace       used 43984K, committed 45504K, reserved 1114112K
  class space    used 6128K, committed 6912K, reserved 1048576K
}
Event: 4.209 GC heap before
{Heap before GC invocations=12 (full 0):
 garbage-first heap   total 122880K, used 101443K [0x0000000080000000, 0x0000000100000000)
  region size 1024K, 35 young (35840K), 3 survivors (3072K)
 Metaspace       used 47312K, committed 48832K, reserved 1114112K
  class space    used 6556K, committed 7360K, reserved 1048576K
}
Event: 4.211 GC heap after
{Heap after GC invocations=13 (full 0):
 garbage-first heap   total 122880K, used 75086K [0x0000000080000000, 0x0000000100000000)
  region size 1024K, 5 young (5120K), 5 survivors (5120K)
 Metaspace       used 47312K, committed 48832K, reserved 1114112K
  class space    used 6556K, committed 7360K, reserved 1048576K
}
Event: 4.227 GC heap before
{Heap before GC invocations=13 (full 0):
 garbage-first heap   total 122880K, used 76110K [0x0000000080000000, 0x0000000100000000)
  region size 1024K, 6 young (6144K), 5 survivors (5120K)
 Metaspace       used 47544K, committed 49152K, reserved 1114112K
  class space    used 6570K, committed 7424K, reserved 1048576K
}
Event: 4.230 GC heap after
{Heap after GC invocations=14 (full 0):
 garbage-first heap   total 147456K, used 75687K [0x0000000080000000, 0x0000000100000000)
  region size 1024K, 1 young (1024K), 1 survivors (1024K)
 Metaspace       used 47544K, committed 49152K, reserved 1114112K
  class space    used 6570K, committed 7424K, reserved 1048576K
}
Event: 4.557 GC heap before
{Heap before GC invocations=14 (full 0):
 garbage-first heap   total 147456K, used 110503K [0x0000000080000000, 0x0000000100000000)
  region size 1024K, 36 young (36864K), 1 survivors (1024K)
 Metaspace       used 53193K, committed 54848K, reserved 1114112K
  class space    used 7264K, committed 8128K, reserved 1048576K
}
Event: 4.559 GC heap after
{Heap after GC invocations=15 (full 0):
 garbage-first heap   total 147456K, used 76981K [0x0000000080000000, 0x0000000100000000)
  region size 1024K, 2 young (2048K), 2 survivors (2048K)
 Metaspace       used 53193K, committed 54848K, reserved 1114112K
  class space    used 7264K, committed 8128K, reserved 1048576K
}
Event: 4.877 GC heap before
{Heap before GC invocations=16 (full 0):
 garbage-first heap   total 147456K, used 112821K [0x0000000080000000, 0x0000000100000000)
  region size 1024K, 38 young (38912K), 2 survivors (2048K)
 Metaspace       used 58228K, committed 59968K, reserved 1114112K
  class space    used 7868K, committed 8768K, reserved 1048576K
}
Event: 4.880 GC heap after
{Heap after GC invocations=17 (full 0):
 garbage-first heap   total 147456K, used 80923K [0x0000000080000000, 0x0000000100000000)
  region size 1024K, 5 young (5120K), 5 survivors (5120K)
 Metaspace       used 58228K, committed 59968K, reserved 1114112K
  class space    used 7868K, committed 8768K, reserved 1048576K
}
Event: 4.897 GC heap before
{Heap before GC invocations=17 (full 0):
 garbage-first heap   total 147456K, used 82971K [0x0000000080000000, 0x0000000100000000)
  region size 1024K, 7 young (7168K), 5 survivors (5120K)
 Metaspace       used 58362K, committed 60032K, reserved 1114112K
  class space    used 7881K, committed 8768K, reserved 1048576K
}
Event: 4.899 GC heap after
{Heap after GC invocations=18 (full 0):
 garbage-first heap   total 147456K, used 81108K [0x0000000080000000, 0x0000000100000000)
  region size 1024K, 1 young (1024K), 1 survivors (1024K)
 Metaspace       used 58362K, committed 60032K, reserved 1114112K
  class space    used 7881K, committed 8768K, reserved 1048576K
}
Event: 4.985 GC heap before
{Heap before GC invocations=18 (full 0):
 garbage-first heap   total 147456K, used 91348K [0x0000000080000000, 0x0000000100000000)
  region size 1024K, 13 young (13312K), 1 survivors (1024K)
 Metaspace       used 59376K, committed 61120K, reserved 1114112K
  class space    used 7989K, committed 8896K, reserved 1048576K
}
Event: 4.986 GC heap after
{Heap after GC invocations=19 (full 0):
 garbage-first heap   total 147456K, used 81735K [0x0000000080000000, 0x0000000100000000)
  region size 1024K, 2 young (2048K), 2 survivors (2048K)
 Metaspace       used 59376K, committed 61120K, reserved 1114112K
  class space    used 7989K, committed 8896K, reserved 1048576K
}
Event: 5.199 GC heap before
{Heap before GC invocations=20 (full 0):
 garbage-first heap   total 147456K, used 117575K [0x0000000080000000, 0x0000000100000000)
  region size 1024K, 36 young (36864K), 2 survivors (2048K)
 Metaspace       used 60322K, committed 62016K, reserved 1114112K
  class space    used 8132K, committed 9024K, reserved 1048576K
}
Event: 5.202 GC heap after
{Heap after GC invocations=21 (full 0):
 garbage-first heap   total 147456K, used 84427K [0x0000000080000000, 0x0000000100000000)
  region size 1024K, 5 young (5120K), 5 survivors (5120K)
 Metaspace       used 60322K, committed 62016K, reserved 1114112K
  class space    used 8132K, committed 9024K, reserved 1048576K
}
Event: 5.211 GC heap before
{Heap before GC invocations=21 (full 0):
 garbage-first heap   total 147456K, used 86475K [0x0000000080000000, 0x0000000100000000)
  region size 1024K, 7 young (7168K), 5 survivors (5120K)
 Metaspace       used 60322K, committed 62016K, reserved 1114112K
  class space    used 8132K, committed 9024K, reserved 1048576K
}

