# JRE version: Java(TM) SE Runtime Environment (18.0.1.1+2) (build 18.0.1.1+2-6)
# Java VM: Java HotSpot(TM) 64-Bit Server VM (18.0.1.1+2-6, mixed mode, sharing, tiered, compressed oops, compressed class ptrs, g1 gc, windows-amd64)
GC Precious Log:
 CardTable entry size: 512
 Card Set container configuration: InlinePtr #cards 5 size 8 Array Of Cards #cards 12 size 40 Howl #buckets 4 coarsen threshold 1843 Howl Bitmap #cards 512 size 80 coarsen threshold 460 Card regions per heap region 1 cards per card region 2048
 CPUs: 8 total, 8 available
 Memory: 7987M
 Large Page Support: Disabled
 NUMA Support: Disabled
 Compressed Oops: Enabled (32-bit)
 Heap Region Size: 1M
 Heap Min Capacity: 8M
 Heap Initial Capacity: 126M
 Heap Max Capacity: 2G
 Pre-touch: Disabled
 Parallel Workers: 8
 Concurrent Workers: 2
 Concurrent Refinement Workers: 8
 Periodic GC: Disabled
Heap:
 garbage-first heap   total 205824K, used 97377K [0x0000000080000000, 0x0000000100000000)
  region size 1024K, 2 young (2048K), 2 survivors (2048K)
 Metaspace       used 84980K, committed 86784K, reserved 1179648K
  class space    used 11452K, committed 12416K, reserved 1048576K
GC Heap History (20 events):
Event: 8.476 GC heap after
{Heap after GC invocations=28 (full 0):
 garbage-first heap   total 132096K, used 75059K [0x0000000080000000, 0x0000000100000000)
  region size 1024K, 5 young (5120K), 5 survivors (5120K)
 Metaspace       used 75055K, committed 76864K, reserved 1179648K
  class space    used 10264K, committed 11200K, reserved 1048576K
}
Event: 8.652 GC heap before
{Heap before GC invocations=28 (full 0):
 garbage-first heap   total 132096K, used 105779K [0x0000000080000000, 0x0000000100000000)
  region size 1024K, 36 young (36864K), 5 survivors (5120K)
 Metaspace       used 75614K, committed 77440K, reserved 1179648K
  class space    used 10379K, committed 11328K, reserved 1048576K
}
Event: 8.657 GC heap after
{Heap after GC invocations=29 (full 0):
 garbage-first heap   total 132096K, used 77803K [0x0000000080000000, 0x0000000100000000)
  region size 1024K, 3 young (3072K), 3 survivors (3072K)
 Metaspace       used 75614K, committed 77440K, reserved 1179648K
  class space    used 10379K, committed 11328K, reserved 1048576K
}
Event: 8.892 GC heap before
{Heap before GC invocations=30 (full 0):
 garbage-first heap   total 150528K, used 106475K [0x0000000080000000, 0x0000000100000000)
  region size 1024K, 32 young (32768K), 3 survivors (3072K)
 Metaspace       used 75834K, committed 77696K, reserved 1179648K
  class space    used 10387K, committed 11328K, reserved 1048576K
}
Event: 8.896 GC heap after
{Heap after GC invocations=31 (full 0):
 garbage-first heap   total 150528K, used 79754K [0x0000000080000000, 0x0000000100000000)
  region size 1024K, 3 young (3072K), 3 survivors (3072K)
 Metaspace       used 75834K, committed 77696K, reserved 1179648K
  class space    used 10387K, committed 11328K, reserved 1048576K
}
Event: 8.914 GC heap before
{Heap before GC invocations=31 (full 0):
 garbage-first heap   total 150528K, used 83850K [0x0000000080000000, 0x0000000100000000)
  region size 1024K, 7 young (7168K), 3 survivors (3072K)
 Metaspace       used 75867K, committed 77696K, reserved 1179648K
  class space    used 10387K, committed 11328K, reserved 1048576K
}
Event: 8.916 GC heap after
{Heap after GC invocations=32 (full 0):
 garbage-first heap   total 150528K, used 80220K [0x0000000080000000, 0x0000000100000000)
  region size 1024K, 1 young (1024K), 1 survivors (1024K)
 Metaspace       used 75867K, committed 77696K, reserved 1179648K
  class space    used 10387K, committed 11328K, reserved 1048576K
}
Event: 8.962 GC heap before
{Heap before GC invocations=32 (full 0):
 garbage-first heap   total 150528K, used 83292K [0x0000000080000000, 0x0000000100000000)
  region size 1024K, 6 young (6144K), 1 survivors (1024K)
 Metaspace       used 76283K, committed 78080K, reserved 1179648K
  class space    used 10459K, committed 11392K, reserved 1048576K
}
Event: 8.964 GC heap after
{Heap after GC invocations=33 (full 0):
 garbage-first heap   total 205824K, used 80235K [0x0000000080000000, 0x0000000100000000)
  region size 1024K, 1 young (1024K), 1 survivors (1024K)
 Metaspace       used 76283K, committed 78080K, reserved 1179648K
  class space    used 10459K, committed 11392K, reserved 1048576K
}
Event: 9.438 GC heap before
{Heap before GC invocations=33 (full 0):
 garbage-first heap   total 205824K, used 139627K [0x0000000080000000, 0x0000000100000000)
  region size 1024K, 50 young (51200K), 1 survivors (1024K)
 Metaspace       used 77525K, committed 79360K, reserved 1179648K
  class space    used 10586K, committed 11520K, reserved 1048576K
}
Event: 9.448 GC heap after
{Heap after GC invocations=34 (full 0):
 garbage-first heap   total 205824K, used 105794K [0x0000000080000000, 0x0000000100000000)
  region size 1024K, 11 young (11264K), 11 survivors (11264K)
 Metaspace       used 77525K, committed 79360K, reserved 1179648K
  class space    used 10586K, committed 11520K, reserved 1048576K
}
Event: 9.932 GC heap before
{Heap before GC invocations=35 (full 0):
 garbage-first heap   total 205824K, used 161090K [0x0000000080000000, 0x0000000100000000)
  region size 1024K, 58 young (59392K), 11 survivors (11264K)
 Metaspace       used 80815K, committed 82688K, reserved 1179648K
  class space    used 10939K, committed 11904K, reserved 1048576K
}
Event: 9.941 GC heap after
{Heap after GC invocations=36 (full 0):
 garbage-first heap   total 205824K, used 105875K [0x0000000080000000, 0x0000000100000000)
  region size 1024K, 4 young (4096K), 4 survivors (4096K)
 Metaspace       used 80815K, committed 82688K, reserved 1179648K
  class space    used 10939K, committed 11904K, reserved 1048576K
}
Event: 9.959 GC heap before
{Heap before GC invocations=36 (full 0):
 garbage-first heap   total 205824K, used 112019K [0x0000000080000000, 0x0000000100000000)
  region size 1024K, 10 young (10240K), 4 survivors (4096K)
 Metaspace       used 80823K, committed 82688K, reserved 1179648K
  class space    used 10939K, committed 11904K, reserved 1048576K
}
Event: 9.964 GC heap after
{Heap after GC invocations=37 (full 0):
 garbage-first heap   total 205824K, used 106582K [0x0000000080000000, 0x0000000100000000)
  region size 1024K, 1 young (1024K), 1 survivors (1024K)
 Metaspace       used 80823K, committed 82688K, reserved 1179648K
  class space    used 10939K, committed 11904K, reserved 1048576K
}
Event: 10.258 GC heap before
{Heap before GC invocations=37 (full 0):
 garbage-first heap   total 205824K, used 155734K [0x0000000080000000, 0x0000000100000000)
  region size 1024K, 50 young (51200K), 1 survivors (1024K)
 Metaspace       used 81940K, committed 83776K, reserved 1179648K
  class space    used 11067K, committed 12032K, reserved 1048576K
}
Event: 10.261 GC heap after
{Heap after GC invocations=38 (full 0):
 garbage-first heap   total 205824K, used 109342K [0x0000000080000000, 0x0000000100000000)
  region size 1024K, 4 young (4096K), 4 survivors (4096K)
 Metaspace       used 81940K, committed 83776K, reserved 1179648K
  class space    used 11067K, committed 12032K, reserved 1048576K
}
Event: 10.683 GC heap before
{Heap before GC invocations=39 (full 0):
 garbage-first heap   total 205824K, used 147230K [0x0000000080000000, 0x0000000100000000)
  region size 1024K, 54 young (55296K), 4 survivors (4096K)
 Metaspace       used 84900K, committed 86784K, reserved 1179648K
  class space    used 11439K, committed 12416K, reserved 1048576K
}
Event: 10.689 GC heap after
{Heap after GC invocations=40 (full 0):
 garbage-first heap   total 205824K, used 100383K [0x0000000080000000, 0x0000000100000000)
  region size 1024K, 7 young (7168K), 7 survivors (7168K)
 Metaspace       used 84900K, committed 86784K, reserved 1179648K
  class space    used 11439K, committed 12416K, reserved 1048576K
}
Event: 10.720 GC heap before
{Heap before GC invocations=40 (full 0):
 garbage-first heap   total 205824K, used 103455K [0x0000000080000000, 0x0000000100000000)
  region size 1024K, 10 young (10240K), 7 survivors (7168K)
 Metaspace       used 84980K, committed 86784K, reserved 1179648K
  class space    used 11452K, committed 12416K, reserved 1048576K
}

