# JRE version: Java(TM) SE Runtime Environment (18.0.1.1+2) (build 18.0.1.1+2-6)
# Java VM: Java HotSpot(TM) 64-Bit Server VM (18.0.1.1+2-6, mixed mode, sharing, tiered, compressed oops, compressed class ptrs, g1 gc, windows-amd64)
GC Precious Log:
 CardTable entry size: 512
 Card Set container configuration: InlinePtr #cards 5 size 8 Array Of Cards #cards 12 size 40 Howl #buckets 4 coarsen threshold 1843 Howl Bitmap #cards 512 size 80 coarsen threshold 460 Card regions per heap region 1 cards per card region 2048
 CPUs: 8 total, 8 available
 Memory: 7987M
 Large Page Support: Disabled
 NUMA Support: Disabled
 Compressed Oops: Enabled (32-bit)
 Heap Region Size: 1M
 Heap Min Capacity: 8M
 Heap Initial Capacity: 126M
 Heap Max Capacity: 2G
 Pre-touch: Disabled
 Parallel Workers: 8
 Concurrent Workers: 2
 Concurrent Refinement Workers: 8
 Periodic GC: Disabled
Heap:
 garbage-first heap   total 156672K, used 85879K [0x0000000080000000, 0x0000000100000000)
  region size 1024K, 3 young (3072K), 3 survivors (3072K)
 Metaspace       used 63784K, committed 65600K, reserved 1114112K
  class space    used 8672K, committed 9600K, reserved 1048576K
GC Heap History (20 events):
Event: 3.903 GC heap after
{Heap after GC invocations=11 (full 0):
 garbage-first heap   total 122880K, used 64582K [0x0000000080000000, 0x0000000100000000)
  region size 1024K, 2 young (2048K), 2 survivors (2048K)
 Metaspace       used 43945K, committed 45440K, reserved 1114112K
  class space    used 6103K, committed 6848K, reserved 1048576K
}
Event: 3.945 GC heap before
{Heap before GC invocations=12 (full 0):
 garbage-first heap   total 122880K, used 72774K [0x0000000080000000, 0x0000000100000000)
  region size 1024K, 9 young (9216K), 2 survivors (2048K)
 Metaspace       used 43955K, committed 45504K, reserved 1114112K
  class space    used 6103K, committed 6848K, reserved 1048576K
}
Event: 3.947 GC heap after
{Heap after GC invocations=13 (full 0):
 garbage-first heap   total 122880K, used 71139K [0x0000000080000000, 0x0000000100000000)
  region size 1024K, 5 young (5120K), 5 survivors (5120K)
 Metaspace       used 43955K, committed 45504K, reserved 1114112K
  class space    used 6103K, committed 6848K, reserved 1048576K
}
Event: 4.083 GC heap before
{Heap before GC invocations=14 (full 0):
 garbage-first heap   total 130048K, used 91619K [0x0000000080000000, 0x0000000100000000)
  region size 1024K, 23 young (23552K), 5 survivors (5120K)
 Metaspace       used 46122K, committed 47680K, reserved 1114112K
  class space    used 6386K, committed 7168K, reserved 1048576K
}
Event: 4.086 GC heap after
{Heap after GC invocations=15 (full 0):
 garbage-first heap   total 130048K, used 75252K [0x0000000080000000, 0x0000000100000000)
  region size 1024K, 2 young (2048K), 2 survivors (2048K)
 Metaspace       used 46122K, committed 47680K, reserved 1114112K
  class space    used 6386K, committed 7168K, reserved 1048576K
}
Event: 4.123 GC heap before
{Heap before GC invocations=15 (full 0):
 garbage-first heap   total 130048K, used 79348K [0x0000000080000000, 0x0000000100000000)
  region size 1024K, 6 young (6144K), 2 survivors (2048K)
 Metaspace       used 46689K, committed 48256K, reserved 1114112K
  class space    used 6458K, committed 7232K, reserved 1048576K
}
Event: 4.124 GC heap after
{Heap after GC invocations=16 (full 0):
 garbage-first heap   total 156672K, used 74848K [0x0000000080000000, 0x0000000100000000)
  region size 1024K, 1 young (1024K), 1 survivors (1024K)
 Metaspace       used 46689K, committed 48256K, reserved 1114112K
  class space    used 6458K, committed 7232K, reserved 1048576K
}
Event: 4.426 GC heap before
{Heap before GC invocations=16 (full 0):
 garbage-first heap   total 156672K, used 103520K [0x0000000080000000, 0x0000000100000000)
  region size 1024K, 30 young (30720K), 1 survivors (1024K)
 Metaspace       used 51930K, committed 53568K, reserved 1114112K
  class space    used 7049K, committed 7872K, reserved 1048576K
}
Event: 4.428 GC heap after
{Heap after GC invocations=17 (full 0):
 garbage-first heap   total 156672K, used 76094K [0x0000000080000000, 0x0000000100000000)
  region size 1024K, 2 young (2048K), 2 survivors (2048K)
 Metaspace       used 51930K, committed 53568K, reserved 1114112K
  class space    used 7049K, committed 7872K, reserved 1048576K
}
Event: 4.752 GC heap before
{Heap before GC invocations=18 (full 0):
 garbage-first heap   total 156672K, used 107838K [0x0000000080000000, 0x0000000100000000)
  region size 1024K, 34 young (34816K), 2 survivors (2048K)
 Metaspace       used 56800K, committed 58496K, reserved 1114112K
  class space    used 7667K, committed 8512K, reserved 1048576K
}
Event: 4.755 GC heap after
{Heap after GC invocations=19 (full 0):
 garbage-first heap   total 156672K, used 79679K [0x0000000080000000, 0x0000000100000000)
  region size 1024K, 5 young (5120K), 5 survivors (5120K)
 Metaspace       used 56800K, committed 58496K, reserved 1114112K
  class space    used 7667K, committed 8512K, reserved 1048576K
}
Event: 4.766 GC heap before
{Heap before GC invocations=19 (full 0):
 garbage-first heap   total 156672K, used 81727K [0x0000000080000000, 0x0000000100000000)
  region size 1024K, 7 young (7168K), 5 survivors (5120K)
 Metaspace       used 57003K, committed 58688K, reserved 1114112K
  class space    used 7695K, committed 8576K, reserved 1048576K
}
Event: 4.769 GC heap after
{Heap after GC invocations=20 (full 0):
 garbage-first heap   total 156672K, used 79827K [0x0000000080000000, 0x0000000100000000)
  region size 1024K, 1 young (1024K), 1 survivors (1024K)
 Metaspace       used 57003K, committed 58688K, reserved 1114112K
  class space    used 7695K, committed 8576K, reserved 1048576K
}
Event: 4.971 GC heap before
{Heap before GC invocations=20 (full 0):
 garbage-first heap   total 156672K, used 104403K [0x0000000080000000, 0x0000000100000000)
  region size 1024K, 27 young (27648K), 1 survivors (1024K)
 Metaspace       used 59271K, committed 60992K, reserved 1114112K
  class space    used 7954K, committed 8832K, reserved 1048576K
}
Event: 4.973 GC heap after
{Heap after GC invocations=21 (full 0):
 garbage-first heap   total 156672K, used 81292K [0x0000000080000000, 0x0000000100000000)
  region size 1024K, 3 young (3072K), 3 survivors (3072K)
 Metaspace       used 59271K, committed 60992K, reserved 1114112K
  class space    used 7954K, committed 8832K, reserved 1048576K
}
Event: 5.175 GC heap before
{Heap before GC invocations=22 (full 0):
 garbage-first heap   total 156672K, used 116108K [0x0000000080000000, 0x0000000100000000)
  region size 1024K, 36 young (36864K), 3 survivors (3072K)
 Metaspace       used 60189K, committed 61952K, reserved 1114112K
  class space    used 8096K, committed 8960K, reserved 1048576K
}
Event: 5.178 GC heap after
{Heap after GC invocations=23 (full 0):
 garbage-first heap   total 156672K, used 83978K [0x0000000080000000, 0x0000000100000000)
  region size 1024K, 5 young (5120K), 5 survivors (5120K)
 Metaspace       used 60189K, committed 61952K, reserved 1114112K
  class space    used 8096K, committed 8960K, reserved 1048576K
}
Event: 5.186 GC heap before
{Heap before GC invocations=23 (full 0):
 garbage-first heap   total 156672K, used 86026K [0x0000000080000000, 0x0000000100000000)
  region size 1024K, 7 young (7168K), 5 survivors (5120K)
 Metaspace       used 60190K, committed 61952K, reserved 1114112K
  class space    used 8096K, committed 8960K, reserved 1048576K
}
Event: 5.190 GC heap after
{Heap after GC invocations=24 (full 0):
 garbage-first heap   total 156672K, used 83946K [0x0000000080000000, 0x0000000100000000)
  region size 1024K, 1 young (1024K), 1 survivors (1024K)
 Metaspace       used 60190K, committed 61952K, reserved 1114112K
  class space    used 8096K, committed 8960K, reserved 1048576K
}
Event: 5.472 GC heap before
{Heap before GC invocations=24 (full 0):
 garbage-first heap   total 156672K, used 117738K [0x0000000080000000, 0x0000000100000000)
  region size 1024K, 35 young (35840K), 1 survivors (1024K)
 Metaspace       used 63784K, committed 65600K, reserved 1114112K
  class space    used 8672K, committed 9600K, reserved 1048576K
}

