# JRE version: Java(TM) SE Runtime Environment (18.0.1.1+2) (build 18.0.1.1+2-6)
# Java VM: Java HotSpot(TM) 64-Bit Server VM (18.0.1.1+2-6, mixed mode, sharing, tiered, compressed oops, compressed class ptrs, g1 gc, windows-amd64)
GC Precious Log:
 CardTable entry size: 512
 Card Set container configuration: InlinePtr #cards 5 size 8 Array Of Cards #cards 12 size 40 Howl #buckets 4 coarsen threshold 1843 Howl Bitmap #cards 512 size 80 coarsen threshold 460 Card regions per heap region 1 cards per card region 2048
 CPUs: 8 total, 8 available
 Memory: 7987M
 Large Page Support: Disabled
 NUMA Support: Disabled
 Compressed Oops: Enabled (32-bit)
 Heap Region Size: 1M
 Heap Min Capacity: 8M
 Heap Initial Capacity: 126M
 Heap Max Capacity: 2G
 Pre-touch: Disabled
 Parallel Workers: 8
 Concurrent Workers: 2
 Concurrent Refinement Workers: 8
 Periodic GC: Disabled
Heap:
 garbage-first heap   total 310272K, used 87169K [0x0000000080000000, 0x0000000100000000)
  region size 1024K, 6 young (6144K), 3 survivors (3072K)
 Metaspace       used 63609K, committed 65344K, reserved 1114112K
  class space    used 8667K, committed 9536K, reserved 1048576K
GC Heap History (20 events):
Event: 4.259 GC heap before
{Heap before GC invocations=12 (full 0):
 garbage-first heap   total 122880K, used 71843K [0x0000000080000000, 0x0000000100000000)
  region size 1024K, 9 young (9216K), 2 survivors (2048K)
 Metaspace       used 43640K, committed 45184K, reserved 1114112K
  class space    used 6064K, committed 6848K, reserved 1048576K
}
Event: 4.261 GC heap after
{Heap after GC invocations=13 (full 0):
 garbage-first heap   total 122880K, used 71229K [0x0000000080000000, 0x0000000100000000)
  region size 1024K, 5 young (5120K), 5 survivors (5120K)
 Metaspace       used 43640K, committed 45184K, reserved 1114112K
  class space    used 6064K, committed 6848K, reserved 1048576K
}
Event: 4.407 GC heap before
{Heap before GC invocations=14 (full 0):
 garbage-first heap   total 126976K, used 89661K [0x0000000080000000, 0x0000000100000000)
  region size 1024K, 22 young (22528K), 5 survivors (5120K)
 Metaspace       used 45640K, committed 47232K, reserved 1114112K
  class space    used 6320K, committed 7104K, reserved 1048576K
}
Event: 4.409 GC heap after
{Heap after GC invocations=15 (full 0):
 garbage-first heap   total 126976K, used 74981K [0x0000000080000000, 0x0000000100000000)
  region size 1024K, 2 young (2048K), 2 survivors (2048K)
 Metaspace       used 45640K, committed 47232K, reserved 1114112K
  class space    used 6320K, committed 7104K, reserved 1048576K
}
Event: 4.450 GC heap before
{Heap before GC invocations=15 (full 0):
 garbage-first heap   total 126976K, used 79077K [0x0000000080000000, 0x0000000100000000)
  region size 1024K, 6 young (6144K), 2 survivors (2048K)
 Metaspace       used 46203K, committed 47744K, reserved 1114112K
  class space    used 6399K, committed 7168K, reserved 1048576K
}
Event: 4.452 GC heap after
{Heap after GC invocations=16 (full 0):
 garbage-first heap   total 152576K, used 74391K [0x0000000080000000, 0x0000000100000000)
  region size 1024K, 1 young (1024K), 1 survivors (1024K)
 Metaspace       used 46203K, committed 47744K, reserved 1114112K
  class space    used 6399K, committed 7168K, reserved 1048576K
}
Event: 4.755 GC heap before
{Heap before GC invocations=16 (full 0):
 garbage-first heap   total 152576K, used 103063K [0x0000000080000000, 0x0000000100000000)
  region size 1024K, 29 young (29696K), 1 survivors (1024K)
 Metaspace       used 51239K, committed 52864K, reserved 1114112K
  class space    used 6972K, committed 7808K, reserved 1048576K
}
Event: 4.756 GC heap after
{Heap after GC invocations=17 (full 0):
 garbage-first heap   total 152576K, used 75420K [0x0000000080000000, 0x0000000100000000)
  region size 1024K, 2 young (2048K), 2 survivors (2048K)
 Metaspace       used 51239K, committed 52864K, reserved 1114112K
  class space    used 6972K, committed 7808K, reserved 1048576K
}
Event: 5.090 GC heap before
{Heap before GC invocations=18 (full 0):
 garbage-first heap   total 152576K, used 106140K [0x0000000080000000, 0x0000000100000000)
  region size 1024K, 33 young (33792K), 2 survivors (2048K)
 Metaspace       used 56054K, committed 57728K, reserved 1114112K
  class space    used 7585K, committed 8448K, reserved 1048576K
}
Event: 5.092 GC heap after
{Heap after GC invocations=19 (full 0):
 garbage-first heap   total 152576K, used 78912K [0x0000000080000000, 0x0000000100000000)
  region size 1024K, 5 young (5120K), 5 survivors (5120K)
 Metaspace       used 56054K, committed 57728K, reserved 1114112K
  class space    used 7585K, committed 8448K, reserved 1048576K
}
Event: 5.114 GC heap before
{Heap before GC invocations=19 (full 0):
 garbage-first heap   total 152576K, used 80960K [0x0000000080000000, 0x0000000100000000)
  region size 1024K, 7 young (7168K), 5 survivors (5120K)
 Metaspace       used 56348K, committed 58112K, reserved 1114112K
  class space    used 7614K, committed 8512K, reserved 1048576K
}
Event: 5.118 GC heap after
{Heap after GC invocations=20 (full 0):
 garbage-first heap   total 152576K, used 78792K [0x0000000080000000, 0x0000000100000000)
  region size 1024K, 1 young (1024K), 1 survivors (1024K)
 Metaspace       used 56348K, committed 58112K, reserved 1114112K
  class space    used 7614K, committed 8512K, reserved 1048576K
}
Event: 5.350 GC heap before
{Heap before GC invocations=20 (full 0):
 garbage-first heap   total 152576K, used 107464K [0x0000000080000000, 0x0000000100000000)
  region size 1024K, 30 young (30720K), 1 survivors (1024K)
 Metaspace       used 58980K, committed 60608K, reserved 1114112K
  class space    used 7915K, committed 8768K, reserved 1048576K
}
Event: 5.352 GC heap after
{Heap after GC invocations=21 (full 0):
 garbage-first heap   total 152576K, used 80559K [0x0000000080000000, 0x0000000100000000)
  region size 1024K, 3 young (3072K), 3 survivors (3072K)
 Metaspace       used 58980K, committed 60608K, reserved 1114112K
  class space    used 7915K, committed 8768K, reserved 1048576K
}
Event: 5.553 GC heap before
{Heap before GC invocations=22 (full 0):
 garbage-first heap   total 152576K, used 114351K [0x0000000080000000, 0x0000000100000000)
  region size 1024K, 35 young (35840K), 3 survivors (3072K)
 Metaspace       used 59886K, committed 61632K, reserved 1114112K
  class space    used 8056K, committed 8960K, reserved 1048576K
}
Event: 5.557 GC heap after
{Heap after GC invocations=23 (full 0):
 garbage-first heap   total 152576K, used 83202K [0x0000000080000000, 0x0000000100000000)
  region size 1024K, 5 young (5120K), 5 survivors (5120K)
 Metaspace       used 59886K, committed 61632K, reserved 1114112K
  class space    used 8056K, committed 8960K, reserved 1048576K
}
Event: 5.563 GC heap before
{Heap before GC invocations=23 (full 0):
 garbage-first heap   total 152576K, used 85250K [0x0000000080000000, 0x0000000100000000)
  region size 1024K, 7 young (7168K), 5 survivors (5120K)
 Metaspace       used 59886K, committed 61632K, reserved 1114112K
  class space    used 8056K, committed 8960K, reserved 1048576K
}
Event: 5.566 GC heap after
{Heap after GC invocations=24 (full 0):
 garbage-first heap   total 152576K, used 83624K [0x0000000080000000, 0x0000000100000000)
  region size 1024K, 1 young (1024K), 1 survivors (1024K)
 Metaspace       used 59886K, committed 61632K, reserved 1114112K
  class space    used 8056K, committed 8960K, reserved 1048576K
}
Event: 5.837 GC heap before
{Heap before GC invocations=24 (full 0):
 garbage-first heap   total 152576K, used 116392K [0x0000000080000000, 0x0000000100000000)
  region size 1024K, 34 young (34816K), 1 survivors (1024K)
 Metaspace       used 63213K, committed 65024K, reserved 1114112K
  class space    used 8577K, committed 9472K, reserved 1048576K
}
Event: 5.841 GC heap after
{Heap after GC invocations=25 (full 0):
 garbage-first heap   total 310272K, used 85121K [0x0000000080000000, 0x0000000100000000)
  region size 1024K, 3 young (3072K), 3 survivors (3072K)
 Metaspace       used 63213K, committed 65024K, reserved 1114112K
  class space    used 8577K, committed 9472K, reserved 1048576K
}

