# JRE version: Java(TM) SE Runtime Environment (18.0.1.1+2) (build 18.0.1.1+2-6)
# Java VM: Java HotSpot(TM) 64-Bit Server VM (18.0.1.1+2-6, mixed mode, sharing, tiered, compressed oops, compressed class ptrs, g1 gc, windows-amd64)
GC Precious Log:
 CardTable entry size: 512
 Card Set container configuration: InlinePtr #cards 5 size 8 Array Of Cards #cards 12 size 40 Howl #buckets 4 coarsen threshold 1843 Howl Bitmap #cards 512 size 80 coarsen threshold 460 Card regions per heap region 1 cards per card region 2048
 CPUs: 8 total, 8 available
 Memory: 7987M
 Large Page Support: Disabled
 NUMA Support: Disabled
 Compressed Oops: Enabled (32-bit)
 Heap Region Size: 1M
 Heap Min Capacity: 8M
 Heap Initial Capacity: 126M
 Heap Max Capacity: 2G
 Pre-touch: Disabled
 Parallel Workers: 8
 Concurrent Workers: 2
 Concurrent Refinement Workers: 8
 Periodic GC: Disabled
Heap:
 garbage-first heap   total 321536K, used 181261K [0x0000000080000000, 0x0000000100000000)
  region size 1024K, 2 young (2048K), 2 survivors (2048K)
 Metaspace       used 91072K, committed 92928K, reserved 1179648K
  class space    used 12553K, committed 13504K, reserved 1048576K
GC Heap History (20 events):
Event: 8.056 GC heap after
{Heap after GC invocations=27 (full 0):
 garbage-first heap   total 132096K, used 69430K [0x0000000080000000, 0x0000000100000000)
  region size 1024K, 4 young (4096K), 4 survivors (4096K)
 Metaspace       used 71437K, committed 73216K, reserved 1114112K
  class space    used 9761K, committed 10688K, reserved 1048576K
}
Event: 8.665 GC heap before
{Heap before GC invocations=28 (full 0):
 garbage-first heap   total 132096K, used 106294K [0x0000000080000000, 0x0000000100000000)
  region size 1024K, 41 young (41984K), 4 survivors (4096K)
 Metaspace       used 75214K, committed 76992K, reserved 1179648K
  class space    used 10305K, committed 11200K, reserved 1048576K
}
Event: 8.671 GC heap after
{Heap after GC invocations=29 (full 0):
 garbage-first heap   total 132096K, used 74442K [0x0000000080000000, 0x0000000100000000)
  region size 1024K, 5 young (5120K), 5 survivors (5120K)
 Metaspace       used 75214K, committed 76992K, reserved 1179648K
  class space    used 10305K, committed 11200K, reserved 1048576K
}
Event: 8.679 GC heap before
{Heap before GC invocations=29 (full 0):
 garbage-first heap   total 132096K, used 75466K [0x0000000080000000, 0x0000000100000000)
  region size 1024K, 6 young (6144K), 5 survivors (5120K)
 Metaspace       used 75245K, committed 77120K, reserved 1179648K
  class space    used 10312K, committed 11264K, reserved 1048576K
}
Event: 8.683 GC heap after
{Heap after GC invocations=30 (full 0):
 garbage-first heap   total 132096K, used 74976K [0x0000000080000000, 0x0000000100000000)
  region size 1024K, 1 young (1024K), 1 survivors (1024K)
 Metaspace       used 75245K, committed 77120K, reserved 1179648K
  class space    used 10312K, committed 11264K, reserved 1048576K
}
Event: 8.960 GC heap before
{Heap before GC invocations=30 (full 0):
 garbage-first heap   total 132096K, used 106720K [0x0000000080000000, 0x0000000100000000)
  region size 1024K, 33 young (33792K), 1 survivors (1024K)
 Metaspace       used 75549K, committed 77376K, reserved 1179648K
  class space    used 10345K, committed 11264K, reserved 1048576K
}
Event: 8.964 GC heap after
{Heap after GC invocations=31 (full 0):
 garbage-first heap   total 292864K, used 76665K [0x0000000080000000, 0x0000000100000000)
  region size 1024K, 3 young (3072K), 3 survivors (3072K)
 Metaspace       used 75549K, committed 77376K, reserved 1179648K
  class space    used 10345K, committed 11264K, reserved 1048576K
}
Event: 10.895 GC heap before
{Heap before GC invocations=32 (full 0):
 garbage-first heap   total 286720K, used 235385K [0x0000000080000000, 0x0000000100000000)
  region size 1024K, 159 young (162816K), 3 survivors (3072K)
 Metaspace       used 79483K, committed 81216K, reserved 1179648K
  class space    used 10823K, committed 11712K, reserved 1048576K
}
Event: 10.912 GC heap after
{Heap after GC invocations=33 (full 0):
 garbage-first heap   total 286720K, used 87704K [0x0000000080000000, 0x0000000100000000)
  region size 1024K, 14 young (14336K), 14 survivors (14336K)
 Metaspace       used 79483K, committed 81216K, reserved 1179648K
  class space    used 10823K, committed 11712K, reserved 1048576K
}
Event: 10.915 GC heap before
{Heap before GC invocations=33 (full 0):
 garbage-first heap   total 286720K, used 88728K [0x0000000080000000, 0x0000000100000000)
  region size 1024K, 15 young (15360K), 14 survivors (14336K)
 Metaspace       used 79502K, committed 81344K, reserved 1179648K
  class space    used 10824K, committed 11776K, reserved 1048576K
}
Event: 10.930 GC heap after
{Heap after GC invocations=34 (full 0):
 garbage-first heap   total 286720K, used 89110K [0x0000000080000000, 0x0000000100000000)
  region size 1024K, 2 young (2048K), 2 survivors (2048K)
 Metaspace       used 79502K, committed 81344K, reserved 1179648K
  class space    used 10824K, committed 11776K, reserved 1048576K
}
Event: 11.818 GC heap before
{Heap before GC invocations=34 (full 0):
 garbage-first heap   total 286720K, used 240662K [0x0000000080000000, 0x0000000100000000)
  region size 1024K, 132 young (135168K), 2 survivors (2048K)
 Metaspace       used 85309K, committed 87104K, reserved 1179648K
  class space    used 11595K, committed 12544K, reserved 1048576K
}
Event: 11.840 GC heap after
{Heap after GC invocations=35 (full 0):
 garbage-first heap   total 286720K, used 127468K [0x0000000080000000, 0x0000000100000000)
  region size 1024K, 17 young (17408K), 17 survivors (17408K)
 Metaspace       used 85309K, committed 87104K, reserved 1179648K
  class space    used 11595K, committed 12544K, reserved 1048576K
}
Event: 12.661 GC heap before
{Heap before GC invocations=35 (full 0):
 garbage-first heap   total 286720K, used 228844K [0x0000000080000000, 0x0000000100000000)
  region size 1024K, 112 young (114688K), 17 survivors (17408K)
 Metaspace       used 87904K, committed 89728K, reserved 1179648K
  class space    used 12101K, committed 13056K, reserved 1048576K
}
Event: 12.728 GC heap after
{Heap after GC invocations=36 (full 0):
 garbage-first heap   total 286720K, used 166904K [0x0000000080000000, 0x0000000100000000)
  region size 1024K, 14 young (14336K), 14 survivors (14336K)
 Metaspace       used 87904K, committed 89728K, reserved 1179648K
  class space    used 12101K, committed 13056K, reserved 1048576K
}
Event: 13.629 GC heap before
{Heap before GC invocations=36 (full 0):
 garbage-first heap   total 286720K, used 219128K [0x0000000080000000, 0x0000000100000000)
  region size 1024K, 65 young (66560K), 14 survivors (14336K)
 Metaspace       used 90593K, committed 92480K, reserved 1179648K
  class space    used 12485K, committed 13440K, reserved 1048576K
}
Event: 13.684 GC heap after
{Heap after GC invocations=37 (full 0):
 garbage-first heap   total 286720K, used 178688K [0x0000000080000000, 0x0000000100000000)
  region size 1024K, 9 young (9216K), 9 survivors (9216K)
 Metaspace       used 90593K, committed 92480K, reserved 1179648K
  class space    used 12485K, committed 13440K, reserved 1048576K
}
Event: 14.393 GC heap before
{Heap before GC invocations=38 (full 0):
 garbage-first heap   total 321536K, used 221696K [0x0000000080000000, 0x0000000100000000)
  region size 1024K, 55 young (56320K), 9 survivors (9216K)
 Metaspace       used 91062K, committed 92928K, reserved 1179648K
  class space    used 12553K, committed 13504K, reserved 1048576K
}
Event: 14.412 GC heap after
{Heap after GC invocations=39 (full 0):
 garbage-first heap   total 321536K, used 181277K [0x0000000080000000, 0x0000000100000000)
  region size 1024K, 5 young (5120K), 5 survivors (5120K)
 Metaspace       used 91062K, committed 92928K, reserved 1179648K
  class space    used 12553K, committed 13504K, reserved 1048576K
}
Event: 14.580 GC heap before
{Heap before GC invocations=39 (full 0):
 garbage-first heap   total 321536K, used 193565K [0x0000000080000000, 0x0000000100000000)
  region size 1024K, 15 young (15360K), 5 survivors (5120K)
 Metaspace       used 91072K, committed 92928K, reserved 1179648K
  class space    used 12553K, committed 13504K, reserved 1048576K
}

