# JRE version: Java(TM) SE Runtime Environment (18.0.1.1+2) (build 18.0.1.1+2-6)
# Java VM: Java HotSpot(TM) 64-Bit Server VM (18.0.1.1+2-6, mixed mode, sharing, tiered, compressed oops, compressed class ptrs, g1 gc, windows-amd64)
GC Precious Log:
 CardTable entry size: 512
 Card Set container configuration: InlinePtr #cards 5 size 8 Array Of Cards #cards 12 size 40 Howl #buckets 4 coarsen threshold 1843 Howl Bitmap #cards 512 size 80 coarsen threshold 460 Card regions per heap region 1 cards per card region 2048
 CPUs: 8 total, 8 available
 Memory: 7987M
 Large Page Support: Disabled
 NUMA Support: Disabled
 Compressed Oops: Enabled (32-bit)
 Heap Region Size: 1M
 Heap Min Capacity: 8M
 Heap Initial Capacity: 126M
 Heap Max Capacity: 2G
 Pre-touch: Disabled
 Parallel Workers: 8
 Concurrent Workers: 2
 Concurrent Refinement Workers: 8
 Periodic GC: Disabled
Heap:
 garbage-first heap   total 152576K, used 91620K [0x0000000080000000, 0x0000000100000000)
  region size 1024K, 8 young (8192K), 1 survivors (1024K)
 Metaspace       used 60255K, committed 62080K, reserved 1114112K
  class space    used 8105K, committed 9024K, reserved 1048576K
GC Heap History (20 events):
Event: 2.649 GC heap before
{Heap before GC invocations=3 (full 0):
 garbage-first heap   total 129024K, used 44624K [0x0000000080000000, 0x0000000100000000)
  region size 1024K, 24 young (24576K), 10 survivors (10240K)
 Metaspace       used 20746K, committed 21504K, reserved 1114112K
  class space    used 3051K, committed 3456K, reserved 1048576K
}
Event: 2.655 GC heap after
{Heap after GC invocations=4 (full 0):
 garbage-first heap   total 129024K, used 35444K [0x0000000080000000, 0x0000000100000000)
  region size 1024K, 5 young (5120K), 5 survivors (5120K)
 Metaspace       used 20746K, committed 21504K, reserved 1114112K
  class space    used 3051K, committed 3456K, reserved 1048576K
}
Event: 3.452 GC heap before
{Heap before GC invocations=5 (full 0):
 garbage-first heap   total 126976K, used 89716K [0x0000000080000000, 0x0000000100000000)
  region size 1024K, 58 young (59392K), 5 survivors (5120K)
 Metaspace       used 30161K, committed 31296K, reserved 1114112K
  class space    used 4350K, committed 4928K, reserved 1048576K
}
Event: 3.456 GC heap after
{Heap after GC invocations=6 (full 0):
 garbage-first heap   total 126976K, used 39527K [0x0000000080000000, 0x0000000100000000)
  region size 1024K, 8 young (8192K), 8 survivors (8192K)
 Metaspace       used 30161K, committed 31296K, reserved 1114112K
  class space    used 4350K, committed 4928K, reserved 1048576K
}
Event: 3.947 GC heap before
{Heap before GC invocations=6 (full 0):
 garbage-first heap   total 126976K, used 84583K [0x0000000080000000, 0x0000000100000000)
  region size 1024K, 51 young (52224K), 8 survivors (8192K)
 Metaspace       used 34747K, committed 35968K, reserved 1114112K
  class space    used 4839K, committed 5504K, reserved 1048576K
}
Event: 3.953 GC heap after
{Heap after GC invocations=7 (full 0):
 garbage-first heap   total 126976K, used 44626K [0x0000000080000000, 0x0000000100000000)
  region size 1024K, 8 young (8192K), 8 survivors (8192K)
 Metaspace       used 34747K, committed 35968K, reserved 1114112K
  class space    used 4839K, committed 5504K, reserved 1048576K
}
Event: 4.535 GC heap before
{Heap before GC invocations=8 (full 0):
 garbage-first heap   total 126976K, used 97874K [0x0000000080000000, 0x0000000100000000)
  region size 1024K, 56 young (57344K), 8 survivors (8192K)
 Metaspace       used 39019K, committed 40448K, reserved 1114112K
  class space    used 5369K, committed 6080K, reserved 1048576K
}
Event: 4.542 GC heap after
{Heap after GC invocations=9 (full 0):
 garbage-first heap   total 126976K, used 53741K [0x0000000080000000, 0x0000000100000000)
  region size 1024K, 7 young (7168K), 7 survivors (7168K)
 Metaspace       used 39019K, committed 40448K, reserved 1114112K
  class space    used 5369K, committed 6080K, reserved 1048576K
}
Event: 5.178 GC heap before
{Heap before GC invocations=9 (full 0):
 garbage-first heap   total 126976K, used 99821K [0x0000000080000000, 0x0000000100000000)
  region size 1024K, 48 young (49152K), 7 survivors (7168K)
 Metaspace       used 43248K, committed 44736K, reserved 1114112K
  class space    used 6027K, committed 6784K, reserved 1048576K
}
Event: 5.185 GC heap after
{Heap after GC invocations=10 (full 0):
 garbage-first heap   total 152576K, used 63326K [0x0000000080000000, 0x0000000100000000)
  region size 1024K, 6 young (6144K), 6 survivors (6144K)
 Metaspace       used 43248K, committed 44736K, reserved 1114112K
  class space    used 6027K, committed 6784K, reserved 1048576K
}
Event: 5.757 GC heap before
{Heap before GC invocations=10 (full 0):
 garbage-first heap   total 152576K, used 118622K [0x0000000080000000, 0x0000000100000000)
  region size 1024K, 57 young (58368K), 6 survivors (6144K)
 Metaspace       used 46530K, committed 48128K, reserved 1114112K
  class space    used 6438K, committed 7232K, reserved 1048576K
}
Event: 5.762 GC heap after
{Heap after GC invocations=11 (full 0):
 garbage-first heap   total 152576K, used 75025K [0x0000000080000000, 0x0000000100000000)
  region size 1024K, 8 young (8192K), 8 survivors (8192K)
 Metaspace       used 46530K, committed 48128K, reserved 1114112K
  class space    used 6438K, committed 7232K, reserved 1048576K
}
Event: 6.343 GC heap before
{Heap before GC invocations=11 (full 0):
 garbage-first heap   total 152576K, used 117009K [0x0000000080000000, 0x0000000100000000)
  region size 1024K, 49 young (50176K), 8 survivors (8192K)
 Metaspace       used 53822K, committed 55488K, reserved 1114112K
  class space    used 7309K, committed 8192K, reserved 1048576K
}
Event: 6.346 GC heap after
{Heap after GC invocations=12 (full 0):
 garbage-first heap   total 152576K, used 76954K [0x0000000080000000, 0x0000000100000000)
  region size 1024K, 3 young (3072K), 3 survivors (3072K)
 Metaspace       used 53822K, committed 55488K, reserved 1114112K
  class space    used 7309K, committed 8192K, reserved 1048576K
}
Event: 6.822 GC heap before
{Heap before GC invocations=12 (full 0):
 garbage-first heap   total 152576K, used 118938K [0x0000000080000000, 0x0000000100000000)
  region size 1024K, 45 young (46080K), 3 survivors (3072K)
 Metaspace       used 58633K, committed 60352K, reserved 1114112K
  class space    used 7893K, committed 8768K, reserved 1048576K
}
Event: 6.826 GC heap after
{Heap after GC invocations=13 (full 0):
 garbage-first heap   total 152576K, used 81322K [0x0000000080000000, 0x0000000100000000)
  region size 1024K, 6 young (6144K), 6 survivors (6144K)
 Metaspace       used 58633K, committed 60352K, reserved 1114112K
  class space    used 7893K, committed 8768K, reserved 1048576K
}
Event: 7.151 GC heap before
{Heap before GC invocations=14 (full 0):
 garbage-first heap   total 152576K, used 121258K [0x0000000080000000, 0x0000000100000000)
  region size 1024K, 44 young (45056K), 6 survivors (6144K)
 Metaspace       used 60186K, committed 61952K, reserved 1114112K
  class space    used 8098K, committed 9024K, reserved 1048576K
}
Event: 7.157 GC heap after
{Heap after GC invocations=15 (full 0):
 garbage-first heap   total 152576K, used 85207K [0x0000000080000000, 0x0000000100000000)
  region size 1024K, 4 young (4096K), 4 survivors (4096K)
 Metaspace       used 60186K, committed 61952K, reserved 1114112K
  class space    used 8098K, committed 9024K, reserved 1048576K
}
Event: 7.172 GC heap before
{Heap before GC invocations=15 (full 0):
 garbage-first heap   total 152576K, used 88279K [0x0000000080000000, 0x0000000100000000)
  region size 1024K, 7 young (7168K), 4 survivors (4096K)
 Metaspace       used 60188K, committed 61952K, reserved 1114112K
  class space    used 8098K, committed 9024K, reserved 1048576K
}
Event: 7.176 GC heap after
{Heap after GC invocations=16 (full 0):
 garbage-first heap   total 152576K, used 85476K [0x0000000080000000, 0x0000000100000000)
  region size 1024K, 1 young (1024K), 1 survivors (1024K)
 Metaspace       used 60188K, committed 61952K, reserved 1114112K
  class space    used 8098K, committed 9024K, reserved 1048576K
}

