# JRE version: Java(TM) SE Runtime Environment (18.0.1.1+2) (build 18.0.1.1+2-6)
# Java VM: Java HotSpot(TM) 64-Bit Server VM (18.0.1.1+2-6, mixed mode, sharing, tiered, compressed oops, compressed class ptrs, g1 gc, windows-amd64)
GC Precious Log:
 CardTable entry size: 512
 Card Set container configuration: InlinePtr #cards 5 size 8 Array Of Cards #cards 12 size 40 Howl #buckets 4 coarsen threshold 1843 Howl Bitmap #cards 512 size 80 coarsen threshold 460 Card regions per heap region 1 cards per card region 2048
 CPUs: 8 total, 8 available
 Memory: 7987M
 Large Page Support: Disabled
 NUMA Support: Disabled
 Compressed Oops: Enabled (32-bit)
 Heap Region Size: 1M
 Heap Min Capacity: 8M
 Heap Initial Capacity: 126M
 Heap Max Capacity: 2G
 Pre-touch: Disabled
 Parallel Workers: 8
 Concurrent Workers: 2
 Concurrent Refinement Workers: 8
 Periodic GC: Disabled
Heap:
 garbage-first heap   total 129024K, used 34003K [0x0000000080000000, 0x0000000100000000)
  region size 1024K, 4 young (4096K), 4 survivors (4096K)
 Metaspace       used 40624K, committed 41984K, reserved 1114112K
  class space    used 5630K, committed 6336K, reserved 1048576K
GC Heap History (19 events):
Event: 0.592 GC heap before
{Heap before GC invocations=0 (full 0):
 garbage-first heap   total 129024K, used 28672K [0x0000000080000000, 0x0000000100000000)
  region size 1024K, 23 young (23552K), 0 survivors (0K)
 Metaspace       used 3752K, committed 3904K, reserved 1114112K
  class space    used 468K, committed 576K, reserved 1048576K
}
Event: 0.597 GC heap after
{Heap after GC invocations=1 (full 0):
 garbage-first heap   total 129024K, used 8910K [0x0000000080000000, 0x0000000100000000)
  region size 1024K, 3 young (3072K), 3 survivors (3072K)
 Metaspace       used 3752K, committed 3904K, reserved 1114112K
  class space    used 468K, committed 576K, reserved 1048576K
}
Event: 1.037 GC heap before
{Heap before GC invocations=1 (full 0):
 garbage-first heap   total 129024K, used 38606K [0x0000000080000000, 0x0000000100000000)
  region size 1024K, 32 young (32768K), 3 survivors (3072K)
 Metaspace       used 4813K, committed 4992K, reserved 1114112K
  class space    used 633K, committed 704K, reserved 1048576K
}
Event: 1.043 GC heap after
{Heap after GC invocations=2 (full 0):
 garbage-first heap   total 129024K, used 14239K [0x0000000080000000, 0x0000000100000000)
  region size 1024K, 4 young (4096K), 4 survivors (4096K)
 Metaspace       used 4813K, committed 4992K, reserved 1114112K
  class space    used 633K, committed 704K, reserved 1048576K
}
Event: 2.261 GC heap before
{Heap before GC invocations=2 (full 0):
 garbage-first heap   total 129024K, used 86943K [0x0000000080000000, 0x0000000100000000)
  region size 1024K, 75 young (76800K), 4 survivors (4096K)
 Metaspace       used 18854K, committed 19520K, reserved 1114112K
  class space    used 2742K, committed 3072K, reserved 1048576K
}
Event: 2.274 GC heap after
{Heap after GC invocations=3 (full 0):
 garbage-first heap   total 129024K, used 20092K [0x0000000080000000, 0x0000000100000000)
  region size 1024K, 10 young (10240K), 10 survivors (10240K)
 Metaspace       used 18854K, committed 19520K, reserved 1114112K
  class space    used 2742K, committed 3072K, reserved 1048576K
}
Event: 2.488 GC heap before
{Heap before GC invocations=3 (full 0):
 garbage-first heap   total 129024K, used 34428K [0x0000000080000000, 0x0000000100000000)
  region size 1024K, 25 young (25600K), 10 survivors (10240K)
 Metaspace       used 20700K, committed 21504K, reserved 1114112K
  class space    used 3056K, committed 3456K, reserved 1048576K
}
Event: 2.495 GC heap after
{Heap after GC invocations=4 (full 0):
 garbage-first heap   total 129024K, used 20661K [0x0000000080000000, 0x0000000100000000)
  region size 1024K, 2 young (2048K), 2 survivors (2048K)
 Metaspace       used 20700K, committed 21504K, reserved 1114112K
  class space    used 3056K, committed 3456K, reserved 1048576K
}
Event: 3.134 GC heap before
{Heap before GC invocations=5 (full 0):
 garbage-first heap   total 78848K, used 64693K [0x0000000080000000, 0x0000000100000000)
  region size 1024K, 46 young (47104K), 2 survivors (2048K)
 Metaspace       used 29412K, committed 30400K, reserved 1114112K
  class space    used 4149K, committed 4672K, reserved 1048576K
}
Event: 3.140 GC heap after
{Heap after GC invocations=6 (full 0):
 garbage-first heap   total 78848K, used 25101K [0x0000000080000000, 0x0000000100000000)
  region size 1024K, 6 young (6144K), 6 survivors (6144K)
 Metaspace       used 29412K, committed 30400K, reserved 1114112K
  class space    used 4149K, committed 4672K, reserved 1048576K
}
Event: 3.146 GC heap before
{Heap before GC invocations=6 (full 0):
 garbage-first heap   total 78848K, used 26125K [0x0000000080000000, 0x0000000100000000)
  region size 1024K, 7 young (7168K), 6 survivors (6144K)
 Metaspace       used 29423K, committed 30400K, reserved 1114112K
  class space    used 4149K, committed 4672K, reserved 1048576K
}
Event: 3.153 GC heap after
{Heap after GC invocations=7 (full 0):
 garbage-first heap   total 78848K, used 24536K [0x0000000080000000, 0x0000000100000000)
  region size 1024K, 1 young (1024K), 1 survivors (1024K)
 Metaspace       used 29423K, committed 30400K, reserved 1114112K
  class space    used 4149K, committed 4672K, reserved 1048576K
}
Event: 3.481 GC heap before
{Heap before GC invocations=7 (full 0):
 garbage-first heap   total 78848K, used 59352K [0x0000000080000000, 0x0000000100000000)
  region size 1024K, 33 young (33792K), 1 survivors (1024K)
 Metaspace       used 31735K, committed 32768K, reserved 1114112K
  class space    used 4411K, committed 4928K, reserved 1048576K
}
Event: 3.486 GC heap after
{Heap after GC invocations=8 (full 0):
 garbage-first heap   total 78848K, used 28297K [0x0000000080000000, 0x0000000100000000)
  region size 1024K, 4 young (4096K), 4 survivors (4096K)
 Metaspace       used 31735K, committed 32768K, reserved 1114112K
  class space    used 4411K, committed 4928K, reserved 1048576K
}
Event: 3.814 GC heap before
{Heap before GC invocations=8 (full 0):
 garbage-first heap   total 78848K, used 50825K [0x0000000080000000, 0x0000000100000000)
  region size 1024K, 27 young (27648K), 4 survivors (4096K)
 Metaspace       used 34938K, committed 36096K, reserved 1114112K
  class space    used 4883K, committed 5504K, reserved 1048576K
}
Event: 3.819 GC heap after
{Heap after GC invocations=9 (full 0):
 garbage-first heap   total 78848K, used 30436K [0x0000000080000000, 0x0000000100000000)
  region size 1024K, 3 young (3072K), 3 survivors (3072K)
 Metaspace       used 34938K, committed 36096K, reserved 1114112K
  class space    used 4883K, committed 5504K, reserved 1048576K
}
Event: 4.244 GC heap before
{Heap before GC invocations=10 (full 0):
 garbage-first heap   total 78848K, used 59108K [0x0000000080000000, 0x0000000100000000)
  region size 1024K, 31 young (31744K), 3 survivors (3072K)
 Metaspace       used 38880K, committed 40256K, reserved 1114112K
  class space    used 5413K, committed 6144K, reserved 1048576K
}
Event: 4.248 GC heap after
{Heap after GC invocations=11 (full 0):
 garbage-first heap   total 78848K, used 31869K [0x0000000080000000, 0x0000000100000000)
  region size 1024K, 4 young (4096K), 4 survivors (4096K)
 Metaspace       used 38880K, committed 40256K, reserved 1114112K
  class space    used 5413K, committed 6144K, reserved 1048576K
}
Event: 4.673 GC heap before
{Heap before GC invocations=11 (full 0):
 garbage-first heap   total 78848K, used 60541K [0x0000000080000000, 0x0000000100000000)
  region size 1024K, 32 young (32768K), 4 survivors (4096K)
 Metaspace       used 40624K, committed 41984K, reserved 1114112K
  class space    used 5630K, committed 6336K, reserved 1048576K
}

