# JRE version: Java(TM) SE Runtime Environment (18.0.1.1+2) (build 18.0.1.1+2-6)
# Java VM: Java HotSpot(TM) 64-Bit Server VM (18.0.1.1+2-6, mixed mode, sharing, tiered, compressed oops, compressed class ptrs, g1 gc, windows-amd64)
GC Precious Log:
 CardTable entry size: 512
 Card Set container configuration: InlinePtr #cards 5 size 8 Array Of Cards #cards 12 size 40 Howl #buckets 4 coarsen threshold 1843 Howl Bitmap #cards 512 size 80 coarsen threshold 460 Card regions per heap region 1 cards per card region 2048
 CPUs: 8 total, 8 available
 Memory: 7987M
 Large Page Support: Disabled
 NUMA Support: Disabled
 Compressed Oops: Enabled (32-bit)
 Heap Region Size: 1M
 Heap Min Capacity: 8M
 Heap Initial Capacity: 126M
 Heap Max Capacity: 2G
 Pre-touch: Disabled
 Parallel Workers: 8
 Concurrent Workers: 2
 Concurrent Refinement Workers: 8
 Periodic GC: Disabled
Heap:
 garbage-first heap   total 175104K, used 90714K [0x0000000080000000, 0x0000000100000000)
  region size 1024K, 8 young (8192K), 8 survivors (8192K)
 Metaspace       used 80789K, committed 82688K, reserved 1179648K
  class space    used 10999K, committed 11968K, reserved 1048576K
GC Heap History (20 events):
Event: 3.884 GC heap after
{Heap after GC invocations=11 (full 0):
 garbage-first heap   total 81920K, used 32601K [0x0000000080000000, 0x0000000100000000)
  region size 1024K, 4 young (4096K), 4 survivors (4096K)
 Metaspace       used 39075K, committed 40448K, reserved 1114112K
  class space    used 5444K, committed 6144K, reserved 1048576K
}
Event: 3.890 GC heap before
{Heap before GC invocations=11 (full 0):
 garbage-first heap   total 81920K, used 33625K [0x0000000080000000, 0x0000000100000000)
  region size 1024K, 5 young (5120K), 4 survivors (4096K)
 Metaspace       used 39126K, committed 40448K, reserved 1114112K
  class space    used 5452K, committed 6144K, reserved 1048576K
}
Event: 3.894 GC heap after
{Heap after GC invocations=12 (full 0):
 garbage-first heap   total 175104K, used 32806K [0x0000000080000000, 0x0000000100000000)
  region size 1024K, 1 young (1024K), 1 survivors (1024K)
 Metaspace       used 39126K, committed 40448K, reserved 1114112K
  class space    used 5452K, committed 6144K, reserved 1048576K
}
Event: 4.836 GC heap before
{Heap before GC invocations=12 (full 0):
 garbage-first heap   total 175104K, used 128038K [0x0000000080000000, 0x0000000100000000)
  region size 1024K, 91 young (93184K), 1 survivors (1024K)
 Metaspace       used 45426K, committed 46912K, reserved 1114112K
  class space    used 6237K, committed 6976K, reserved 1048576K
}
Event: 4.841 GC heap after
{Heap after GC invocations=13 (full 0):
 garbage-first heap   total 175104K, used 46844K [0x0000000080000000, 0x0000000100000000)
  region size 1024K, 11 young (11264K), 11 survivors (11264K)
 Metaspace       used 45426K, committed 46912K, reserved 1114112K
  class space    used 6237K, committed 6976K, reserved 1048576K
}
Event: 5.830 GC heap before
{Heap before GC invocations=13 (full 0):
 garbage-first heap   total 175104K, used 125692K [0x0000000080000000, 0x0000000100000000)
  region size 1024K, 89 young (91136K), 11 survivors (11264K)
 Metaspace       used 56904K, committed 58496K, reserved 1114112K
  class space    used 7612K, committed 8448K, reserved 1048576K
}
Event: 5.836 GC heap after
{Heap after GC invocations=14 (full 0):
 garbage-first heap   total 175104K, used 53512K [0x0000000080000000, 0x0000000100000000)
  region size 1024K, 7 young (7168K), 7 survivors (7168K)
 Metaspace       used 56904K, committed 58496K, reserved 1114112K
  class space    used 7612K, committed 8448K, reserved 1048576K
}
Event: 6.250 GC heap before
{Heap before GC invocations=14 (full 0):
 garbage-first heap   total 175104K, used 104712K [0x0000000080000000, 0x0000000100000000)
  region size 1024K, 57 young (58368K), 7 survivors (7168K)
 Metaspace       used 58952K, committed 60608K, reserved 1114112K
  class space    used 7871K, committed 8768K, reserved 1048576K
}
Event: 6.257 GC heap after
{Heap after GC invocations=15 (full 0):
 garbage-first heap   total 175104K, used 58059K [0x0000000080000000, 0x0000000100000000)
  region size 1024K, 5 young (5120K), 5 survivors (5120K)
 Metaspace       used 58952K, committed 60608K, reserved 1114112K
  class space    used 7871K, committed 8768K, reserved 1048576K
}
Event: 7.011 GC heap before
{Heap before GC invocations=16 (full 0):
 garbage-first heap   total 175104K, used 132811K [0x0000000080000000, 0x0000000100000000)
  region size 1024K, 78 young (79872K), 5 survivors (5120K)
 Metaspace       used 65276K, committed 67008K, reserved 1114112K
  class space    used 8948K, committed 9856K, reserved 1048576K
}
Event: 7.018 GC heap after
{Heap after GC invocations=17 (full 0):
 garbage-first heap   total 175104K, used 64046K [0x0000000080000000, 0x0000000100000000)
  region size 1024K, 10 young (10240K), 10 survivors (10240K)
 Metaspace       used 65276K, committed 67008K, reserved 1114112K
  class space    used 8948K, committed 9856K, reserved 1048576K
}
Event: 7.864 GC heap before
{Heap before GC invocations=17 (full 0):
 garbage-first heap   total 175104K, used 135726K [0x0000000080000000, 0x0000000100000000)
  region size 1024K, 80 young (81920K), 10 survivors (10240K)
 Metaspace       used 72329K, committed 74112K, reserved 1114112K
  class space    used 9889K, committed 10816K, reserved 1048576K
}
Event: 7.874 GC heap after
{Heap after GC invocations=18 (full 0):
 garbage-first heap   total 175104K, used 72383K [0x0000000080000000, 0x0000000100000000)
  region size 1024K, 9 young (9216K), 9 survivors (9216K)
 Metaspace       used 72329K, committed 74112K, reserved 1114112K
  class space    used 9889K, committed 10816K, reserved 1048576K
}
Event: 8.429 GC heap before
{Heap before GC invocations=18 (full 0):
 garbage-first heap   total 175104K, used 133823K [0x0000000080000000, 0x0000000100000000)
  region size 1024K, 70 young (71680K), 9 survivors (9216K)
 Metaspace       used 75675K, committed 77504K, reserved 1179648K
  class space    used 10389K, committed 11328K, reserved 1048576K
}
Event: 8.437 GC heap after
{Heap after GC invocations=19 (full 0):
 garbage-first heap   total 175104K, used 77530K [0x0000000080000000, 0x0000000100000000)
  region size 1024K, 5 young (5120K), 5 survivors (5120K)
 Metaspace       used 75675K, committed 77504K, reserved 1179648K
  class space    used 10389K, committed 11328K, reserved 1048576K
}
Event: 8.802 GC heap before
{Heap before GC invocations=19 (full 0):
 garbage-first heap   total 175104K, used 136922K [0x0000000080000000, 0x0000000100000000)
  region size 1024K, 64 young (65536K), 5 survivors (5120K)
 Metaspace       used 76303K, committed 78208K, reserved 1179648K
  class space    used 10436K, committed 11392K, reserved 1048576K
}
Event: 8.808 GC heap after
{Heap after GC invocations=20 (full 0):
 garbage-first heap   total 175104K, used 82479K [0x0000000080000000, 0x0000000100000000)
  region size 1024K, 5 young (5120K), 5 survivors (5120K)
 Metaspace       used 76303K, committed 78208K, reserved 1179648K
  class space    used 10436K, committed 11392K, reserved 1048576K
}
Event: 9.176 GC heap before
{Heap before GC invocations=20 (full 0):
 garbage-first heap   total 175104K, used 138799K [0x0000000080000000, 0x0000000100000000)
  region size 1024K, 61 young (62464K), 5 survivors (5120K)
 Metaspace       used 78042K, committed 79872K, reserved 1179648K
  class space    used 10660K, committed 11584K, reserved 1048576K
}
Event: 9.183 GC heap after
{Heap after GC invocations=21 (full 0):
 garbage-first heap   total 175104K, used 86311K [0x0000000080000000, 0x0000000100000000)
  region size 1024K, 4 young (4096K), 4 survivors (4096K)
 Metaspace       used 78042K, committed 79872K, reserved 1179648K
  class space    used 10660K, committed 11584K, reserved 1048576K
}
Event: 9.583 GC heap before
{Heap before GC invocations=21 (full 0):
 garbage-first heap   total 175104K, used 140583K [0x0000000080000000, 0x0000000100000000)
  region size 1024K, 58 young (59392K), 4 survivors (4096K)
 Metaspace       used 80789K, committed 82688K, reserved 1179648K
  class space    used 10999K, committed 11968K, reserved 1048576K
}

