# JRE version: Java(TM) SE Runtime Environment (18.0.1.1+2) (build 18.0.1.1+2-6)
# Java VM: Java HotSpot(TM) 64-Bit Server VM (18.0.1.1+2-6, mixed mode, sharing, tiered, compressed oops, compressed class ptrs, g1 gc, windows-amd64)
GC Precious Log:
 CardTable entry size: 512
 Card Set container configuration: InlinePtr #cards 5 size 8 Array Of Cards #cards 12 size 40 Howl #buckets 4 coarsen threshold 1843 Howl Bitmap #cards 512 size 80 coarsen threshold 460 Card regions per heap region 1 cards per card region 2048
 CPUs: 8 total, 8 available
 Memory: 7987M
 Large Page Support: Disabled
 NUMA Support: Disabled
 Compressed Oops: Enabled (32-bit)
 Heap Region Size: 1M
 Heap Min Capacity: 8M
 Heap Initial Capacity: 126M
 Heap Max Capacity: 2G
 Pre-touch: Disabled
 Parallel Workers: 8
 Concurrent Workers: 2
 Concurrent Refinement Workers: 8
 Periodic GC: Disabled
Heap:
 garbage-first heap   total 148480K, used 100944K [0x0000000080000000, 0x0000000100000000)
  region size 1024K, 28 young (28672K), 4 survivors (4096K)
 Metaspace       used 75767K, committed 77568K, reserved 1179648K
  class space    used 10363K, committed 11264K, reserved 1048576K
GC Heap History (20 events):
Event: 5.974 GC heap before
{Heap before GC invocations=13 (full 0):
 garbage-first heap   total 109568K, used 84116K [0x0000000080000000, 0x0000000100000000)
  region size 1024K, 37 young (37888K), 2 survivors (2048K)
 Metaspace       used 56063K, committed 57664K, reserved 1114112K
  class space    used 7487K, committed 8320K, reserved 1048576K
}
Event: 5.978 GC heap after
{Heap after GC invocations=14 (full 0):
 garbage-first heap   total 109568K, used 52972K [0x0000000080000000, 0x0000000100000000)
  region size 1024K, 5 young (5120K), 5 survivors (5120K)
 Metaspace       used 56063K, committed 57664K, reserved 1114112K
  class space    used 7487K, committed 8320K, reserved 1048576K
}
Event: 6.119 GC heap before
{Heap before GC invocations=14 (full 0):
 garbage-first heap   total 109568K, used 66284K [0x0000000080000000, 0x0000000100000000)
  region size 1024K, 19 young (19456K), 5 survivors (5120K)
 Metaspace       used 57255K, committed 58816K, reserved 1114112K
  class space    used 7613K, committed 8448K, reserved 1048576K
}
Event: 6.123 GC heap after
{Heap after GC invocations=15 (full 0):
 garbage-first heap   total 109568K, used 54784K [0x0000000080000000, 0x0000000100000000)
  region size 1024K, 2 young (2048K), 2 survivors (2048K)
 Metaspace       used 57255K, committed 58816K, reserved 1114112K
  class space    used 7613K, committed 8448K, reserved 1048576K
}
Event: 6.370 GC heap before
{Heap before GC invocations=16 (full 0):
 garbage-first heap   total 109568K, used 88576K [0x0000000080000000, 0x0000000100000000)
  region size 1024K, 34 young (34816K), 2 survivors (2048K)
 Metaspace       used 58109K, committed 59776K, reserved 1114112K
  class space    used 7759K, committed 8640K, reserved 1048576K
}
Event: 6.374 GC heap after
{Heap after GC invocations=17 (full 0):
 garbage-first heap   total 109568K, used 57100K [0x0000000080000000, 0x0000000100000000)
  region size 1024K, 4 young (4096K), 4 survivors (4096K)
 Metaspace       used 58109K, committed 59776K, reserved 1114112K
  class space    used 7759K, committed 8640K, reserved 1048576K
}
Event: 6.631 GC heap before
{Heap before GC invocations=17 (full 0):
 garbage-first heap   total 109568K, used 87820K [0x0000000080000000, 0x0000000100000000)
  region size 1024K, 34 young (34816K), 4 survivors (4096K)
 Metaspace       used 60752K, committed 62400K, reserved 1114112K
  class space    used 8158K, committed 9024K, reserved 1048576K
}
Event: 6.635 GC heap after
{Heap after GC invocations=18 (full 0):
 garbage-first heap   total 109568K, used 59344K [0x0000000080000000, 0x0000000100000000)
  region size 1024K, 3 young (3072K), 3 survivors (3072K)
 Metaspace       used 60752K, committed 62400K, reserved 1114112K
  class space    used 8158K, committed 9024K, reserved 1048576K
}
Event: 6.975 GC heap before
{Heap before GC invocations=19 (full 0):
 garbage-first heap   total 109568K, used 88016K [0x0000000080000000, 0x0000000100000000)
  region size 1024K, 31 young (31744K), 3 survivors (3072K)
 Metaspace       used 63951K, committed 65664K, reserved 1114112K
  class space    used 8706K, committed 9600K, reserved 1048576K
}
Event: 6.979 GC heap after
{Heap after GC invocations=20 (full 0):
 garbage-first heap   total 109568K, used 61297K [0x0000000080000000, 0x0000000100000000)
  region size 1024K, 4 young (4096K), 4 survivors (4096K)
 Metaspace       used 63951K, committed 65664K, reserved 1114112K
  class space    used 8706K, committed 9600K, reserved 1048576K
}
Event: 7.192 GC heap before
{Heap before GC invocations=20 (full 0):
 garbage-first heap   total 109568K, used 89969K [0x0000000080000000, 0x0000000100000000)
  region size 1024K, 32 young (32768K), 4 survivors (4096K)
 Metaspace       used 65153K, committed 66880K, reserved 1114112K
  class space    used 8898K, committed 9792K, reserved 1048576K
}
Event: 7.198 GC heap after
{Heap after GC invocations=21 (full 0):
 garbage-first heap   total 109568K, used 64295K [0x0000000080000000, 0x0000000100000000)
  region size 1024K, 4 young (4096K), 4 survivors (4096K)
 Metaspace       used 65153K, committed 66880K, reserved 1114112K
  class space    used 8898K, committed 9792K, reserved 1048576K
}
Event: 7.464 GC heap before
{Heap before GC invocations=22 (full 0):
 garbage-first heap   total 116736K, used 89895K [0x0000000080000000, 0x0000000100000000)
  region size 1024K, 29 young (29696K), 4 survivors (4096K)
 Metaspace       used 66938K, committed 68672K, reserved 1114112K
  class space    used 9145K, committed 10048K, reserved 1048576K
}
Event: 7.469 GC heap after
{Heap after GC invocations=23 (full 0):
 garbage-first heap   total 116736K, used 66714K [0x0000000080000000, 0x0000000100000000)
  region size 1024K, 3 young (3072K), 3 survivors (3072K)
 Metaspace       used 66938K, committed 68672K, reserved 1114112K
  class space    used 9145K, committed 10048K, reserved 1048576K
}
Event: 7.825 GC heap before
{Heap before GC invocations=23 (full 0):
 garbage-first heap   total 116736K, used 94362K [0x0000000080000000, 0x0000000100000000)
  region size 1024K, 30 young (30720K), 3 survivors (3072K)
 Metaspace       used 71127K, committed 72896K, reserved 1114112K
  class space    used 9722K, committed 10624K, reserved 1048576K
}
Event: 7.829 GC heap after
{Heap after GC invocations=24 (full 0):
 garbage-first heap   total 140288K, used 68310K [0x0000000080000000, 0x0000000100000000)
  region size 1024K, 4 young (4096K), 4 survivors (4096K)
 Metaspace       used 71127K, committed 72896K, reserved 1114112K
  class space    used 9722K, committed 10624K, reserved 1048576K
}
Event: 8.434 GC heap before
{Heap before GC invocations=25 (full 0):
 garbage-first heap   total 140288K, used 112342K [0x0000000080000000, 0x0000000100000000)
  region size 1024K, 48 young (49152K), 4 survivors (4096K)
 Metaspace       used 75215K, committed 76992K, reserved 1179648K
  class space    used 10296K, committed 11200K, reserved 1048576K
}
Event: 8.441 GC heap after
{Heap after GC invocations=26 (full 0):
 garbage-first heap   total 140288K, used 73840K [0x0000000080000000, 0x0000000100000000)
  region size 1024K, 6 young (6144K), 6 survivors (6144K)
 Metaspace       used 75215K, committed 76992K, reserved 1179648K
  class space    used 10296K, committed 11200K, reserved 1048576K
}
Event: 8.624 GC heap before
{Heap before GC invocations=26 (full 0):
 garbage-first heap   total 140288K, used 111728K [0x0000000080000000, 0x0000000100000000)
  region size 1024K, 44 young (45056K), 6 survivors (6144K)
 Metaspace       used 75596K, committed 77376K, reserved 1179648K
  class space    used 10357K, committed 11264K, reserved 1048576K
}
Event: 8.630 GC heap after
{Heap after GC invocations=27 (full 0):
 garbage-first heap   total 140288K, used 77392K [0x0000000080000000, 0x0000000100000000)
  region size 1024K, 4 young (4096K), 4 survivors (4096K)
 Metaspace       used 75596K, committed 77376K, reserved 1179648K
  class space    used 10357K, committed 11264K, reserved 1048576K
}

