# JRE version: Java(TM) SE Runtime Environment (18.0.1.1+2) (build 18.0.1.1+2-6)
# Java VM: Java HotSpot(TM) 64-Bit Server VM (18.0.1.1+2-6, mixed mode, sharing, tiered, compressed oops, compressed class ptrs, g1 gc, windows-amd64)
GC Precious Log:
 CardTable entry size: 512
 Card Set container configuration: InlinePtr #cards 5 size 8 Array Of Cards #cards 12 size 40 Howl #buckets 4 coarsen threshold 1843 Howl Bitmap #cards 512 size 80 coarsen threshold 460 Card regions per heap region 1 cards per card region 2048
 CPUs: 8 total, 8 available
 Memory: 7987M
 Large Page Support: Disabled
 NUMA Support: Disabled
 Compressed Oops: Enabled (32-bit)
 Heap Region Size: 1M
 Heap Min Capacity: 8M
 Heap Initial Capacity: 126M
 Heap Max Capacity: 2G
 Pre-touch: Disabled
 Parallel Workers: 8
 Concurrent Workers: 2
 Concurrent Refinement Workers: 8
 Periodic GC: Disabled
Heap:
 garbage-first heap   total 222208K, used 116290K [0x0000000080000000, 0x0000000100000000)
  region size 1024K, 9 young (9216K), 2 survivors (2048K)
 Metaspace       used 73472K, committed 75328K, reserved 1114112K
  class space    used 9861K, committed 10816K, reserved 1048576K
GC Heap History (20 events):
Event: 5.029 GC heap before
{Heap before GC invocations=18 (full 0):
 garbage-first heap   total 150528K, used 105075K [0x0000000080000000, 0x0000000100000000)
  region size 1024K, 32 young (32768K), 2 survivors (2048K)
 Metaspace       used 54690K, committed 56384K, reserved 1114112K
  class space    used 7428K, committed 8320K, reserved 1048576K
}
Event: 5.031 GC heap after
{Heap after GC invocations=19 (full 0):
 garbage-first heap   total 150528K, used 76156K [0x0000000080000000, 0x0000000100000000)
  region size 1024K, 3 young (3072K), 3 survivors (3072K)
 Metaspace       used 54690K, committed 56384K, reserved 1114112K
  class space    used 7428K, committed 8320K, reserved 1048576K
}
Event: 5.308 GC heap before
{Heap before GC invocations=19 (full 0):
 garbage-first heap   total 150528K, used 107900K [0x0000000080000000, 0x0000000100000000)
  region size 1024K, 35 young (35840K), 3 survivors (3072K)
 Metaspace       used 58339K, committed 59968K, reserved 1114112K
  class space    used 7841K, committed 8704K, reserved 1048576K
}
Event: 5.312 GC heap after
{Heap after GC invocations=20 (full 0):
 garbage-first heap   total 150528K, used 79348K [0x0000000080000000, 0x0000000100000000)
  region size 1024K, 5 young (5120K), 5 survivors (5120K)
 Metaspace       used 58339K, committed 59968K, reserved 1114112K
  class space    used 7841K, committed 8704K, reserved 1048576K
}
Event: 5.404 GC heap before
{Heap before GC invocations=21 (full 0):
 garbage-first heap   total 150528K, used 89588K [0x0000000080000000, 0x0000000100000000)
  region size 1024K, 16 young (16384K), 5 survivors (5120K)
 Metaspace       used 59330K, committed 60992K, reserved 1114112K
  class space    used 7949K, committed 8832K, reserved 1048576K
}
Event: 5.407 GC heap after
{Heap after GC invocations=22 (full 0):
 garbage-first heap   total 150528K, used 80840K [0x0000000080000000, 0x0000000100000000)
  region size 1024K, 2 young (2048K), 2 survivors (2048K)
 Metaspace       used 59330K, committed 60992K, reserved 1114112K
  class space    used 7949K, committed 8832K, reserved 1048576K
}
Event: 5.606 GC heap before
{Heap before GC invocations=23 (full 0):
 garbage-first heap   total 150528K, used 114632K [0x0000000080000000, 0x0000000100000000)
  region size 1024K, 34 young (34816K), 2 survivors (2048K)
 Metaspace       used 60231K, committed 61888K, reserved 1114112K
  class space    used 8091K, committed 8960K, reserved 1048576K
}
Event: 5.609 GC heap after
{Heap after GC invocations=24 (full 0):
 garbage-first heap   total 150528K, used 83202K [0x0000000080000000, 0x0000000100000000)
  region size 1024K, 4 young (4096K), 4 survivors (4096K)
 Metaspace       used 60231K, committed 61888K, reserved 1114112K
  class space    used 8091K, committed 8960K, reserved 1048576K
}
Event: 5.873 GC heap before
{Heap before GC invocations=24 (full 0):
 garbage-first heap   total 150528K, used 116994K [0x0000000080000000, 0x0000000100000000)
  region size 1024K, 37 young (37888K), 4 survivors (4096K)
 Metaspace       used 63375K, committed 65152K, reserved 1114112K
  class space    used 8576K, committed 9472K, reserved 1048576K
}
Event: 5.876 GC heap after
{Heap after GC invocations=25 (full 0):
 garbage-first heap   total 150528K, used 85585K [0x0000000080000000, 0x0000000100000000)
  region size 1024K, 3 young (3072K), 3 survivors (3072K)
 Metaspace       used 63375K, committed 65152K, reserved 1114112K
  class space    used 8576K, committed 9472K, reserved 1048576K
}
Event: 6.130 GC heap before
{Heap before GC invocations=26 (full 0):
 garbage-first heap   total 150528K, used 118353K [0x0000000080000000, 0x0000000100000000)
  region size 1024K, 35 young (35840K), 3 survivors (3072K)
 Metaspace       used 66109K, committed 67904K, reserved 1114112K
  class space    used 9038K, committed 9984K, reserved 1048576K
}
Event: 6.132 GC heap after
{Heap after GC invocations=27 (full 0):
 garbage-first heap   total 150528K, used 88068K [0x0000000080000000, 0x0000000100000000)
  region size 1024K, 5 young (5120K), 5 survivors (5120K)
 Metaspace       used 66109K, committed 67904K, reserved 1114112K
  class space    used 9038K, committed 9984K, reserved 1048576K
}
Event: 6.384 GC heap before
{Heap before GC invocations=27 (full 0):
 garbage-first heap   total 150528K, used 115716K [0x0000000080000000, 0x0000000100000000)
  region size 1024K, 34 young (34816K), 5 survivors (5120K)
 Metaspace       used 68791K, committed 70592K, reserved 1114112K
  class space    used 9312K, committed 10240K, reserved 1048576K
}
Event: 6.388 GC heap after
{Heap after GC invocations=28 (full 0):
 garbage-first heap   total 150528K, used 92274K [0x0000000080000000, 0x0000000100000000)
  region size 1024K, 5 young (5120K), 5 survivors (5120K)
 Metaspace       used 68791K, committed 70592K, reserved 1114112K
  class space    used 9312K, committed 10240K, reserved 1048576K
}
Event: 6.742 GC heap before
{Heap before GC invocations=29 (full 0):
 garbage-first heap   total 179200K, used 129138K [0x0000000080000000, 0x0000000100000000)
  region size 1024K, 31 young (31744K), 5 survivors (5120K)
 Metaspace       used 70523K, committed 72384K, reserved 1114112K
  class space    used 9583K, committed 10560K, reserved 1048576K
}
Event: 6.747 GC heap after
{Heap after GC invocations=30 (full 0):
 garbage-first heap   total 179200K, used 107898K [0x0000000080000000, 0x0000000100000000)
  region size 1024K, 4 young (4096K), 4 survivors (4096K)
 Metaspace       used 70523K, committed 72384K, reserved 1114112K
  class space    used 9583K, committed 10560K, reserved 1048576K
}
Event: 6.780 GC heap before
{Heap before GC invocations=30 (full 0):
 garbage-first heap   total 179200K, used 111994K [0x0000000080000000, 0x0000000100000000)
  region size 1024K, 8 young (8192K), 4 survivors (4096K)
 Metaspace       used 70739K, committed 72576K, reserved 1114112K
  class space    used 9610K, committed 10560K, reserved 1048576K
}
Event: 6.782 GC heap after
{Heap after GC invocations=31 (full 0):
 garbage-first heap   total 179200K, used 108598K [0x0000000080000000, 0x0000000100000000)
  region size 1024K, 1 young (1024K), 1 survivors (1024K)
 Metaspace       used 70739K, committed 72576K, reserved 1114112K
  class space    used 9610K, committed 10560K, reserved 1048576K
}
Event: 6.848 GC heap before
{Heap before GC invocations=31 (full 0):
 garbage-first heap   total 179200K, used 115766K [0x0000000080000000, 0x0000000100000000)
  region size 1024K, 10 young (10240K), 1 survivors (1024K)
 Metaspace       used 72102K, committed 73920K, reserved 1114112K
  class space    used 9766K, committed 10688K, reserved 1048576K
}
Event: 6.850 GC heap after
{Heap after GC invocations=32 (full 0):
 garbage-first heap   total 222208K, used 109122K [0x0000000080000000, 0x0000000100000000)
  region size 1024K, 2 young (2048K), 2 survivors (2048K)
 Metaspace       used 72102K, committed 73920K, reserved 1114112K
  class space    used 9766K, committed 10688K, reserved 1048576K
}

