# JRE version: Java(TM) SE Runtime Environment (18.0.1.1+2) (build 18.0.1.1+2-6)
# Java VM: Java HotSpot(TM) 64-Bit Server VM (18.0.1.1+2-6, mixed mode, sharing, tiered, compressed oops, compressed class ptrs, g1 gc, windows-amd64)
GC Precious Log:
 CardTable entry size: 512
 Card Set container configuration: InlinePtr #cards 5 size 8 Array Of Cards #cards 12 size 40 Howl #buckets 4 coarsen threshold 1843 Howl Bitmap #cards 512 size 80 coarsen threshold 460 Card regions per heap region 1 cards per card region 2048
 CPUs: 8 total, 8 available
 Memory: 7987M
 Large Page Support: Disabled
 NUMA Support: Disabled
 Compressed Oops: Enabled (32-bit)
 Heap Region Size: 1M
 Heap Min Capacity: 8M
 Heap Initial Capacity: 126M
 Heap Max Capacity: 2G
 Pre-touch: Disabled
 Parallel Workers: 8
 Concurrent Workers: 2
 Concurrent Refinement Workers: 8
 Periodic GC: Disabled
Heap:
 garbage-first heap   total 373760K, used 173173K [0x0000000080000000, 0x0000000100000000)
  region size 1024K, 4 young (4096K), 4 survivors (4096K)
 Metaspace       used 145950K, committed 148160K, reserved 1179648K
  class space    used 18748K, committed 19840K, reserved 1048576K
GC Heap History (20 events):
Event: 245.168 GC heap after
{Heap after GC invocations=63 (full 0):
 garbage-first heap   total 363520K, used 165546K [0x0000000080000000, 0x0000000100000000)
  region size 1024K, 2 young (2048K), 2 survivors (2048K)
 Metaspace       used 142011K, committed 144192K, reserved 1179648K
  class space    used 18486K, committed 19584K, reserved 1048576K
}
Event: 245.613 GC heap before
{Heap before GC invocations=63 (full 0):
 garbage-first heap   total 363520K, used 271018K [0x0000000080000000, 0x0000000100000000)
  region size 1024K, 106 young (108544K), 2 survivors (2048K)
 Metaspace       used 142931K, committed 145152K, reserved 1179648K
  class space    used 18561K, committed 19648K, reserved 1048576K
}
Event: 245.623 GC heap after
{Heap after GC invocations=64 (full 0):
 garbage-first heap   total 363520K, used 179022K [0x0000000080000000, 0x0000000100000000)
  region size 1024K, 14 young (14336K), 14 survivors (14336K)
 Metaspace       used 142931K, committed 145152K, reserved 1179648K
  class space    used 18561K, committed 19648K, reserved 1048576K
}
Event: 246.166 GC heap before
{Heap before GC invocations=65 (full 0):
 garbage-first heap   total 363520K, used 280398K [0x0000000080000000, 0x0000000100000000)
  region size 1024K, 112 young (114688K), 14 survivors (14336K)
 Metaspace       used 144604K, committed 146752K, reserved 1179648K
  class space    used 18726K, committed 19840K, reserved 1048576K
}
Event: 246.172 GC heap after
{Heap after GC invocations=66 (full 0):
 garbage-first heap   total 363520K, used 177160K [0x0000000080000000, 0x0000000100000000)
  region size 1024K, 6 young (6144K), 6 survivors (6144K)
 Metaspace       used 144604K, committed 146752K, reserved 1179648K
  class space    used 18726K, committed 19840K, reserved 1048576K
}
Event: 246.209 GC heap before
{Heap before GC invocations=66 (full 0):
 garbage-first heap   total 363520K, used 188424K [0x0000000080000000, 0x0000000100000000)
  region size 1024K, 17 young (17408K), 6 survivors (6144K)
 Metaspace       used 144651K, committed 146816K, reserved 1179648K
  class space    used 18727K, committed 19840K, reserved 1048576K
}
Event: 246.214 GC heap after
{Heap after GC invocations=67 (full 0):
 garbage-first heap   total 363520K, used 172010K [0x0000000080000000, 0x0000000100000000)
  region size 1024K, 2 young (2048K), 2 survivors (2048K)
 Metaspace       used 144651K, committed 146816K, reserved 1179648K
  class space    used 18727K, committed 19840K, reserved 1048576K
}
Event: 246.585 GC heap before
{Heap before GC invocations=67 (full 0):
 garbage-first heap   total 363520K, used 282602K [0x0000000080000000, 0x0000000100000000)
  region size 1024K, 111 young (113664K), 2 survivors (2048K)
 Metaspace       used 144885K, committed 147136K, reserved 1179648K
  class space    used 18738K, committed 19840K, reserved 1048576K
}
Event: 246.589 GC heap after
{Heap after GC invocations=68 (full 0):
 garbage-first heap   total 363520K, used 175167K [0x0000000080000000, 0x0000000100000000)
  region size 1024K, 5 young (5120K), 5 survivors (5120K)
 Metaspace       used 144885K, committed 147136K, reserved 1179648K
  class space    used 18738K, committed 19840K, reserved 1048576K
}
Event: 247.034 GC heap before
{Heap before GC invocations=69 (full 0):
 garbage-first heap   total 363520K, used 289855K [0x0000000080000000, 0x0000000100000000)
  region size 1024K, 117 young (119808K), 5 survivors (5120K)
 Metaspace       used 145483K, committed 147712K, reserved 1179648K
  class space    used 18746K, committed 19840K, reserved 1048576K
}
Event: 247.039 GC heap after
{Heap after GC invocations=70 (full 0):
 garbage-first heap   total 363520K, used 175031K [0x0000000080000000, 0x0000000100000000)
  region size 1024K, 5 young (5120K), 5 survivors (5120K)
 Metaspace       used 145483K, committed 147712K, reserved 1179648K
  class space    used 18746K, committed 19840K, reserved 1048576K
}
Event: 247.070 GC heap before
{Heap before GC invocations=70 (full 0):
 garbage-first heap   total 363520K, used 187319K [0x0000000080000000, 0x0000000100000000)
  region size 1024K, 17 young (17408K), 5 survivors (5120K)
 Metaspace       used 145518K, committed 147712K, reserved 1179648K
  class space    used 18746K, committed 19840K, reserved 1048576K
}
Event: 247.076 GC heap after
{Heap after GC invocations=71 (full 0):
 garbage-first heap   total 363520K, used 172402K [0x0000000080000000, 0x0000000100000000)
  region size 1024K, 1 young (1024K), 1 survivors (1024K)
 Metaspace       used 145518K, committed 147712K, reserved 1179648K
  class space    used 18746K, committed 19840K, reserved 1048576K
}
Event: 247.362 GC heap before
{Heap before GC invocations=71 (full 0):
 garbage-first heap   total 363520K, used 300402K [0x0000000080000000, 0x0000000100000000)
  region size 1024K, 126 young (129024K), 1 survivors (1024K)
 Metaspace       used 145638K, committed 147840K, reserved 1179648K
  class space    used 18746K, committed 19840K, reserved 1048576K
}
Event: 247.365 GC heap after
{Heap after GC invocations=72 (full 0):
 garbage-first heap   total 363520K, used 172918K [0x0000000080000000, 0x0000000100000000)
  region size 1024K, 2 young (2048K), 2 survivors (2048K)
 Metaspace       used 145638K, committed 147840K, reserved 1179648K
  class space    used 18746K, committed 19840K, reserved 1048576K
}
Event: 247.681 GC heap before
{Heap before GC invocations=73 (full 0):
 garbage-first heap   total 373760K, used 302966K [0x0000000080000000, 0x0000000100000000)
  region size 1024K, 130 young (133120K), 2 survivors (2048K)
 Metaspace       used 145710K, committed 147904K, reserved 1179648K
  class space    used 18747K, committed 19840K, reserved 1048576K
}
Event: 247.684 GC heap after
{Heap after GC invocations=74 (full 0):
 garbage-first heap   total 373760K, used 173902K [0x0000000080000000, 0x0000000100000000)
  region size 1024K, 3 young (3072K), 3 survivors (3072K)
 Metaspace       used 145710K, committed 147904K, reserved 1179648K
  class space    used 18747K, committed 19840K, reserved 1048576K
}
Event: 247.717 GC heap before
{Heap before GC invocations=74 (full 0):
 garbage-first heap   total 373760K, used 189262K [0x0000000080000000, 0x0000000100000000)
  region size 1024K, 18 young (18432K), 3 survivors (3072K)
 Metaspace       used 145732K, committed 147904K, reserved 1179648K
  class space    used 18747K, committed 19840K, reserved 1048576K
}
Event: 247.723 GC heap after
{Heap after GC invocations=75 (full 0):
 garbage-first heap   total 373760K, used 170967K [0x0000000080000000, 0x0000000100000000)
  region size 1024K, 1 young (1024K), 1 survivors (1024K)
 Metaspace       used 145732K, committed 147904K, reserved 1179648K
  class space    used 18747K, committed 19840K, reserved 1048576K
}
Event: 248.022 GC heap before
{Heap before GC invocations=75 (full 0):
 garbage-first heap   total 373760K, used 310231K [0x0000000080000000, 0x0000000100000000)
  region size 1024K, 139 young (142336K), 1 survivors (1024K)
 Metaspace       used 145950K, committed 148160K, reserved 1179648K
  class space    used 18748K, committed 19840K, reserved 1048576K
}

