# JRE version: Java(TM) SE Runtime Environment (18.0.1.1+2) (build 18.0.1.1+2-6)
# Java VM: Java HotSpot(TM) 64-Bit Server VM (18.0.1.1+2-6, mixed mode, sharing, tiered, compressed oops, compressed class ptrs, g1 gc, windows-amd64)
GC Precious Log:
 CardTable entry size: 512
 Card Set container configuration: InlinePtr #cards 5 size 8 Array Of Cards #cards 12 size 40 Howl #buckets 4 coarsen threshold 1843 Howl Bitmap #cards 512 size 80 coarsen threshold 460 Card regions per heap region 1 cards per card region 2048
 CPUs: 8 total, 8 available
 Memory: 7987M
 Large Page Support: Disabled
 NUMA Support: Disabled
 Compressed Oops: Enabled (32-bit)
 Heap Region Size: 1M
 Heap Min Capacity: 8M
 Heap Initial Capacity: 126M
 Heap Max Capacity: 2G
 Pre-touch: Disabled
 Parallel Workers: 8
 Concurrent Workers: 2
 Concurrent Refinement Workers: 8
 Periodic GC: Disabled
Heap:
 garbage-first heap   total 163840K, used 94197K [0x0000000080000000, 0x0000000100000000)
  region size 1024K, 6 young (6144K), 6 survivors (6144K)
 Metaspace       used 82044K, committed 83968K, reserved 1179648K
  class space    used 11136K, committed 12096K, reserved 1048576K
GC Heap History (20 events):
Event: 6.544 GC heap after
{Heap after GC invocations=22 (full 0):
 garbage-first heap   total 107520K, used 59996K [0x0000000080000000, 0x0000000100000000)
  region size 1024K, 2 young (2048K), 2 survivors (2048K)
 Metaspace       used 60469K, committed 62208K, reserved 1114112K
  class space    used 8106K, committed 9024K, reserved 1048576K
}
Event: 6.896 GC heap before
{Heap before GC invocations=22 (full 0):
 garbage-first heap   total 107520K, used 87644K [0x0000000080000000, 0x0000000100000000)
  region size 1024K, 29 young (29696K), 2 survivors (2048K)
 Metaspace       used 63885K, committed 65600K, reserved 1114112K
  class space    used 8711K, committed 9600K, reserved 1048576K
}
Event: 6.899 GC heap after
{Heap after GC invocations=23 (full 0):
 garbage-first heap   total 107520K, used 61667K [0x0000000080000000, 0x0000000100000000)
  region size 1024K, 4 young (4096K), 4 survivors (4096K)
 Metaspace       used 63885K, committed 65600K, reserved 1114112K
  class space    used 8711K, committed 9600K, reserved 1048576K
}
Event: 7.114 GC heap before
{Heap before GC invocations=24 (full 0):
 garbage-first heap   total 122880K, used 87267K [0x0000000080000000, 0x0000000100000000)
  region size 1024K, 30 young (30720K), 4 survivors (4096K)
 Metaspace       used 64751K, committed 66496K, reserved 1114112K
  class space    used 8850K, committed 9792K, reserved 1048576K
}
Event: 7.120 GC heap after
{Heap after GC invocations=25 (full 0):
 garbage-first heap   total 122880K, used 64611K [0x0000000080000000, 0x0000000100000000)
  region size 1024K, 4 young (4096K), 4 survivors (4096K)
 Metaspace       used 64751K, committed 66496K, reserved 1114112K
  class space    used 8850K, committed 9792K, reserved 1048576K
}
Event: 7.149 GC heap before
{Heap before GC invocations=25 (full 0):
 garbage-first heap   total 122880K, used 66659K [0x0000000080000000, 0x0000000100000000)
  region size 1024K, 6 young (6144K), 4 survivors (4096K)
 Metaspace       used 64937K, committed 66688K, reserved 1114112K
  class space    used 8884K, committed 9792K, reserved 1048576K
}
Event: 7.153 GC heap after
{Heap after GC invocations=26 (full 0):
 garbage-first heap   total 161792K, used 64929K [0x0000000080000000, 0x0000000100000000)
  region size 1024K, 1 young (1024K), 1 survivors (1024K)
 Metaspace       used 64937K, committed 66688K, reserved 1114112K
  class space    used 8884K, committed 9792K, reserved 1048576K
}
Event: 7.951 GC heap before
{Heap before GC invocations=26 (full 0):
 garbage-first heap   total 161792K, used 129441K [0x0000000080000000, 0x0000000100000000)
  region size 1024K, 65 young (66560K), 1 survivors (1024K)
 Metaspace       used 71519K, committed 73344K, reserved 1114112K
  class space    used 9784K, committed 10688K, reserved 1048576K
}
Event: 7.955 GC heap after
{Heap after GC invocations=27 (full 0):
 garbage-first heap   total 161792K, used 69495K [0x0000000080000000, 0x0000000100000000)
  region size 1024K, 6 young (6144K), 6 survivors (6144K)
 Metaspace       used 71519K, committed 73344K, reserved 1114112K
  class space    used 9784K, committed 10688K, reserved 1048576K
}
Event: 8.561 GC heap before
{Heap before GC invocations=27 (full 0):
 garbage-first heap   total 161792K, used 129911K [0x0000000080000000, 0x0000000100000000)
  region size 1024K, 66 young (67584K), 6 survivors (6144K)
 Metaspace       used 75581K, committed 77440K, reserved 1179648K
  class space    used 10371K, committed 11328K, reserved 1048576K
}
Event: 8.568 GC heap after
{Heap after GC invocations=28 (full 0):
 garbage-first heap   total 161792K, used 76155K [0x0000000080000000, 0x0000000100000000)
  region size 1024K, 7 young (7168K), 7 survivors (7168K)
 Metaspace       used 75581K, committed 77440K, reserved 1179648K
  class space    used 10371K, committed 11328K, reserved 1048576K
}
Event: 8.920 GC heap before
{Heap before GC invocations=28 (full 0):
 garbage-first heap   total 161792K, used 129403K [0x0000000080000000, 0x0000000100000000)
  region size 1024K, 60 young (61440K), 7 survivors (7168K)
 Metaspace       used 76103K, committed 78016K, reserved 1179648K
  class space    used 10405K, committed 11392K, reserved 1048576K
}
Event: 8.925 GC heap after
{Heap after GC invocations=29 (full 0):
 garbage-first heap   total 161792K, used 80655K [0x0000000080000000, 0x0000000100000000)
  region size 1024K, 5 young (5120K), 5 survivors (5120K)
 Metaspace       used 76103K, committed 78016K, reserved 1179648K
  class space    used 10405K, committed 11392K, reserved 1048576K
}
Event: 9.272 GC heap before
{Heap before GC invocations=29 (full 0):
 garbage-first heap   total 161792K, used 130831K [0x0000000080000000, 0x0000000100000000)
  region size 1024K, 55 young (56320K), 5 survivors (5120K)
 Metaspace       used 77241K, committed 79040K, reserved 1179648K
  class space    used 10537K, committed 11456K, reserved 1048576K
}
Event: 9.277 GC heap after
{Heap after GC invocations=30 (full 0):
 garbage-first heap   total 161792K, used 84981K [0x0000000080000000, 0x0000000100000000)
  region size 1024K, 5 young (5120K), 5 survivors (5120K)
 Metaspace       used 77241K, committed 79040K, reserved 1179648K
  class space    used 10537K, committed 11456K, reserved 1048576K
}
Event: 9.559 GC heap before
{Heap before GC invocations=31 (full 0):
 garbage-first heap   total 163840K, used 132085K [0x0000000080000000, 0x0000000100000000)
  region size 1024K, 52 young (53248K), 5 survivors (5120K)
 Metaspace       used 78942K, committed 80768K, reserved 1179648K
  class space    used 10762K, committed 11712K, reserved 1048576K
}
Event: 9.563 GC heap after
{Heap after GC invocations=32 (full 0):
 garbage-first heap   total 163840K, used 87838K [0x0000000080000000, 0x0000000100000000)
  region size 1024K, 3 young (3072K), 3 survivors (3072K)
 Metaspace       used 78942K, committed 80768K, reserved 1179648K
  class space    used 10762K, committed 11712K, reserved 1048576K
}
Event: 9.581 GC heap before
{Heap before GC invocations=32 (full 0):
 garbage-first heap   total 163840K, used 92958K [0x0000000080000000, 0x0000000100000000)
  region size 1024K, 8 young (8192K), 3 survivors (3072K)
 Metaspace       used 79051K, committed 80896K, reserved 1179648K
  class space    used 10777K, committed 11712K, reserved 1048576K
}
Event: 9.585 GC heap after
{Heap after GC invocations=33 (full 0):
 garbage-first heap   total 163840K, used 88110K [0x0000000080000000, 0x0000000100000000)
  region size 1024K, 1 young (1024K), 1 survivors (1024K)
 Metaspace       used 79051K, committed 80896K, reserved 1179648K
  class space    used 10777K, committed 11712K, reserved 1048576K
}
Event: 11.312 GC heap before
{Heap before GC invocations=33 (full 0):
 garbage-first heap   total 163840K, used 135214K [0x0000000080000000, 0x0000000100000000)
  region size 1024K, 48 young (49152K), 1 survivors (1024K)
 Metaspace       used 82044K, committed 83968K, reserved 1179648K
  class space    used 11136K, committed 12096K, reserved 1048576K
}

