# JRE version: Java(TM) SE Runtime Environment (18.0.1.1+2) (build 18.0.1.1+2-6)
# Java VM: Java HotSpot(TM) 64-Bit Server VM (18.0.1.1+2-6, mixed mode, sharing, tiered, compressed oops, compressed class ptrs, g1 gc, windows-amd64)
GC Precious Log:
 CardTable entry size: 512
 Card Set container configuration: InlinePtr #cards 5 size 8 Array Of Cards #cards 12 size 40 Howl #buckets 4 coarsen threshold 1843 Howl Bitmap #cards 512 size 80 coarsen threshold 460 Card regions per heap region 1 cards per card region 2048
 CPUs: 8 total, 8 available
 Memory: 7987M
 Large Page Support: Disabled
 NUMA Support: Disabled
 Compressed Oops: Enabled (32-bit)
 Heap Region Size: 1M
 Heap Min Capacity: 8M
 Heap Initial Capacity: 126M
 Heap Max Capacity: 2G
 Pre-touch: Disabled
 Parallel Workers: 8
 Concurrent Workers: 2
 Concurrent Refinement Workers: 8
 Periodic GC: Disabled
Heap:
 garbage-first heap   total 91136K, used 55005K [0x0000000080000000, 0x0000000100000000)
  region size 1024K, 7 young (7168K), 3 survivors (3072K)
 Metaspace       used 55820K, committed 57408K, reserved 1114112K
  class space    used 7484K, committed 8320K, reserved 1048576K
GC Heap History (20 events):
Event: 3.628 GC heap before
{Heap before GC invocations=5 (full 0):
 garbage-first heap   total 75776K, used 65148K [0x0000000080000000, 0x0000000100000000)
  region size 1024K, 44 young (45056K), 1 survivors (1024K)
 Metaspace       used 29426K, committed 30464K, reserved 1114112K
  class space    used 4155K, committed 4672K, reserved 1048576K
}
Event: 3.636 GC heap after
{Heap after GC invocations=6 (full 0):
 garbage-first heap   total 75776K, used 25703K [0x0000000080000000, 0x0000000100000000)
  region size 1024K, 6 young (6144K), 6 survivors (6144K)
 Metaspace       used 29426K, committed 30464K, reserved 1114112K
  class space    used 4155K, committed 4672K, reserved 1048576K
}
Event: 3.935 GC heap before
{Heap before GC invocations=6 (full 0):
 garbage-first heap   total 75776K, used 57447K [0x0000000080000000, 0x0000000100000000)
  region size 1024K, 34 young (34816K), 6 survivors (6144K)
 Metaspace       used 31690K, committed 32768K, reserved 1114112K
  class space    used 4402K, committed 4928K, reserved 1048576K
}
Event: 3.943 GC heap after
{Heap after GC invocations=7 (full 0):
 garbage-first heap   total 75776K, used 27976K [0x0000000080000000, 0x0000000100000000)
  region size 1024K, 4 young (4096K), 4 survivors (4096K)
 Metaspace       used 31690K, committed 32768K, reserved 1114112K
  class space    used 4402K, committed 4928K, reserved 1048576K
}
Event: 4.282 GC heap before
{Heap before GC invocations=7 (full 0):
 garbage-first heap   total 75776K, used 53576K [0x0000000080000000, 0x0000000100000000)
  region size 1024K, 30 young (30720K), 4 survivors (4096K)
 Metaspace       used 34560K, committed 35712K, reserved 1114112K
  class space    used 4826K, committed 5440K, reserved 1048576K
}
Event: 4.287 GC heap after
{Heap after GC invocations=8 (full 0):
 garbage-first heap   total 75776K, used 29913K [0x0000000080000000, 0x0000000100000000)
  region size 1024K, 3 young (3072K), 3 survivors (3072K)
 Metaspace       used 34560K, committed 35712K, reserved 1114112K
  class space    used 4826K, committed 5440K, reserved 1048576K
}
Event: 4.336 GC heap before
{Heap before GC invocations=8 (full 0):
 garbage-first heap   total 75776K, used 31961K [0x0000000080000000, 0x0000000100000000)
  region size 1024K, 6 young (6144K), 3 survivors (3072K)
 Metaspace       used 34959K, committed 36096K, reserved 1114112K
  class space    used 4884K, committed 5504K, reserved 1048576K
}
Event: 4.340 GC heap after
{Heap after GC invocations=9 (full 0):
 garbage-first heap   total 91136K, used 30235K [0x0000000080000000, 0x0000000100000000)
  region size 1024K, 1 young (1024K), 1 survivors (1024K)
 Metaspace       used 34959K, committed 36096K, reserved 1114112K
  class space    used 4884K, committed 5504K, reserved 1048576K
}
Event: 5.132 GC heap before
{Heap before GC invocations=10 (full 0):
 garbage-first heap   total 91136K, used 70171K [0x0000000080000000, 0x0000000100000000)
  region size 1024K, 40 young (40960K), 1 survivors (1024K)
 Metaspace       used 40026K, committed 41408K, reserved 1114112K
  class space    used 5562K, committed 6272K, reserved 1048576K
}
Event: 5.137 GC heap after
{Heap after GC invocations=11 (full 0):
 garbage-first heap   total 91136K, used 33192K [0x0000000080000000, 0x0000000100000000)
  region size 1024K, 4 young (4096K), 4 survivors (4096K)
 Metaspace       used 40026K, committed 41408K, reserved 1114112K
  class space    used 5562K, committed 6272K, reserved 1048576K
}
Event: 5.728 GC heap before
{Heap before GC invocations=11 (full 0):
 garbage-first heap   total 91136K, used 75176K [0x0000000080000000, 0x0000000100000000)
  region size 1024K, 41 young (41984K), 4 survivors (4096K)
 Metaspace       used 41080K, committed 42432K, reserved 1114112K
  class space    used 5686K, committed 6400K, reserved 1048576K
}
Event: 5.735 GC heap after
{Heap after GC invocations=12 (full 0):
 garbage-first heap   total 91136K, used 44877K [0x0000000080000000, 0x0000000100000000)
  region size 1024K, 6 young (6144K), 6 survivors (6144K)
 Metaspace       used 41080K, committed 42432K, reserved 1114112K
  class space    used 5686K, committed 6400K, reserved 1048576K
}
Event: 6.065 GC heap before
{Heap before GC invocations=12 (full 0):
 garbage-first heap   total 91136K, used 68429K [0x0000000080000000, 0x0000000100000000)
  region size 1024K, 29 young (29696K), 6 survivors (6144K)
 Metaspace       used 44284K, committed 45760K, reserved 1114112K
  class space    used 6088K, committed 6848K, reserved 1048576K
}
Event: 6.068 GC heap after
{Heap after GC invocations=13 (full 0):
 garbage-first heap   total 91136K, used 46233K [0x0000000080000000, 0x0000000100000000)
  region size 1024K, 2 young (2048K), 2 survivors (2048K)
 Metaspace       used 44284K, committed 45760K, reserved 1114112K
  class space    used 6088K, committed 6848K, reserved 1048576K
}
Event: 6.433 GC heap before
{Heap before GC invocations=13 (full 0):
 garbage-first heap   total 91136K, used 69785K [0x0000000080000000, 0x0000000100000000)
  region size 1024K, 26 young (26624K), 2 survivors (2048K)
 Metaspace       used 48785K, committed 50304K, reserved 1114112K
  class space    used 6612K, committed 7360K, reserved 1048576K
}
Event: 6.437 GC heap after
{Heap after GC invocations=14 (full 0):
 garbage-first heap   total 91136K, used 47136K [0x0000000080000000, 0x0000000100000000)
  region size 1024K, 3 young (3072K), 3 survivors (3072K)
 Metaspace       used 48785K, committed 50304K, reserved 1114112K
  class space    used 6612K, committed 7360K, reserved 1048576K
}
Event: 6.854 GC heap before
{Heap before GC invocations=15 (full 0):
 garbage-first heap   total 91136K, used 71712K [0x0000000080000000, 0x0000000100000000)
  region size 1024K, 27 young (27648K), 3 survivors (3072K)
 Metaspace       used 53242K, committed 54848K, reserved 1114112K
  class space    used 7175K, committed 8000K, reserved 1048576K
}
Event: 6.859 GC heap after
{Heap after GC invocations=16 (full 0):
 garbage-first heap   total 91136K, used 49731K [0x0000000080000000, 0x0000000100000000)
  region size 1024K, 4 young (4096K), 4 survivors (4096K)
 Metaspace       used 53242K, committed 54848K, reserved 1114112K
  class space    used 7175K, committed 8000K, reserved 1048576K
}
Event: 7.147 GC heap before
{Heap before GC invocations=16 (full 0):
 garbage-first heap   total 91136K, used 71235K [0x0000000080000000, 0x0000000100000000)
  region size 1024K, 26 young (26624K), 4 survivors (4096K)
 Metaspace       used 55571K, committed 57216K, reserved 1114112K
  class space    used 7448K, committed 8320K, reserved 1048576K
}
Event: 7.152 GC heap after
{Heap after GC invocations=17 (full 0):
 garbage-first heap   total 91136K, used 51933K [0x0000000080000000, 0x0000000100000000)
  region size 1024K, 3 young (3072K), 3 survivors (3072K)
 Metaspace       used 55571K, committed 57216K, reserved 1114112K
  class space    used 7448K, committed 8320K, reserved 1048576K
}

