# JRE version: Java(TM) SE Runtime Environment (18.0.1.1+2) (build 18.0.1.1+2-6)
# Java VM: Java HotSpot(TM) 64-Bit Server VM (18.0.1.1+2-6, mixed mode, sharing, tiered, compressed oops, compressed class ptrs, g1 gc, windows-amd64)
GC Precious Log:
 CardTable entry size: 512
 Card Set container configuration: InlinePtr #cards 5 size 8 Array Of Cards #cards 12 size 40 Howl #buckets 4 coarsen threshold 1843 Howl Bitmap #cards 512 size 80 coarsen threshold 460 Card regions per heap region 1 cards per card region 2048
 CPUs: 8 total, 8 available
 Memory: 7987M
 Large Page Support: Disabled
 NUMA Support: Disabled
 Compressed Oops: Enabled (32-bit)
 Heap Region Size: 1M
 Heap Min Capacity: 8M
 Heap Initial Capacity: 126M
 Heap Max Capacity: 2G
 Pre-touch: Disabled
 Parallel Workers: 8
 Concurrent Workers: 2
 Concurrent Refinement Workers: 8
 Periodic GC: Disabled
Heap:
 garbage-first heap   total 147456K, used 79186K [0x0000000080000000, 0x0000000100000000)
  region size 1024K, 1 young (1024K), 1 survivors (1024K)
 Metaspace       used 80043K, committed 81856K, reserved 1179648K
  class space    used 10790K, committed 11712K, reserved 1048576K
GC Heap History (20 events):
Event: 5.394 GC heap after
{Heap after GC invocations=24 (full 0):
 garbage-first heap   total 109568K, used 60390K [0x0000000080000000, 0x0000000100000000)
  region size 1024K, 2 young (2048K), 2 survivors (2048K)
 Metaspace       used 63005K, committed 64704K, reserved 1114112K
  class space    used 8616K, committed 9472K, reserved 1048576K
}
Event: 5.420 GC heap before
{Heap before GC invocations=24 (full 0):
 garbage-first heap   total 109568K, used 63462K [0x0000000080000000, 0x0000000100000000)
  region size 1024K, 5 young (5120K), 2 survivors (2048K)
 Metaspace       used 63288K, committed 65024K, reserved 1114112K
  class space    used 8648K, committed 9536K, reserved 1048576K
}
Event: 5.422 GC heap after
{Heap after GC invocations=25 (full 0):
 garbage-first heap   total 109568K, used 60785K [0x0000000080000000, 0x0000000100000000)
  region size 1024K, 1 young (1024K), 1 survivors (1024K)
 Metaspace       used 63288K, committed 65024K, reserved 1114112K
  class space    used 8648K, committed 9536K, reserved 1048576K
}
Event: 5.561 GC heap before
{Heap before GC invocations=25 (full 0):
 garbage-first heap   total 109568K, used 89457K [0x0000000080000000, 0x0000000100000000)
  region size 1024K, 29 young (29696K), 1 survivors (1024K)
 Metaspace       used 64266K, committed 66048K, reserved 1114112K
  class space    used 8793K, committed 9728K, reserved 1048576K
}
Event: 5.564 GC heap after
{Heap after GC invocations=26 (full 0):
 garbage-first heap   total 133120K, used 63430K [0x0000000080000000, 0x0000000100000000)
  region size 1024K, 3 young (3072K), 3 survivors (3072K)
 Metaspace       used 64266K, committed 66048K, reserved 1114112K
  class space    used 8793K, committed 9728K, reserved 1048576K
}
Event: 11.901 GC heap before
{Heap before GC invocations=27 (full 0):
 garbage-first heap   total 133120K, used 106438K [0x0000000080000000, 0x0000000100000000)
  region size 1024K, 46 young (47104K), 3 survivors (3072K)
 Metaspace       used 70863K, committed 72576K, reserved 1114112K
  class space    used 9499K, committed 10368K, reserved 1048576K
}
Event: 11.908 GC heap after
{Heap after GC invocations=28 (full 0):
 garbage-first heap   total 133120K, used 68001K [0x0000000080000000, 0x0000000100000000)
  region size 1024K, 6 young (6144K), 6 survivors (6144K)
 Metaspace       used 70863K, committed 72576K, reserved 1114112K
  class space    used 9499K, committed 10368K, reserved 1048576K
}
Event: 11.922 GC heap before
{Heap before GC invocations=28 (full 0):
 garbage-first heap   total 133120K, used 69025K [0x0000000080000000, 0x0000000100000000)
  region size 1024K, 7 young (7168K), 6 survivors (6144K)
 Metaspace       used 70878K, committed 72576K, reserved 1114112K
  class space    used 9499K, committed 10368K, reserved 1048576K
}
Event: 11.927 GC heap after
{Heap after GC invocations=29 (full 0):
 garbage-first heap   total 133120K, used 68660K [0x0000000080000000, 0x0000000100000000)
  region size 1024K, 1 young (1024K), 1 survivors (1024K)
 Metaspace       used 70878K, committed 72576K, reserved 1114112K
  class space    used 9499K, committed 10368K, reserved 1048576K
}
Event: 12.353 GC heap before
{Heap before GC invocations=29 (full 0):
 garbage-first heap   total 133120K, used 107572K [0x0000000080000000, 0x0000000100000000)
  region size 1024K, 39 young (39936K), 1 survivors (1024K)
 Metaspace       used 72154K, committed 73920K, reserved 1114112K
  class space    used 9636K, committed 10560K, reserved 1048576K
}
Event: 12.358 GC heap after
{Heap after GC invocations=30 (full 0):
 garbage-first heap   total 133120K, used 71169K [0x0000000080000000, 0x0000000100000000)
  region size 1024K, 4 young (4096K), 4 survivors (4096K)
 Metaspace       used 72154K, committed 73920K, reserved 1114112K
  class space    used 9636K, committed 10560K, reserved 1048576K
}
Event: 12.761 GC heap before
{Heap before GC invocations=31 (full 0):
 garbage-first heap   total 133120K, used 107009K [0x0000000080000000, 0x0000000100000000)
  region size 1024K, 39 young (39936K), 4 survivors (4096K)
 Metaspace       used 76858K, committed 78656K, reserved 1179648K
  class space    used 10314K, committed 11264K, reserved 1048576K
}
Event: 12.766 GC heap after
{Heap after GC invocations=32 (full 0):
 garbage-first heap   total 133120K, used 73665K [0x0000000080000000, 0x0000000100000000)
  region size 1024K, 3 young (3072K), 3 survivors (3072K)
 Metaspace       used 76858K, committed 78656K, reserved 1179648K
  class space    used 10314K, committed 11264K, reserved 1048576K
}
Event: 12.791 GC heap before
{Heap before GC invocations=32 (full 0):
 garbage-first heap   total 133120K, used 76737K [0x0000000080000000, 0x0000000100000000)
  region size 1024K, 6 young (6144K), 3 survivors (3072K)
 Metaspace       used 77093K, committed 78912K, reserved 1179648K
  class space    used 10333K, committed 11264K, reserved 1048576K
}
Event: 12.793 GC heap after
{Heap after GC invocations=33 (full 0):
 garbage-first heap   total 133120K, used 73236K [0x0000000080000000, 0x0000000100000000)
  region size 1024K, 1 young (1024K), 1 survivors (1024K)
 Metaspace       used 77093K, committed 78912K, reserved 1179648K
  class space    used 10333K, committed 11264K, reserved 1048576K
}
Event: 13.241 GC heap before
{Heap before GC invocations=33 (full 0):
 garbage-first heap   total 133120K, used 109076K [0x0000000080000000, 0x0000000100000000)
  region size 1024K, 36 young (36864K), 1 survivors (1024K)
 Metaspace       used 79446K, committed 81280K, reserved 1179648K
  class space    used 10667K, committed 11584K, reserved 1048576K
}
Event: 13.244 GC heap after
{Heap after GC invocations=34 (full 0):
 garbage-first heap   total 133120K, used 76907K [0x0000000080000000, 0x0000000100000000)
  region size 1024K, 5 young (5120K), 5 survivors (5120K)
 Metaspace       used 79446K, committed 81280K, reserved 1179648K
  class space    used 10667K, committed 11584K, reserved 1048576K
}
Event: 13.419 GC heap before
{Heap before GC invocations=35 (full 0):
 garbage-first heap   total 147456K, used 108651K [0x0000000080000000, 0x0000000100000000)
  region size 1024K, 37 young (37888K), 5 survivors (5120K)
 Metaspace       used 80037K, committed 81856K, reserved 1179648K
  class space    used 10790K, committed 11712K, reserved 1048576K
}
Event: 13.423 GC heap after
{Heap after GC invocations=36 (full 0):
 garbage-first heap   total 147456K, used 79426K [0x0000000080000000, 0x0000000100000000)
  region size 1024K, 3 young (3072K), 3 survivors (3072K)
 Metaspace       used 80037K, committed 81856K, reserved 1179648K
  class space    used 10790K, committed 11712K, reserved 1048576K
}
Event: 13.432 GC heap before
{Heap before GC invocations=36 (full 0):
 garbage-first heap   total 147456K, used 83522K [0x0000000080000000, 0x0000000100000000)
  region size 1024K, 7 young (7168K), 3 survivors (3072K)
 Metaspace       used 80043K, committed 81856K, reserved 1179648K
  class space    used 10790K, committed 11712K, reserved 1048576K
}

