# JRE version: Java(TM) SE Runtime Environment (18.0.1.1+2) (build 18.0.1.1+2-6)
# Java VM: Java HotSpot(TM) 64-Bit Server VM (18.0.1.1+2-6, mixed mode, sharing, tiered, compressed oops, compressed class ptrs, g1 gc, windows-amd64)
GC Precious Log:
 CardTable entry size: 512
 Card Set container configuration: InlinePtr #cards 5 size 8 Array Of Cards #cards 12 size 40 Howl #buckets 4 coarsen threshold 1843 Howl Bitmap #cards 512 size 80 coarsen threshold 460 Card regions per heap region 1 cards per card region 2048
 CPUs: 8 total, 8 available
 Memory: 7987M
 Large Page Support: Disabled
 NUMA Support: Disabled
 Compressed Oops: Enabled (32-bit)
 Heap Region Size: 1M
 Heap Min Capacity: 8M
 Heap Initial Capacity: 126M
 Heap Max Capacity: 2G
 Pre-touch: Disabled
 Parallel Workers: 8
 Concurrent Workers: 2
 Concurrent Refinement Workers: 8
 Periodic GC: Disabled
Heap:
 garbage-first heap   total 256000K, used 124330K [0x0000000080000000, 0x0000000100000000)
  region size 1024K, 4 young (4096K), 4 survivors (4096K)
 Metaspace       used 110109K, committed 112064K, reserved 1179648K
  class space    used 14946K, committed 15936K, reserved 1048576K
GC Heap History (20 events):
Event: 11.884 GC heap after
{Heap after GC invocations=27 (full 0):
 garbage-first heap   total 205824K, used 105978K [0x0000000080000000, 0x0000000100000000)
  region size 1024K, 4 young (4096K), 4 survivors (4096K)
 Metaspace       used 88095K, committed 89920K, reserved 1179648K
  class space    used 11906K, committed 12864K, reserved 1048576K
}
Event: 11.980 GC heap before
{Heap before GC invocations=27 (full 0):
 garbage-first heap   total 205824K, used 112122K [0x0000000080000000, 0x0000000100000000)
  region size 1024K, 10 young (10240K), 4 survivors (4096K)
 Metaspace       used 89466K, committed 91328K, reserved 1179648K
  class space    used 12098K, committed 13056K, reserved 1048576K
}
Event: 11.984 GC heap after
{Heap after GC invocations=28 (full 0):
 garbage-first heap   total 205824K, used 105392K [0x0000000080000000, 0x0000000100000000)
  region size 1024K, 1 young (1024K), 1 survivors (1024K)
 Metaspace       used 89466K, committed 91328K, reserved 1179648K
  class space    used 12098K, committed 13056K, reserved 1048576K
}
Event: 12.644 GC heap before
{Heap before GC invocations=28 (full 0):
 garbage-first heap   total 205824K, used 162736K [0x0000000080000000, 0x0000000100000000)
  region size 1024K, 58 young (59392K), 1 survivors (1024K)
 Metaspace       used 98646K, committed 100544K, reserved 1179648K
  class space    used 13782K, committed 14784K, reserved 1048576K
}
Event: 12.649 GC heap after
{Heap after GC invocations=29 (full 0):
 garbage-first heap   total 205824K, used 107551K [0x0000000080000000, 0x0000000100000000)
  region size 1024K, 4 young (4096K), 4 survivors (4096K)
 Metaspace       used 98646K, committed 100544K, reserved 1179648K
  class space    used 13782K, committed 14784K, reserved 1048576K
}
Event: 13.543 GC heap before
{Heap before GC invocations=29 (full 0):
 garbage-first heap   total 205824K, used 184351K [0x0000000080000000, 0x0000000100000000)
  region size 1024K, 61 young (62464K), 4 survivors (4096K)
 Metaspace       used 106556K, committed 108480K, reserved 1179648K
  class space    used 14817K, committed 15808K, reserved 1048576K
}
Event: 13.549 GC heap after
{Heap after GC invocations=30 (full 0):
 garbage-first heap   total 205824K, used 111068K [0x0000000080000000, 0x0000000100000000)
  region size 1024K, 7 young (7168K), 7 survivors (7168K)
 Metaspace       used 106556K, committed 108480K, reserved 1179648K
  class space    used 14817K, committed 15808K, reserved 1048576K
}
Event: 344.529 GC heap before
{Heap before GC invocations=30 (full 0):
 garbage-first heap   total 205824K, used 167388K [0x0000000080000000, 0x0000000100000000)
  region size 1024K, 63 young (64512K), 7 survivors (7168K)
 Metaspace       used 108797K, committed 110784K, reserved 1179648K
  class space    used 14923K, committed 15936K, reserved 1048576K
}
Event: 344.537 GC heap after
{Heap after GC invocations=31 (full 0):
 garbage-first heap   total 205824K, used 115813K [0x0000000080000000, 0x0000000100000000)
  region size 1024K, 8 young (8192K), 8 survivors (8192K)
 Metaspace       used 108797K, committed 110784K, reserved 1179648K
  class space    used 14923K, committed 15936K, reserved 1048576K
}
Event: 345.104 GC heap before
{Heap before GC invocations=31 (full 0):
 garbage-first heap   total 205824K, used 169061K [0x0000000080000000, 0x0000000100000000)
  region size 1024K, 59 young (60416K), 8 survivors (8192K)
 Metaspace       used 109055K, committed 110976K, reserved 1179648K
  class space    used 14923K, committed 15936K, reserved 1048576K
}
Event: 345.114 GC heap after
{Heap after GC invocations=32 (full 0):
 garbage-first heap   total 205824K, used 129477K [0x0000000080000000, 0x0000000100000000)
  region size 1024K, 8 young (8192K), 8 survivors (8192K)
 Metaspace       used 109055K, committed 110976K, reserved 1179648K
  class space    used 14923K, committed 15936K, reserved 1048576K
}
Event: 345.406 GC heap before
{Heap before GC invocations=32 (full 0):
 garbage-first heap   total 205824K, used 164293K [0x0000000080000000, 0x0000000100000000)
  region size 1024K, 43 young (44032K), 8 survivors (8192K)
 Metaspace       used 109430K, committed 111424K, reserved 1179648K
  class space    used 14925K, committed 15936K, reserved 1048576K
}
Event: 345.412 GC heap after
{Heap after GC invocations=33 (full 0):
 garbage-first heap   total 205824K, used 129493K [0x0000000080000000, 0x0000000100000000)
  region size 1024K, 4 young (4096K), 4 survivors (4096K)
 Metaspace       used 109430K, committed 111424K, reserved 1179648K
  class space    used 14925K, committed 15936K, reserved 1048576K
}
Event: 345.640 GC heap before
{Heap before GC invocations=33 (full 0):
 garbage-first heap   total 205824K, used 162261K [0x0000000080000000, 0x0000000100000000)
  region size 1024K, 20 young (20480K), 4 survivors (4096K)
 Metaspace       used 109713K, committed 111680K, reserved 1179648K
  class space    used 14929K, committed 15936K, reserved 1048576K
}
Event: 345.644 GC heap after
{Heap after GC invocations=34 (full 0):
 garbage-first heap   total 205824K, used 147954K [0x0000000080000000, 0x0000000100000000)
  region size 1024K, 1 young (1024K), 1 survivors (1024K)
 Metaspace       used 109713K, committed 111680K, reserved 1179648K
  class space    used 14929K, committed 15936K, reserved 1048576K
}
Event: 467.939 GC heap before
{Heap before GC invocations=35 (full 0):
 garbage-first heap   total 256000K, used 174578K [0x0000000080000000, 0x0000000100000000)
  region size 1024K, 27 young (27648K), 1 survivors (1024K)
 Metaspace       used 109823K, committed 111744K, reserved 1179648K
  class space    used 14922K, committed 15936K, reserved 1048576K
}
Event: 467.942 GC heap after
{Heap after GC invocations=36 (full 0):
 garbage-first heap   total 256000K, used 130540K [0x0000000080000000, 0x0000000100000000)
  region size 1024K, 2 young (2048K), 2 survivors (2048K)
 Metaspace       used 109823K, committed 111744K, reserved 1179648K
  class space    used 14922K, committed 15936K, reserved 1048576K
}
Event: 468.042 GC heap before
{Heap before GC invocations=36 (full 0):
 garbage-first heap   total 256000K, used 140780K [0x0000000080000000, 0x0000000100000000)
  region size 1024K, 12 young (12288K), 2 survivors (2048K)
 Metaspace       used 109930K, committed 111872K, reserved 1179648K
  class space    used 14923K, committed 15936K, reserved 1048576K
}
Event: 468.049 GC heap after
{Heap after GC invocations=37 (full 0):
 garbage-first heap   total 256000K, used 122536K [0x0000000080000000, 0x0000000100000000)
  region size 1024K, 2 young (2048K), 2 survivors (2048K)
 Metaspace       used 109930K, committed 111872K, reserved 1179648K
  class space    used 14923K, committed 15936K, reserved 1048576K
}
Event: 468.208 GC heap before
{Heap before GC invocations=37 (full 0):
 garbage-first heap   total 256000K, used 136872K [0x0000000080000000, 0x0000000100000000)
  region size 1024K, 17 young (17408K), 2 survivors (2048K)
 Metaspace       used 110109K, committed 112064K, reserved 1179648K
  class space    used 14946K, committed 15936K, reserved 1048576K
}

