# JRE version: Java(TM) SE Runtime Environment (18.0.1.1+2) (build 18.0.1.1+2-6)
# Java VM: Java HotSpot(TM) 64-Bit Server VM (18.0.1.1+2-6, mixed mode, sharing, tiered, compressed oops, compressed class ptrs, g1 gc, windows-amd64)
GC Precious Log:
 CardTable entry size: 512
 Card Set container configuration: InlinePtr #cards 5 size 8 Array Of Cards #cards 12 size 40 Howl #buckets 4 coarsen threshold 1843 Howl Bitmap #cards 512 size 80 coarsen threshold 460 Card regions per heap region 1 cards per card region 2048
 CPUs: 8 total, 8 available
 Memory: 7987M
 Large Page Support: Disabled
 NUMA Support: Disabled
 Compressed Oops: Enabled (32-bit)
 Heap Region Size: 1M
 Heap Min Capacity: 8M
 Heap Initial Capacity: 126M
 Heap Max Capacity: 2G
 Pre-touch: Disabled
 Parallel Workers: 8
 Concurrent Workers: 2
 Concurrent Refinement Workers: 8
 Periodic GC: Disabled
Heap:
 garbage-first heap   total 289792K, used 187490K [0x0000000080000000, 0x0000000100000000)
  region size 1024K, 91 young (93184K), 14 survivors (14336K)
 Metaspace       used 84038K, committed 85952K, reserved 1179648K
  class space    used 11318K, committed 12288K, reserved 1048576K
GC Heap History (20 events):
Event: 5.708 GC heap before
{Heap before GC invocations=14 (full 0):
 garbage-first heap   total 126976K, used 91545K [0x0000000080000000, 0x0000000100000000)
  region size 1024K, 23 young (23552K), 5 survivors (5120K)
 Metaspace       used 46563K, committed 48064K, reserved 1114112K
  class space    used 6544K, committed 7296K, reserved 1048576K
}
Event: 5.712 GC heap after
{Heap after GC invocations=15 (full 0):
 garbage-first heap   total 126976K, used 75335K [0x0000000080000000, 0x0000000100000000)
  region size 1024K, 3 young (3072K), 3 survivors (3072K)
 Metaspace       used 46563K, committed 48064K, reserved 1114112K
  class space    used 6544K, committed 7296K, reserved 1048576K
}
Event: 5.743 GC heap before
{Heap before GC invocations=15 (full 0):
 garbage-first heap   total 126976K, used 78407K [0x0000000080000000, 0x0000000100000000)
  region size 1024K, 6 young (6144K), 3 survivors (3072K)
 Metaspace       used 46645K, committed 48192K, reserved 1114112K
  class space    used 6558K, committed 7360K, reserved 1048576K
}
Event: 5.746 GC heap after
{Heap after GC invocations=16 (full 0):
 garbage-first heap   total 152576K, used 75465K [0x0000000080000000, 0x0000000100000000)
  region size 1024K, 1 young (1024K), 1 survivors (1024K)
 Metaspace       used 46645K, committed 48192K, reserved 1114112K
  class space    used 6558K, committed 7360K, reserved 1048576K
}
Event: 6.102 GC heap before
{Heap before GC invocations=16 (full 0):
 garbage-first heap   total 152576K, used 102089K [0x0000000080000000, 0x0000000100000000)
  region size 1024K, 28 young (28672K), 1 survivors (1024K)
 Metaspace       used 48914K, committed 50432K, reserved 1114112K
  class space    used 6797K, committed 7616K, reserved 1048576K
}
Event: 6.105 GC heap after
{Heap after GC invocations=17 (full 0):
 garbage-first heap   total 152576K, used 77305K [0x0000000080000000, 0x0000000100000000)
  region size 1024K, 3 young (3072K), 3 survivors (3072K)
 Metaspace       used 48914K, committed 50432K, reserved 1114112K
  class space    used 6797K, committed 7616K, reserved 1048576K
}
Event: 6.502 GC heap before
{Heap before GC invocations=18 (full 0):
 garbage-first heap   total 152576K, used 105977K [0x0000000080000000, 0x0000000100000000)
  region size 1024K, 32 young (32768K), 3 survivors (3072K)
 Metaspace       used 53577K, committed 55168K, reserved 1114112K
  class space    used 7388K, committed 8192K, reserved 1048576K
}
Event: 6.505 GC heap after
{Heap after GC invocations=19 (full 0):
 garbage-first heap   total 152576K, used 78607K [0x0000000080000000, 0x0000000100000000)
  region size 1024K, 4 young (4096K), 4 survivors (4096K)
 Metaspace       used 53577K, committed 55168K, reserved 1114112K
  class space    used 7388K, committed 8192K, reserved 1048576K
}
Event: 6.546 GC heap before
{Heap before GC invocations=19 (full 0):
 garbage-first heap   total 152576K, used 81679K [0x0000000080000000, 0x0000000100000000)
  region size 1024K, 7 young (7168K), 4 survivors (4096K)
 Metaspace       used 53960K, committed 55488K, reserved 1114112K
  class space    used 7454K, committed 8256K, reserved 1048576K
}
Event: 6.549 GC heap after
{Heap after GC invocations=20 (full 0):
 garbage-first heap   total 152576K, used 78159K [0x0000000080000000, 0x0000000100000000)
  region size 1024K, 1 young (1024K), 1 survivors (1024K)
 Metaspace       used 53960K, committed 55488K, reserved 1114112K
  class space    used 7454K, committed 8256K, reserved 1048576K
}
Event: 6.984 GC heap before
{Heap before GC invocations=20 (full 0):
 garbage-first heap   total 152576K, used 109903K [0x0000000080000000, 0x0000000100000000)
  region size 1024K, 33 young (33792K), 1 survivors (1024K)
 Metaspace       used 60113K, committed 61760K, reserved 1114112K
  class space    used 8157K, committed 9024K, reserved 1048576K
}
Event: 6.987 GC heap after
{Heap after GC invocations=21 (full 0):
 garbage-first heap   total 152576K, used 80446K [0x0000000080000000, 0x0000000100000000)
  region size 1024K, 3 young (3072K), 3 survivors (3072K)
 Metaspace       used 60113K, committed 61760K, reserved 1114112K
  class space    used 8157K, committed 9024K, reserved 1048576K
}
Event: 7.354 GC heap before
{Heap before GC invocations=22 (full 0):
 garbage-first heap   total 152576K, used 113214K [0x0000000080000000, 0x0000000100000000)
  region size 1024K, 36 young (36864K), 3 survivors (3072K)
 Metaspace       used 63029K, committed 64704K, reserved 1114112K
  class space    used 8510K, committed 9344K, reserved 1048576K
}
Event: 7.358 GC heap after
{Heap after GC invocations=23 (full 0):
 garbage-first heap   total 152576K, used 83541K [0x0000000080000000, 0x0000000100000000)
  region size 1024K, 5 young (5120K), 5 survivors (5120K)
 Metaspace       used 63029K, committed 64704K, reserved 1114112K
  class space    used 8510K, committed 9344K, reserved 1048576K
}
Event: 7.384 GC heap before
{Heap before GC invocations=23 (full 0):
 garbage-first heap   total 152576K, used 85589K [0x0000000080000000, 0x0000000100000000)
  region size 1024K, 7 young (7168K), 5 survivors (5120K)
 Metaspace       used 63263K, committed 64960K, reserved 1114112K
  class space    used 8541K, committed 9408K, reserved 1048576K
}
Event: 7.388 GC heap after
{Heap after GC invocations=24 (full 0):
 garbage-first heap   total 152576K, used 83633K [0x0000000080000000, 0x0000000100000000)
  region size 1024K, 1 young (1024K), 1 survivors (1024K)
 Metaspace       used 63263K, committed 64960K, reserved 1114112K
  class space    used 8541K, committed 9408K, reserved 1048576K
}
Event: 7.772 GC heap before
{Heap before GC invocations=24 (full 0):
 garbage-first heap   total 152576K, used 117425K [0x0000000080000000, 0x0000000100000000)
  region size 1024K, 34 young (34816K), 1 survivors (1024K)
 Metaspace       used 65083K, committed 66752K, reserved 1114112K
  class space    used 8767K, committed 9600K, reserved 1048576K
}
Event: 7.776 GC heap after
{Heap after GC invocations=25 (full 0):
 garbage-first heap   total 289792K, used 85592K [0x0000000080000000, 0x0000000100000000)
  region size 1024K, 3 young (3072K), 3 survivors (3072K)
 Metaspace       used 65083K, committed 66752K, reserved 1114112K
  class space    used 8767K, committed 9600K, reserved 1048576K
}
Event: 8.930 GC heap before
{Heap before GC invocations=26 (full 0):
 garbage-first heap   total 289792K, used 205400K [0x0000000080000000, 0x0000000100000000)
  region size 1024K, 111 young (113664K), 3 survivors (3072K)
 Metaspace       used 73935K, committed 75776K, reserved 1114112K
  class space    used 10040K, committed 10944K, reserved 1048576K
}
Event: 8.941 GC heap after
{Heap after GC invocations=27 (full 0):
 garbage-first heap   total 289792K, used 108642K [0x0000000080000000, 0x0000000100000000)
  region size 1024K, 14 young (14336K), 14 survivors (14336K)
 Metaspace       used 73935K, committed 75776K, reserved 1114112K
  class space    used 10040K, committed 10944K, reserved 1048576K
}

