# JRE version: Java(TM) SE Runtime Environment (18.0.1.1+2) (build 18.0.1.1+2-6)
# Java VM: Java HotSpot(TM) 64-Bit Server VM (18.0.1.1+2-6, mixed mode, sharing, tiered, compressed oops, compressed class ptrs, g1 gc, windows-amd64)
GC Precious Log:
 CardTable entry size: 512
 Card Set container configuration: InlinePtr #cards 5 size 8 Array Of Cards #cards 12 size 40 Howl #buckets 4 coarsen threshold 1843 Howl Bitmap #cards 512 size 80 coarsen threshold 460 Card regions per heap region 1 cards per card region 2048
 CPUs: 8 total, 8 available
 Memory: 7987M
 Large Page Support: Disabled
 NUMA Support: Disabled
 Compressed Oops: Enabled (32-bit)
 Heap Region Size: 1M
 Heap Min Capacity: 8M
 Heap Initial Capacity: 126M
 Heap Max Capacity: 2G
 Pre-touch: Disabled
 Parallel Workers: 8
 Concurrent Workers: 2
 Concurrent Refinement Workers: 8
 Periodic GC: Disabled
Heap:
 garbage-first heap   total 239616K, used 154217K [0x0000000080000000, 0x0000000100000000)
  region size 1024K, 6 young (6144K), 6 survivors (6144K)
 Metaspace       used 97086K, committed 99008K, reserved 1179648K
  class space    used 12526K, committed 13504K, reserved 1048576K
GC Heap History (20 events):
Event: 370.228 GC heap after
{Heap after GC invocations=24 (full 0):
 garbage-first heap   total 179200K, used 109483K [0x0000000080000000, 0x0000000100000000)
  region size 1024K, 6 young (6144K), 6 survivors (6144K)
 Metaspace       used 82533K, committed 84352K, reserved 1179648K
  class space    used 10966K, committed 11904K, reserved 1048576K
}
Event: 370.261 GC heap before
{Heap before GC invocations=24 (full 0):
 garbage-first heap   total 179200K, used 111531K [0x0000000080000000, 0x0000000100000000)
  region size 1024K, 8 young (8192K), 6 survivors (6144K)
 Metaspace       used 82535K, committed 84352K, reserved 1179648K
  class space    used 10966K, committed 11904K, reserved 1048576K
}
Event: 370.266 GC heap after
{Heap after GC invocations=25 (full 0):
 garbage-first heap   total 179200K, used 110119K [0x0000000080000000, 0x0000000100000000)
  region size 1024K, 1 young (1024K), 1 survivors (1024K)
 Metaspace       used 82535K, committed 84352K, reserved 1179648K
  class space    used 10966K, committed 11904K, reserved 1048576K
}
Event: 370.644 GC heap before
{Heap before GC invocations=25 (full 0):
 garbage-first heap   total 179200K, used 146983K [0x0000000080000000, 0x0000000100000000)
  region size 1024K, 31 young (31744K), 1 survivors (1024K)
 Metaspace       used 82636K, committed 84480K, reserved 1179648K
  class space    used 10970K, committed 11904K, reserved 1048576K
}
Event: 370.651 GC heap after
{Heap after GC invocations=26 (full 0):
 garbage-first heap   total 179200K, used 121642K [0x0000000080000000, 0x0000000100000000)
  region size 1024K, 4 young (4096K), 4 survivors (4096K)
 Metaspace       used 82636K, committed 84480K, reserved 1179648K
  class space    used 10970K, committed 11904K, reserved 1048576K
}
Event: 370.822 GC heap before
{Heap before GC invocations=27 (full 0):
 garbage-first heap   total 239616K, used 153386K [0x0000000080000000, 0x0000000100000000)
  region size 1024K, 26 young (26624K), 4 survivors (4096K)
 Metaspace       used 83192K, committed 85120K, reserved 1179648K
  class space    used 11004K, committed 11968K, reserved 1048576K
}
Event: 370.828 GC heap after
{Heap after GC invocations=28 (full 0):
 garbage-first heap   total 239616K, used 121174K [0x0000000080000000, 0x0000000100000000)
  region size 1024K, 4 young (4096K), 4 survivors (4096K)
 Metaspace       used 83192K, committed 85120K, reserved 1179648K
  class space    used 11004K, committed 11968K, reserved 1048576K
}
Event: 370.847 GC heap before
{Heap before GC invocations=28 (full 0):
 garbage-first heap   total 239616K, used 128342K [0x0000000080000000, 0x0000000100000000)
  region size 1024K, 11 young (11264K), 4 survivors (4096K)
 Metaspace       used 83239K, committed 85120K, reserved 1179648K
  class space    used 11010K, committed 11968K, reserved 1048576K
}
Event: 370.850 GC heap after
{Heap after GC invocations=29 (full 0):
 garbage-first heap   total 239616K, used 121567K [0x0000000080000000, 0x0000000100000000)
  region size 1024K, 2 young (2048K), 2 survivors (2048K)
 Metaspace       used 83239K, committed 85120K, reserved 1179648K
  class space    used 11010K, committed 11968K, reserved 1048576K
}
Event: 371.220 GC heap before
{Heap before GC invocations=29 (full 0):
 garbage-first heap   total 239616K, used 178911K [0x0000000080000000, 0x0000000100000000)
  region size 1024K, 59 young (60416K), 2 survivors (2048K)
 Metaspace       used 86921K, committed 88832K, reserved 1179648K
  class space    used 11318K, committed 12288K, reserved 1048576K
}
Event: 371.225 GC heap after
{Heap after GC invocations=30 (full 0):
 garbage-first heap   total 239616K, used 126353K [0x0000000080000000, 0x0000000100000000)
  region size 1024K, 6 young (6144K), 6 survivors (6144K)
 Metaspace       used 86921K, committed 88832K, reserved 1179648K
  class space    used 11318K, committed 12288K, reserved 1048576K
}
Event: 371.580 GC heap before
{Heap before GC invocations=30 (full 0):
 garbage-first heap   total 239616K, used 194961K [0x0000000080000000, 0x0000000100000000)
  region size 1024K, 63 young (64512K), 6 survivors (6144K)
 Metaspace       used 87820K, committed 89664K, reserved 1179648K
  class space    used 11384K, committed 12352K, reserved 1048576K
}
Event: 371.584 GC heap after
{Heap after GC invocations=31 (full 0):
 garbage-first heap   total 239616K, used 126169K [0x0000000080000000, 0x0000000100000000)
  region size 1024K, 3 young (3072K), 3 survivors (3072K)
 Metaspace       used 87820K, committed 89664K, reserved 1179648K
  class space    used 11384K, committed 12352K, reserved 1048576K
}
Event: 372.827 GC heap before
{Heap before GC invocations=31 (full 0):
 garbage-first heap   total 239616K, used 187609K [0x0000000080000000, 0x0000000100000000)
  region size 1024K, 64 young (65536K), 3 survivors (3072K)
 Metaspace       used 92697K, committed 94656K, reserved 1179648K
  class space    used 11989K, committed 12992K, reserved 1048576K
}
Event: 372.830 GC heap after
{Heap after GC invocations=32 (full 0):
 garbage-first heap   total 239616K, used 127749K [0x0000000080000000, 0x0000000100000000)
  region size 1024K, 5 young (5120K), 5 survivors (5120K)
 Metaspace       used 92697K, committed 94656K, reserved 1179648K
  class space    used 11989K, committed 12992K, reserved 1048576K
}
Event: 373.889 GC heap before
{Heap before GC invocations=32 (full 0):
 garbage-first heap   total 239616K, used 191237K [0x0000000080000000, 0x0000000100000000)
  region size 1024K, 68 young (69632K), 5 survivors (5120K)
 Metaspace       used 94247K, committed 96192K, reserved 1179648K
  class space    used 12175K, committed 13184K, reserved 1048576K
}
Event: 373.897 GC heap after
{Heap after GC invocations=33 (full 0):
 garbage-first heap   total 239616K, used 133495K [0x0000000080000000, 0x0000000100000000)
  region size 1024K, 9 young (9216K), 9 survivors (9216K)
 Metaspace       used 94247K, committed 96192K, reserved 1179648K
  class space    used 12175K, committed 13184K, reserved 1048576K
}
Event: 374.180 GC heap before
{Heap before GC invocations=33 (full 0):
 garbage-first heap   total 239616K, used 200055K [0x0000000080000000, 0x0000000100000000)
  region size 1024K, 69 young (70656K), 9 survivors (9216K)
 Metaspace       used 94905K, committed 96832K, reserved 1179648K
  class space    used 12236K, committed 13248K, reserved 1048576K
}
Event: 374.189 GC heap after
{Heap after GC invocations=34 (full 0):
 garbage-first heap   total 239616K, used 148441K [0x0000000080000000, 0x0000000100000000)
  region size 1024K, 9 young (9216K), 9 survivors (9216K)
 Metaspace       used 94905K, committed 96832K, reserved 1179648K
  class space    used 12236K, committed 13248K, reserved 1048576K
}
Event: 374.387 GC heap before
{Heap before GC invocations=34 (full 0):
 garbage-first heap   total 239616K, used 195545K [0x0000000080000000, 0x0000000100000000)
  region size 1024K, 56 young (57344K), 9 survivors (9216K)
 Metaspace       used 97086K, committed 99008K, reserved 1179648K
  class space    used 12526K, committed 13504K, reserved 1048576K
}

