# JRE version: Java(TM) SE Runtime Environment (18.0.1.1+2) (build 18.0.1.1+2-6)
# Java VM: Java HotSpot(TM) 64-Bit Server VM (18.0.1.1+2-6, mixed mode, sharing, tiered, compressed oops, compressed class ptrs, g1 gc, windows-amd64)
GC Precious Log:
 CardTable entry size: 512
 Card Set container configuration: InlinePtr #cards 5 size 8 Array Of Cards #cards 12 size 40 Howl #buckets 4 coarsen threshold 1843 Howl Bitmap #cards 512 size 80 coarsen threshold 460 Card regions per heap region 1 cards per card region 2048
 CPUs: 8 total, 8 available
 Memory: 7987M
 Large Page Support: Disabled
 NUMA Support: Disabled
 Compressed Oops: Enabled (32-bit)
 Heap Region Size: 1M
 Heap Min Capacity: 8M
 Heap Initial Capacity: 126M
 Heap Max Capacity: 2G
 Pre-touch: Disabled
 Parallel Workers: 8
 Concurrent Workers: 2
 Concurrent Refinement Workers: 8
 Periodic GC: Disabled
Heap:
 garbage-first heap   total 410624K, used 156760K [0x0000000080000000, 0x0000000100000000)
  region size 1024K, 9 young (9216K), 9 survivors (9216K)
 Metaspace       used 93292K, committed 95104K, reserved 1179648K
  class space    used 12930K, committed 13888K, reserved 1048576K
GC Heap History (20 events):
Event: 7.919 GC heap after
{Heap after GC invocations=27 (full 0):
 garbage-first heap   total 174080K, used 65762K [0x0000000080000000, 0x0000000100000000)
  region size 1024K, 7 young (7168K), 7 survivors (7168K)
 Metaspace       used 68483K, committed 70272K, reserved 1114112K
  class space    used 9443K, committed 10368K, reserved 1048576K
}
Event: 8.826 GC heap before
{Heap before GC invocations=27 (full 0):
 garbage-first heap   total 174080K, used 140514K [0x0000000080000000, 0x0000000100000000)
  region size 1024K, 80 young (81920K), 7 survivors (7168K)
 Metaspace       used 75454K, committed 77312K, reserved 1179648K
  class space    used 10379K, committed 11328K, reserved 1048576K
}
Event: 8.835 GC heap after
{Heap after GC invocations=28 (full 0):
 garbage-first heap   total 174080K, used 74114K [0x0000000080000000, 0x0000000100000000)
  region size 1024K, 9 young (9216K), 9 survivors (9216K)
 Metaspace       used 75454K, committed 77312K, reserved 1179648K
  class space    used 10379K, committed 11328K, reserved 1048576K
}
Event: 9.210 GC heap before
{Heap before GC invocations=28 (full 0):
 garbage-first heap   total 174080K, used 137602K [0x0000000080000000, 0x0000000100000000)
  region size 1024K, 72 young (73728K), 9 survivors (9216K)
 Metaspace       used 76052K, committed 77888K, reserved 1179648K
  class space    used 10432K, committed 11392K, reserved 1048576K
}
Event: 9.218 GC heap after
{Heap after GC invocations=29 (full 0):
 garbage-first heap   total 174080K, used 79102K [0x0000000080000000, 0x0000000100000000)
  region size 1024K, 6 young (6144K), 6 survivors (6144K)
 Metaspace       used 76052K, committed 77888K, reserved 1179648K
  class space    used 10432K, committed 11392K, reserved 1048576K
}
Event: 9.937 GC heap before
{Heap before GC invocations=29 (full 0):
 garbage-first heap   total 174080K, used 138494K [0x0000000080000000, 0x0000000100000000)
  region size 1024K, 65 young (66560K), 6 survivors (6144K)
 Metaspace       used 80513K, committed 82368K, reserved 1179648K
  class space    used 10998K, committed 11968K, reserved 1048576K
}
Event: 9.943 GC heap after
{Heap after GC invocations=30 (full 0):
 garbage-first heap   total 174080K, used 84414K [0x0000000080000000, 0x0000000100000000)
  region size 1024K, 6 young (6144K), 6 survivors (6144K)
 Metaspace       used 80513K, committed 82368K, reserved 1179648K
  class space    used 10998K, committed 11968K, reserved 1048576K
}
Event: 10.211 GC heap before
{Heap before GC invocations=30 (full 0):
 garbage-first heap   total 174080K, used 139710K [0x0000000080000000, 0x0000000100000000)
  region size 1024K, 61 young (62464K), 6 survivors (6144K)
 Metaspace       used 81764K, committed 83584K, reserved 1179648K
  class space    used 11185K, committed 12160K, reserved 1048576K
}
Event: 10.218 GC heap after
{Heap after GC invocations=31 (full 0):
 garbage-first heap   total 174080K, used 94192K [0x0000000080000000, 0x0000000100000000)
  region size 1024K, 8 young (8192K), 8 survivors (8192K)
 Metaspace       used 81764K, committed 83584K, reserved 1179648K
  class space    used 11185K, committed 12160K, reserved 1048576K
}
Event: 10.353 GC heap before
{Heap before GC invocations=31 (full 0):
 garbage-first heap   total 224256K, used 139248K [0x0000000080000000, 0x0000000100000000)
  region size 1024K, 53 young (54272K), 8 survivors (8192K)
 Metaspace       used 82943K, committed 84736K, reserved 1179648K
  class space    used 11343K, committed 12288K, reserved 1048576K
}
Event: 10.358 GC heap after
{Heap after GC invocations=32 (full 0):
 garbage-first heap   total 224256K, used 101333K [0x0000000080000000, 0x0000000100000000)
  region size 1024K, 7 young (7168K), 7 survivors (7168K)
 Metaspace       used 82943K, committed 84736K, reserved 1179648K
  class space    used 11343K, committed 12288K, reserved 1048576K
}
Event: 10.718 GC heap before
{Heap before GC invocations=33 (full 0):
 garbage-first heap   total 224256K, used 174037K [0x0000000080000000, 0x0000000100000000)
  region size 1024K, 79 young (80896K), 7 survivors (7168K)
 Metaspace       used 86516K, committed 88448K, reserved 1179648K
  class space    used 11880K, committed 12864K, reserved 1048576K
}
Event: 10.731 GC heap after
{Heap after GC invocations=34 (full 0):
 garbage-first heap   total 410624K, used 112984K [0x0000000080000000, 0x0000000100000000)
  region size 1024K, 10 young (10240K), 10 survivors (10240K)
 Metaspace       used 86516K, committed 88448K, reserved 1179648K
  class space    used 11880K, committed 12864K, reserved 1048576K
}
Event: 10.765 GC heap before
{Heap before GC invocations=34 (full 0):
 garbage-first heap   total 410624K, used 123224K [0x0000000080000000, 0x0000000100000000)
  region size 1024K, 20 young (20480K), 10 survivors (10240K)
 Metaspace       used 86824K, committed 88704K, reserved 1179648K
  class space    used 11905K, committed 12864K, reserved 1048576K
}
Event: 10.774 GC heap after
{Heap after GC invocations=35 (full 0):
 garbage-first heap   total 410624K, used 115980K [0x0000000080000000, 0x0000000100000000)
  region size 1024K, 3 young (3072K), 3 survivors (3072K)
 Metaspace       used 86824K, committed 88704K, reserved 1179648K
  class space    used 11905K, committed 12864K, reserved 1048576K
}
Event: 11.205 GC heap before
{Heap before GC invocations=35 (full 0):
 garbage-first heap   total 410624K, used 312588K [0x0000000080000000, 0x0000000100000000)
  region size 1024K, 196 young (200704K), 3 survivors (3072K)
 Metaspace       used 90872K, committed 92736K, reserved 1179648K
  class space    used 12632K, committed 13568K, reserved 1048576K
}
Event: 11.229 GC heap after
{Heap after GC invocations=36 (full 0):
 garbage-first heap   total 410624K, used 147701K [0x0000000080000000, 0x0000000100000000)
  region size 1024K, 25 young (25600K), 25 survivors (25600K)
 Metaspace       used 90872K, committed 92736K, reserved 1179648K
  class space    used 12632K, committed 13568K, reserved 1048576K
}
Event: 11.698 GC heap before
{Heap before GC invocations=36 (full 0):
 garbage-first heap   total 410624K, used 291061K [0x0000000080000000, 0x0000000100000000)
  region size 1024K, 165 young (168960K), 25 survivors (25600K)
 Metaspace       used 92213K, committed 94016K, reserved 1179648K
  class space    used 12810K, committed 13760K, reserved 1048576K
}
Event: 11.718 GC heap after
{Heap after GC invocations=37 (full 0):
 garbage-first heap   total 410624K, used 157500K [0x0000000080000000, 0x0000000100000000)
  region size 1024K, 9 young (9216K), 9 survivors (9216K)
 Metaspace       used 92213K, committed 94016K, reserved 1179648K
  class space    used 12810K, committed 13760K, reserved 1048576K
}
Event: 12.122 GC heap before
{Heap before GC invocations=37 (full 0):
 garbage-first heap   total 410624K, used 305980K [0x0000000080000000, 0x0000000100000000)
  region size 1024K, 154 young (157696K), 9 survivors (9216K)
 Metaspace       used 93292K, committed 95104K, reserved 1179648K
  class space    used 12930K, committed 13888K, reserved 1048576K
}

