# JRE version: Java(TM) SE Runtime Environment (18.0.1.1+2) (build 18.0.1.1+2-6)
# Java VM: Java HotSpot(TM) 64-Bit Server VM (18.0.1.1+2-6, mixed mode, sharing, tiered, compressed oops, compressed class ptrs, g1 gc, windows-amd64)
GC Precious Log:
 CardTable entry size: 512
 Card Set container configuration: InlinePtr #cards 5 size 8 Array Of Cards #cards 12 size 40 Howl #buckets 4 coarsen threshold 1843 Howl Bitmap #cards 512 size 80 coarsen threshold 460 Card regions per heap region 1 cards per card region 2048
 CPUs: 8 total, 8 available
 Memory: 7987M
 Large Page Support: Disabled
 NUMA Support: Disabled
 Compressed Oops: Enabled (32-bit)
 Heap Region Size: 1M
 Heap Min Capacity: 8M
 Heap Initial Capacity: 126M
 Heap Max Capacity: 2G
 Pre-touch: Disabled
 Parallel Workers: 8
 Concurrent Workers: 2
 Concurrent Refinement Workers: 8
 Periodic GC: Disabled
Heap:
 garbage-first heap   total 209920K, used 126587K [0x0000000080000000, 0x0000000100000000)
  region size 1024K, 2 young (2048K), 2 survivors (2048K)
 Metaspace       used 84895K, committed 86720K, reserved 1179648K
  class space    used 11553K, committed 12480K, reserved 1048576K
GC Heap History (20 events):
Event: 8.501 GC heap after
{Heap after GC invocations=29 (full 0):
 garbage-first heap   total 129024K, used 76629K [0x0000000080000000, 0x0000000100000000)
  region size 1024K, 3 young (3072K), 3 survivors (3072K)
 Metaspace       used 75533K, committed 77440K, reserved 1179648K
  class space    used 10363K, committed 11328K, reserved 1048576K
}
Event: 8.733 GC heap before
{Heap before GC invocations=30 (full 0):
 garbage-first heap   total 147456K, used 104277K [0x0000000080000000, 0x0000000100000000)
  region size 1024K, 31 young (31744K), 3 survivors (3072K)
 Metaspace       used 75738K, committed 77568K, reserved 1179648K
  class space    used 10367K, committed 11328K, reserved 1048576K
}
Event: 8.737 GC heap after
{Heap after GC invocations=31 (full 0):
 garbage-first heap   total 147456K, used 78295K [0x0000000080000000, 0x0000000100000000)
  region size 1024K, 4 young (4096K), 4 survivors (4096K)
 Metaspace       used 75738K, committed 77568K, reserved 1179648K
  class space    used 10367K, committed 11328K, reserved 1048576K
}
Event: 9.026 GC heap before
{Heap before GC invocations=31 (full 0):
 garbage-first heap   total 147456K, used 118231K [0x0000000080000000, 0x0000000100000000)
  region size 1024K, 44 young (45056K), 4 survivors (4096K)
 Metaspace       used 76216K, committed 78080K, reserved 1179648K
  class space    used 10408K, committed 11392K, reserved 1048576K
}
Event: 9.031 GC heap after
{Heap after GC invocations=32 (full 0):
 garbage-first heap   total 147456K, used 81833K [0x0000000080000000, 0x0000000100000000)
  region size 1024K, 6 young (6144K), 6 survivors (6144K)
 Metaspace       used 76216K, committed 78080K, reserved 1179648K
  class space    used 10408K, committed 11392K, reserved 1048576K
}
Event: 9.354 GC heap before
{Heap before GC invocations=33 (full 0):
 garbage-first heap   total 155648K, used 118697K [0x0000000080000000, 0x0000000100000000)
  region size 1024K, 43 young (44032K), 6 survivors (6144K)
 Metaspace       used 77220K, committed 79104K, reserved 1179648K
  class space    used 10532K, committed 11520K, reserved 1048576K
}
Event: 9.360 GC heap after
{Heap after GC invocations=34 (full 0):
 garbage-first heap   total 155648K, used 84755K [0x0000000080000000, 0x0000000100000000)
  region size 1024K, 4 young (4096K), 4 survivors (4096K)
 Metaspace       used 77220K, committed 79104K, reserved 1179648K
  class space    used 10532K, committed 11520K, reserved 1048576K
}
Event: 9.370 GC heap before
{Heap before GC invocations=34 (full 0):
 garbage-first heap   total 155648K, used 87827K [0x0000000080000000, 0x0000000100000000)
  region size 1024K, 7 young (7168K), 4 survivors (4096K)
 Metaspace       used 77265K, committed 79168K, reserved 1179648K
  class space    used 10534K, committed 11520K, reserved 1048576K
}
Event: 9.373 GC heap after
{Heap after GC invocations=35 (full 0):
 garbage-first heap   total 187392K, used 85180K [0x0000000080000000, 0x0000000100000000)
  region size 1024K, 1 young (1024K), 1 survivors (1024K)
 Metaspace       used 77265K, committed 79168K, reserved 1179648K
  class space    used 10534K, committed 11520K, reserved 1048576K
}
Event: 9.724 GC heap before
{Heap before GC invocations=35 (full 0):
 garbage-first heap   total 187392K, used 151740K [0x0000000080000000, 0x0000000100000000)
  region size 1024K, 67 young (68608K), 1 survivors (1024K)
 Metaspace       used 79586K, committed 81408K, reserved 1179648K
  class space    used 10843K, committed 11776K, reserved 1048576K
}
Event: 9.729 GC heap after
{Heap after GC invocations=36 (full 0):
 garbage-first heap   total 187392K, used 88783K [0x0000000080000000, 0x0000000100000000)
  region size 1024K, 5 young (5120K), 5 survivors (5120K)
 Metaspace       used 79586K, committed 81408K, reserved 1179648K
  class space    used 10843K, committed 11776K, reserved 1048576K
}
Event: 10.116 GC heap before
{Heap before GC invocations=37 (full 0):
 garbage-first heap   total 187392K, used 169679K [0x0000000080000000, 0x0000000100000000)
  region size 1024K, 68 young (69632K), 5 survivors (5120K)
 Metaspace       used 84089K, committed 85952K, reserved 1179648K
  class space    used 11442K, committed 12416K, reserved 1048576K
}
Event: 10.124 GC heap after
{Heap after GC invocations=38 (full 0):
 garbage-first heap   total 189440K, used 113569K [0x0000000080000000, 0x0000000100000000)
  region size 1024K, 9 young (9216K), 9 survivors (9216K)
 Metaspace       used 84089K, committed 85952K, reserved 1179648K
  class space    used 11442K, committed 12416K, reserved 1048576K
}
Event: 10.128 GC heap before
{Heap before GC invocations=38 (full 0):
 garbage-first heap   total 189440K, used 113569K [0x0000000080000000, 0x0000000100000000)
  region size 1024K, 10 young (10240K), 9 survivors (9216K)
 Metaspace       used 84091K, committed 85952K, reserved 1179648K
  class space    used 11442K, committed 12416K, reserved 1048576K
}
Event: 10.132 GC heap after
{Heap after GC invocations=39 (full 0):
 garbage-first heap   total 189440K, used 113715K [0x0000000080000000, 0x0000000100000000)
  region size 1024K, 1 young (1024K), 1 survivors (1024K)
 Metaspace       used 84091K, committed 85952K, reserved 1179648K
  class space    used 11442K, committed 12416K, reserved 1048576K
}
Event: 10.133 GC heap before
{Heap before GC invocations=39 (full 0):
 garbage-first heap   total 189440K, used 113715K [0x0000000080000000, 0x0000000100000000)
  region size 1024K, 3 young (3072K), 1 survivors (1024K)
 Metaspace       used 84092K, committed 85952K, reserved 1179648K
  class space    used 11442K, committed 12416K, reserved 1048576K
}
Event: 10.135 GC heap after
{Heap after GC invocations=40 (full 0):
 garbage-first heap   total 189440K, used 114360K [0x0000000080000000, 0x0000000100000000)
  region size 1024K, 2 young (2048K), 2 survivors (2048K)
 Metaspace       used 84092K, committed 85952K, reserved 1179648K
  class space    used 11442K, committed 12416K, reserved 1048576K
}
Event: 10.335 GC heap before
{Heap before GC invocations=41 (full 0):
 garbage-first heap   total 209920K, used 145080K [0x0000000080000000, 0x0000000100000000)
  region size 1024K, 31 young (31744K), 2 survivors (2048K)
 Metaspace       used 84866K, committed 86656K, reserved 1179648K
  class space    used 11553K, committed 12480K, reserved 1048576K
}
Event: 10.342 GC heap after
{Heap after GC invocations=42 (full 0):
 garbage-first heap   total 209920K, used 125144K [0x0000000080000000, 0x0000000100000000)
  region size 1024K, 4 young (4096K), 4 survivors (4096K)
 Metaspace       used 84866K, committed 86656K, reserved 1179648K
  class space    used 11553K, committed 12480K, reserved 1048576K
}
Event: 10.353 GC heap before
{Heap before GC invocations=42 (full 0):
 garbage-first heap   total 209920K, used 131288K [0x0000000080000000, 0x0000000100000000)
  region size 1024K, 10 young (10240K), 4 survivors (4096K)
 Metaspace       used 84895K, committed 86720K, reserved 1179648K
  class space    used 11553K, committed 12480K, reserved 1048576K
}

