# JRE version: Java(TM) SE Runtime Environment (18.0.1.1+2) (build 18.0.1.1+2-6)
# Java VM: Java HotSpot(TM) 64-Bit Server VM (18.0.1.1+2-6, mixed mode, sharing, tiered, compressed oops, compressed class ptrs, g1 gc, windows-amd64)
GC Precious Log:
 CardTable entry size: 512
 Card Set container configuration: InlinePtr #cards 5 size 8 Array Of Cards #cards 12 size 40 Howl #buckets 4 coarsen threshold 1843 Howl Bitmap #cards 512 size 80 coarsen threshold 460 Card regions per heap region 1 cards per card region 2048
 CPUs: 8 total, 8 available
 Memory: 7987M
 Large Page Support: Disabled
 NUMA Support: Disabled
 Compressed Oops: Enabled (32-bit)
 Heap Region Size: 1M
 Heap Min Capacity: 8M
 Heap Initial Capacity: 126M
 Heap Max Capacity: 2G
 Pre-touch: Disabled
 Parallel Workers: 8
 Concurrent Workers: 2
 Concurrent Refinement Workers: 8
 Periodic GC: Disabled
Heap:
 garbage-first heap   total 250880K, used 89867K [0x0000000080000000, 0x0000000100000000)
  region size 1024K, 4 young (4096K), 2 survivors (2048K)
 Metaspace       used 80647K, committed 82496K, reserved 1179648K
  class space    used 10974K, committed 11904K, reserved 1048576K
GC Heap History (20 events):
Event: 6.850 GC heap before
{Heap before GC invocations=21 (full 0):
 garbage-first heap   total 121856K, used 95170K [0x0000000080000000, 0x0000000100000000)
  region size 1024K, 40 young (40960K), 3 survivors (3072K)
 Metaspace       used 63764K, committed 65536K, reserved 1114112K
  class space    used 8695K, committed 9600K, reserved 1048576K
}
Event: 6.853 GC heap after
{Heap after GC invocations=22 (full 0):
 garbage-first heap   total 121856K, used 60477K [0x0000000080000000, 0x0000000100000000)
  region size 1024K, 5 young (5120K), 5 survivors (5120K)
 Metaspace       used 63764K, committed 65536K, reserved 1114112K
  class space    used 8695K, committed 9600K, reserved 1048576K
}
Event: 7.180 GC heap before
{Heap before GC invocations=22 (full 0):
 garbage-first heap   total 121856K, used 97341K [0x0000000080000000, 0x0000000100000000)
  region size 1024K, 41 young (41984K), 5 survivors (5120K)
 Metaspace       used 65445K, committed 67200K, reserved 1114112K
  class space    used 8952K, committed 9856K, reserved 1048576K
}
Event: 7.185 GC heap after
{Heap after GC invocations=23 (full 0):
 garbage-first heap   total 121856K, used 64150K [0x0000000080000000, 0x0000000100000000)
  region size 1024K, 6 young (6144K), 6 survivors (6144K)
 Metaspace       used 65445K, committed 67200K, reserved 1114112K
  class space    used 8952K, committed 9856K, reserved 1048576K
}
Event: 7.545 GC heap before
{Heap before GC invocations=24 (full 0):
 garbage-first heap   total 121856K, used 97942K [0x0000000080000000, 0x0000000100000000)
  region size 1024K, 39 young (39936K), 6 survivors (6144K)
 Metaspace       used 68716K, committed 70400K, reserved 1114112K
  class space    used 9443K, committed 10304K, reserved 1048576K
}
Event: 7.551 GC heap after
{Heap after GC invocations=25 (full 0):
 garbage-first heap   total 121856K, used 66566K [0x0000000080000000, 0x0000000100000000)
  region size 1024K, 3 young (3072K), 3 survivors (3072K)
 Metaspace       used 68716K, committed 70400K, reserved 1114112K
  class space    used 9443K, committed 10304K, reserved 1048576K
}
Event: 7.962 GC heap before
{Heap before GC invocations=25 (full 0):
 garbage-first heap   total 121856K, used 98310K [0x0000000080000000, 0x0000000100000000)
  region size 1024K, 35 young (35840K), 3 survivors (3072K)
 Metaspace       used 72164K, committed 73920K, reserved 1114112K
  class space    used 9862K, committed 10752K, reserved 1048576K
}
Event: 7.967 GC heap after
{Heap after GC invocations=26 (full 0):
 garbage-first heap   total 121856K, used 70701K [0x0000000080000000, 0x0000000100000000)
  region size 1024K, 5 young (5120K), 5 survivors (5120K)
 Metaspace       used 72164K, committed 73920K, reserved 1114112K
  class space    used 9862K, committed 10752K, reserved 1048576K
}
Event: 8.352 GC heap before
{Heap before GC invocations=27 (full 0):
 garbage-first heap   total 128000K, used 98349K [0x0000000080000000, 0x0000000100000000)
  region size 1024K, 32 young (32768K), 5 survivors (5120K)
 Metaspace       used 75068K, committed 76928K, reserved 1179648K
  class space    used 10260K, committed 11200K, reserved 1048576K
}
Event: 8.358 GC heap after
{Heap after GC invocations=28 (full 0):
 garbage-first heap   total 128000K, used 74478K [0x0000000080000000, 0x0000000100000000)
  region size 1024K, 4 young (4096K), 4 survivors (4096K)
 Metaspace       used 75068K, committed 76928K, reserved 1179648K
  class space    used 10260K, committed 11200K, reserved 1048576K
}
Event: 8.524 GC heap before
{Heap before GC invocations=28 (full 0):
 garbage-first heap   total 128000K, used 102126K [0x0000000080000000, 0x0000000100000000)
  region size 1024K, 32 young (32768K), 4 survivors (4096K)
 Metaspace       used 75579K, committed 77376K, reserved 1179648K
  class space    used 10371K, committed 11264K, reserved 1048576K
}
Event: 8.528 GC heap after
{Heap after GC invocations=29 (full 0):
 garbage-first heap   total 128000K, used 76749K [0x0000000080000000, 0x0000000100000000)
  region size 1024K, 3 young (3072K), 3 survivors (3072K)
 Metaspace       used 75579K, committed 77376K, reserved 1179648K
  class space    used 10371K, committed 11264K, reserved 1048576K
}
Event: 8.715 GC heap before
{Heap before GC invocations=30 (full 0):
 garbage-first heap   total 150528K, used 102349K [0x0000000080000000, 0x0000000100000000)
  region size 1024K, 29 young (29696K), 3 survivors (3072K)
 Metaspace       used 75752K, committed 77504K, reserved 1179648K
  class space    used 10376K, committed 11264K, reserved 1048576K
}
Event: 8.718 GC heap after
{Heap after GC invocations=31 (full 0):
 garbage-first heap   total 150528K, used 78523K [0x0000000080000000, 0x0000000100000000)
  region size 1024K, 4 young (4096K), 4 survivors (4096K)
 Metaspace       used 75752K, committed 77504K, reserved 1179648K
  class space    used 10376K, committed 11264K, reserved 1048576K
}
Event: 8.733 GC heap before
{Heap before GC invocations=31 (full 0):
 garbage-first heap   total 150528K, used 80571K [0x0000000080000000, 0x0000000100000000)
  region size 1024K, 7 young (7168K), 4 survivors (4096K)
 Metaspace       used 75779K, committed 77568K, reserved 1179648K
  class space    used 10379K, committed 11264K, reserved 1048576K
}
Event: 8.736 GC heap after
{Heap after GC invocations=32 (full 0):
 garbage-first heap   total 150528K, used 79225K [0x0000000080000000, 0x0000000100000000)
  region size 1024K, 1 young (1024K), 1 survivors (1024K)
 Metaspace       used 75779K, committed 77568K, reserved 1179648K
  class space    used 10379K, committed 11264K, reserved 1048576K
}
Event: 8.982 GC heap before
{Heap before GC invocations=32 (full 0):
 garbage-first heap   total 150528K, used 119161K [0x0000000080000000, 0x0000000100000000)
  region size 1024K, 41 young (41984K), 1 survivors (1024K)
 Metaspace       used 76225K, committed 78080K, reserved 1179648K
  class space    used 10419K, committed 11328K, reserved 1048576K
}
Event: 8.987 GC heap after
{Heap after GC invocations=33 (full 0):
 garbage-first heap   total 250880K, used 81703K [0x0000000080000000, 0x0000000100000000)
  region size 1024K, 4 young (4096K), 4 survivors (4096K)
 Metaspace       used 76225K, committed 78080K, reserved 1179648K
  class space    used 10419K, committed 11328K, reserved 1048576K
}
Event: 9.678 GC heap before
{Heap before GC invocations=34 (full 0):
 garbage-first heap   total 250880K, used 184103K [0x0000000080000000, 0x0000000100000000)
  region size 1024K, 105 young (107520K), 4 survivors (4096K)
 Metaspace       used 80549K, committed 82432K, reserved 1179648K
  class space    used 10961K, committed 11904K, reserved 1048576K
}
Event: 9.685 GC heap after
{Heap after GC invocations=35 (full 0):
 garbage-first heap   total 250880K, used 88450K [0x0000000080000000, 0x0000000100000000)
  region size 1024K, 10 young (10240K), 10 survivors (10240K)
 Metaspace       used 80549K, committed 82432K, reserved 1179648K
  class space    used 10961K, committed 11904K, reserved 1048576K
}

