# JRE version: Java(TM) SE Runtime Environment (18.0.1.1+2) (build 18.0.1.1+2-6)
# Java VM: Java HotSpot(TM) 64-Bit Server VM (18.0.1.1+2-6, mixed mode, sharing, tiered, compressed oops, compressed class ptrs, g1 gc, windows-amd64)
GC Precious Log:
 CardTable entry size: 512
 Card Set container configuration: InlinePtr #cards 5 size 8 Array Of Cards #cards 12 size 40 Howl #buckets 4 coarsen threshold 1843 Howl Bitmap #cards 512 size 80 coarsen threshold 460 Card regions per heap region 1 cards per card region 2048
 CPUs: 8 total, 8 available
 Memory: 7987M
 Large Page Support: Disabled
 NUMA Support: Disabled
 Compressed Oops: Enabled (32-bit)
 Heap Region Size: 1M
 Heap Min Capacity: 8M
 Heap Initial Capacity: 126M
 Heap Max Capacity: 2G
 Pre-touch: Disabled
 Parallel Workers: 8
 Concurrent Workers: 2
 Concurrent Refinement Workers: 8
 Periodic GC: Disabled
Heap:
 garbage-first heap   total 215040K, used 109578K [0x0000000080000000, 0x0000000100000000)
  region size 1024K, 1 young (1024K), 1 survivors (1024K)
 Metaspace       used 80885K, committed 82816K, reserved 1179648K
  class space    used 10907K, committed 11904K, reserved 1048576K
GC Heap History (20 events):
Event: 5.509 GC heap after
{Heap after GC invocations=17 (full 0):
 garbage-first heap   total 157696K, used 58328K [0x0000000080000000, 0x0000000100000000)
  region size 1024K, 6 young (6144K), 6 survivors (6144K)
 Metaspace       used 59169K, committed 60864K, reserved 1114112K
  class space    used 7892K, committed 8768K, reserved 1048576K
}
Event: 5.996 GC heap before
{Heap before GC invocations=17 (full 0):
 garbage-first heap   total 157696K, used 121816K [0x0000000080000000, 0x0000000100000000)
  region size 1024K, 68 young (69632K), 6 survivors (6144K)
 Metaspace       used 64440K, committed 66112K, reserved 1114112K
  class space    used 8797K, committed 9664K, reserved 1048576K
}
Event: 6.001 GC heap after
{Heap after GC invocations=18 (full 0):
 garbage-first heap   total 157696K, used 63992K [0x0000000080000000, 0x0000000100000000)
  region size 1024K, 6 young (6144K), 6 survivors (6144K)
 Metaspace       used 64440K, committed 66112K, reserved 1114112K
  class space    used 8797K, committed 9664K, reserved 1048576K
}
Event: 6.587 GC heap before
{Heap before GC invocations=18 (full 0):
 garbage-first heap   total 157696K, used 123384K [0x0000000080000000, 0x0000000100000000)
  region size 1024K, 64 young (65536K), 6 survivors (6144K)
 Metaspace       used 71098K, committed 72832K, reserved 1114112K
  class space    used 9726K, committed 10624K, reserved 1048576K
}
Event: 6.592 GC heap after
{Heap after GC invocations=19 (full 0):
 garbage-first heap   total 157696K, used 68974K [0x0000000080000000, 0x0000000100000000)
  region size 1024K, 5 young (5120K), 5 survivors (5120K)
 Metaspace       used 71098K, committed 72832K, reserved 1114112K
  class space    used 9726K, committed 10624K, reserved 1048576K
}
Event: 7.121 GC heap before
{Heap before GC invocations=19 (full 0):
 garbage-first heap   total 157696K, used 118126K [0x0000000080000000, 0x0000000100000000)
  region size 1024K, 55 young (56320K), 5 survivors (5120K)
 Metaspace       used 75183K, committed 76928K, reserved 1179648K
  class space    used 10273K, committed 11200K, reserved 1048576K
}
Event: 7.127 GC heap after
{Heap after GC invocations=20 (full 0):
 garbage-first heap   total 157696K, used 74988K [0x0000000080000000, 0x0000000100000000)
  region size 1024K, 7 young (7168K), 7 survivors (7168K)
 Metaspace       used 75183K, committed 76928K, reserved 1179648K
  class space    used 10273K, committed 11200K, reserved 1048576K
}
Event: 7.440 GC heap before
{Heap before GC invocations=21 (full 0):
 garbage-first heap   total 157696K, used 123116K [0x0000000080000000, 0x0000000100000000)
  region size 1024K, 55 young (56320K), 7 survivors (7168K)
 Metaspace       used 75799K, committed 77632K, reserved 1179648K
  class space    used 10379K, committed 11328K, reserved 1048576K
}
Event: 7.444 GC heap after
{Heap after GC invocations=22 (full 0):
 garbage-first heap   total 157696K, used 78731K [0x0000000080000000, 0x0000000100000000)
  region size 1024K, 4 young (4096K), 4 survivors (4096K)
 Metaspace       used 75799K, committed 77632K, reserved 1179648K
  class space    used 10379K, committed 11328K, reserved 1048576K
}
Event: 7.595 GC heap before
{Heap before GC invocations=22 (full 0):
 garbage-first heap   total 157696K, used 99211K [0x0000000080000000, 0x0000000100000000)
  region size 1024K, 26 young (26624K), 4 survivors (4096K)
 Metaspace       used 76325K, committed 78144K, reserved 1179648K
  class space    used 10457K, committed 11392K, reserved 1048576K
}
Event: 7.598 GC heap after
{Heap after GC invocations=23 (full 0):
 garbage-first heap   total 157696K, used 79914K [0x0000000080000000, 0x0000000100000000)
  region size 1024K, 5 young (5120K), 5 survivors (5120K)
 Metaspace       used 76325K, committed 78144K, reserved 1179648K
  class space    used 10457K, committed 11392K, reserved 1048576K
}
Event: 8.060 GC heap before
{Heap before GC invocations=24 (full 0):
 garbage-first heap   total 157696K, used 137258K [0x0000000080000000, 0x0000000100000000)
  region size 1024K, 52 young (53248K), 5 survivors (5120K)
 Metaspace       used 77799K, committed 79552K, reserved 1179648K
  class space    used 10607K, committed 11520K, reserved 1048576K
}
Event: 8.070 GC heap after
{Heap after GC invocations=25 (full 0):
 garbage-first heap   total 161792K, used 99977K [0x0000000080000000, 0x0000000100000000)
  region size 1024K, 7 young (7168K), 7 survivors (7168K)
 Metaspace       used 77799K, committed 79552K, reserved 1179648K
  class space    used 10607K, committed 11520K, reserved 1048576K
}
Event: 8.075 GC heap before
{Heap before GC invocations=25 (full 0):
 garbage-first heap   total 161792K, used 101001K [0x0000000080000000, 0x0000000100000000)
  region size 1024K, 8 young (8192K), 7 survivors (7168K)
 Metaspace       used 77799K, committed 79552K, reserved 1179648K
  class space    used 10607K, committed 11520K, reserved 1048576K
}
Event: 8.079 GC heap after
{Heap after GC invocations=26 (full 0):
 garbage-first heap   total 161792K, used 101638K [0x0000000080000000, 0x0000000100000000)
  region size 1024K, 1 young (1024K), 1 survivors (1024K)
 Metaspace       used 77799K, committed 79552K, reserved 1179648K
  class space    used 10607K, committed 11520K, reserved 1048576K
}
Event: 8.228 GC heap before
{Heap before GC invocations=26 (full 0):
 garbage-first heap   total 161792K, used 131334K [0x0000000080000000, 0x0000000100000000)
  region size 1024K, 30 young (30720K), 1 survivors (1024K)
 Metaspace       used 77858K, committed 79680K, reserved 1179648K
  class space    used 10610K, committed 11520K, reserved 1048576K
}
Event: 8.233 GC heap after
{Heap after GC invocations=27 (full 0):
 garbage-first heap   total 161792K, used 108362K [0x0000000080000000, 0x0000000100000000)
  region size 1024K, 4 young (4096K), 4 survivors (4096K)
 Metaspace       used 77858K, committed 79680K, reserved 1179648K
  class space    used 10610K, committed 11520K, reserved 1048576K
}
Event: 8.526 GC heap before
{Heap before GC invocations=28 (full 0):
 garbage-first heap   total 215040K, used 146250K [0x0000000080000000, 0x0000000100000000)
  region size 1024K, 27 young (27648K), 4 survivors (4096K)
 Metaspace       used 80557K, committed 82368K, reserved 1179648K
  class space    used 10874K, committed 11840K, reserved 1048576K
}
Event: 8.531 GC heap after
{Heap after GC invocations=29 (full 0):
 garbage-first heap   total 215040K, used 109411K [0x0000000080000000, 0x0000000100000000)
  region size 1024K, 3 young (3072K), 3 survivors (3072K)
 Metaspace       used 80557K, committed 82368K, reserved 1179648K
  class space    used 10874K, committed 11840K, reserved 1048576K
}
Event: 8.556 GC heap before
{Heap before GC invocations=29 (full 0):
 garbage-first heap   total 215040K, used 115555K [0x0000000080000000, 0x0000000100000000)
  region size 1024K, 10 young (10240K), 3 survivors (3072K)
 Metaspace       used 80885K, committed 82816K, reserved 1179648K
  class space    used 10907K, committed 11904K, reserved 1048576K
}

