# JRE version: Java(TM) SE Runtime Environment (18.0.1.1+2) (build 18.0.1.1+2-6)
# Java VM: Java HotSpot(TM) 64-Bit Server VM (18.0.1.1+2-6, mixed mode, sharing, tiered, compressed oops, compressed class ptrs, g1 gc, windows-amd64)
GC Precious Log:
 CardTable entry size: 512
 Card Set container configuration: InlinePtr #cards 5 size 8 Array Of Cards #cards 12 size 40 Howl #buckets 4 coarsen threshold 1843 Howl Bitmap #cards 512 size 80 coarsen threshold 460 Card regions per heap region 1 cards per card region 2048
 CPUs: 8 total, 8 available
 Memory: 7987M
 Large Page Support: Disabled
 NUMA Support: Disabled
 Compressed Oops: Enabled (32-bit)
 Heap Region Size: 1M
 Heap Min Capacity: 8M
 Heap Initial Capacity: 126M
 Heap Max Capacity: 2G
 Pre-touch: Disabled
 Parallel Workers: 8
 Concurrent Workers: 2
 Concurrent Refinement Workers: 8
 Periodic GC: Disabled
Heap:
 garbage-first heap   total 201728K, used 117937K [0x0000000080000000, 0x0000000100000000)
  region size 1024K, 3 young (3072K), 3 survivors (3072K)
 Metaspace       used 120901K, committed 122880K, reserved 1179648K
  class space    used 16320K, committed 17344K, reserved 1048576K
GC Heap History (20 events):
Event: 15.102 GC heap after
{Heap after GC invocations=23 (full 0):
 garbage-first heap   total 189440K, used 91230K [0x0000000080000000, 0x0000000100000000)
  region size 1024K, 2 young (2048K), 2 survivors (2048K)
 Metaspace       used 95732K, committed 97600K, reserved 1179648K
  class space    used 12726K, committed 13696K, reserved 1048576K
}
Event: 15.665 GC heap before
{Heap before GC invocations=24 (full 0):
 garbage-first heap   total 189440K, used 156766K [0x0000000080000000, 0x0000000100000000)
  region size 1024K, 65 young (66560K), 2 survivors (2048K)
 Metaspace       used 104432K, committed 106304K, reserved 1179648K
  class space    used 14179K, committed 15104K, reserved 1048576K
}
Event: 15.672 GC heap after
{Heap after GC invocations=25 (full 0):
 garbage-first heap   total 189440K, used 99936K [0x0000000080000000, 0x0000000100000000)
  region size 1024K, 9 young (9216K), 9 survivors (9216K)
 Metaspace       used 104432K, committed 106304K, reserved 1179648K
  class space    used 14179K, committed 15104K, reserved 1048576K
}
Event: 15.966 GC heap before
{Heap before GC invocations=25 (full 0):
 garbage-first heap   total 189440K, used 137824K [0x0000000080000000, 0x0000000100000000)
  region size 1024K, 48 young (49152K), 9 survivors (9216K)
 Metaspace       used 106768K, committed 108608K, reserved 1179648K
  class space    used 14464K, committed 15424K, reserved 1048576K
}
Event: 15.970 GC heap after
{Heap after GC invocations=26 (full 0):
 garbage-first heap   total 189440K, used 98030K [0x0000000080000000, 0x0000000100000000)
  region size 1024K, 3 young (3072K), 3 survivors (3072K)
 Metaspace       used 106768K, committed 108608K, reserved 1179648K
  class space    used 14464K, committed 15424K, reserved 1048576K
}
Event: 16.826 GC heap before
{Heap before GC invocations=27 (full 0):
 garbage-first heap   total 189440K, used 163566K [0x0000000080000000, 0x0000000100000000)
  region size 1024K, 58 young (59392K), 3 survivors (3072K)
 Metaspace       used 112050K, committed 113984K, reserved 1179648K
  class space    used 15209K, committed 16192K, reserved 1048576K
}
Event: 16.830 GC heap after
{Heap after GC invocations=28 (full 0):
 garbage-first heap   total 189440K, used 97579K [0x0000000080000000, 0x0000000100000000)
  region size 1024K, 2 young (2048K), 2 survivors (2048K)
 Metaspace       used 112050K, committed 113984K, reserved 1179648K
  class space    used 15209K, committed 16192K, reserved 1048576K
}
Event: 41.294 GC heap before
{Heap before GC invocations=28 (full 0):
 garbage-first heap   total 189440K, used 103723K [0x0000000080000000, 0x0000000100000000)
  region size 1024K, 9 young (9216K), 2 survivors (2048K)
 Metaspace       used 113512K, committed 115456K, reserved 1179648K
  class space    used 15304K, committed 16256K, reserved 1048576K
}
Event: 41.298 GC heap after
{Heap after GC invocations=29 (full 0):
 garbage-first heap   total 189440K, used 97062K [0x0000000080000000, 0x0000000100000000)
  region size 1024K, 1 young (1024K), 1 survivors (1024K)
 Metaspace       used 113512K, committed 115456K, reserved 1179648K
  class space    used 15304K, committed 16256K, reserved 1048576K
}
Event: 880.477 GC heap before
{Heap before GC invocations=29 (full 0):
 garbage-first heap   total 189440K, used 165670K [0x0000000080000000, 0x0000000100000000)
  region size 1024K, 59 young (60416K), 1 survivors (1024K)
 Metaspace       used 117176K, committed 119168K, reserved 1179648K
  class space    used 15896K, committed 16896K, reserved 1048576K
}
Event: 880.482 GC heap after
{Heap after GC invocations=30 (full 0):
 garbage-first heap   total 189440K, used 112647K [0x0000000080000000, 0x0000000100000000)
  region size 1024K, 6 young (6144K), 6 survivors (6144K)
 Metaspace       used 117176K, committed 119168K, reserved 1179648K
  class space    used 15896K, committed 16896K, reserved 1048576K
}
Event: 880.722 GC heap before
{Heap before GC invocations=31 (full 0):
 garbage-first heap   total 201728K, used 152583K [0x0000000080000000, 0x0000000100000000)
  region size 1024K, 48 young (49152K), 6 survivors (6144K)
 Metaspace       used 117336K, committed 119360K, reserved 1179648K
  class space    used 15899K, committed 16960K, reserved 1048576K
}
Event: 880.726 GC heap after
{Heap after GC invocations=32 (full 0):
 garbage-first heap   total 201728K, used 111164K [0x0000000080000000, 0x0000000100000000)
  region size 1024K, 2 young (2048K), 2 survivors (2048K)
 Metaspace       used 117336K, committed 119360K, reserved 1179648K
  class space    used 15899K, committed 16960K, reserved 1048576K
}
Event: 880.738 GC heap before
{Heap before GC invocations=32 (full 0):
 garbage-first heap   total 201728K, used 118332K [0x0000000080000000, 0x0000000100000000)
  region size 1024K, 9 young (9216K), 2 survivors (2048K)
 Metaspace       used 117336K, committed 119360K, reserved 1179648K
  class space    used 15899K, committed 16960K, reserved 1048576K
}
Event: 880.741 GC heap after
{Heap after GC invocations=33 (full 0):
 garbage-first heap   total 201728K, used 108435K [0x0000000080000000, 0x0000000100000000)
  region size 1024K, 1 young (1024K), 1 survivors (1024K)
 Metaspace       used 117336K, committed 119360K, reserved 1179648K
  class space    used 15899K, committed 16960K, reserved 1048576K
}
Event: 881.140 GC heap before
{Heap before GC invocations=33 (full 0):
 garbage-first heap   total 201728K, used 170899K [0x0000000080000000, 0x0000000100000000)
  region size 1024K, 59 young (60416K), 1 survivors (1024K)
 Metaspace       used 119500K, committed 121472K, reserved 1179648K
  class space    used 16144K, committed 17152K, reserved 1048576K
}
Event: 881.143 GC heap after
{Heap after GC invocations=34 (full 0):
 garbage-first heap   total 201728K, used 115871K [0x0000000080000000, 0x0000000100000000)
  region size 1024K, 4 young (4096K), 4 survivors (4096K)
 Metaspace       used 119500K, committed 121472K, reserved 1179648K
  class space    used 16144K, committed 17152K, reserved 1048576K
}
Event: 881.372 GC heap before
{Heap before GC invocations=34 (full 0):
 garbage-first heap   total 201728K, used 168095K [0x0000000080000000, 0x0000000100000000)
  region size 1024K, 55 young (56320K), 4 survivors (4096K)
 Metaspace       used 119959K, committed 121920K, reserved 1179648K
  class space    used 16185K, committed 17216K, reserved 1048576K
}
Event: 881.376 GC heap after
{Heap after GC invocations=35 (full 0):
 garbage-first heap   total 201728K, used 116879K [0x0000000080000000, 0x0000000100000000)
  region size 1024K, 2 young (2048K), 2 survivors (2048K)
 Metaspace       used 119959K, committed 121920K, reserved 1179648K
  class space    used 16185K, committed 17216K, reserved 1048576K
}
Event: 881.534 GC heap before
{Heap before GC invocations=35 (full 0):
 garbage-first heap   total 201728K, used 129167K [0x0000000080000000, 0x0000000100000000)
  region size 1024K, 15 young (15360K), 2 survivors (2048K)
 Metaspace       used 120901K, committed 122880K, reserved 1179648K
  class space    used 16320K, committed 17344K, reserved 1048576K
}

