# JRE version: Java(TM) SE Runtime Environment (18.0.1.1+2) (build 18.0.1.1+2-6)
# Java VM: Java HotSpot(TM) 64-Bit Server VM (18.0.1.1+2-6, mixed mode, sharing, tiered, compressed oops, compressed class ptrs, g1 gc, windows-amd64)
GC Precious Log:
 CardTable entry size: 512
 Card Set container configuration: InlinePtr #cards 5 size 8 Array Of Cards #cards 12 size 40 Howl #buckets 4 coarsen threshold 1843 Howl Bitmap #cards 512 size 80 coarsen threshold 460 Card regions per heap region 1 cards per card region 2048
 CPUs: 8 total, 8 available
 Memory: 7987M
 Large Page Support: Disabled
 NUMA Support: Disabled
 Compressed Oops: Enabled (32-bit)
 Heap Region Size: 1M
 Heap Min Capacity: 8M
 Heap Initial Capacity: 126M
 Heap Max Capacity: 2G
 Pre-touch: Disabled
 Parallel Workers: 8
 Concurrent Workers: 2
 Concurrent Refinement Workers: 8
 Periodic GC: Disabled
Heap:
 garbage-first heap   total 304128K, used 214054K [0x0000000080000000, 0x0000000100000000)
  region size 1024K, 7 young (7168K), 7 survivors (7168K)
 Metaspace       used 91995K, committed 93888K, reserved 1179648K
  class space    used 12682K, committed 13696K, reserved 1048576K
GC Heap History (20 events):
Event: 8.159 GC heap after
{Heap after GC invocations=30 (full 0):
 garbage-first heap   total 196608K, used 88152K [0x0000000080000000, 0x0000000100000000)
  region size 1024K, 6 young (6144K), 6 survivors (6144K)
 Metaspace       used 80575K, committed 82432K, reserved 1179648K
  class space    used 10979K, committed 11968K, reserved 1048576K
}
Event: 8.359 GC heap before
{Heap before GC invocations=30 (full 0):
 garbage-first heap   total 196608K, used 134232K [0x0000000080000000, 0x0000000100000000)
  region size 1024K, 48 young (49152K), 6 survivors (6144K)
 Metaspace       used 81467K, committed 83328K, reserved 1179648K
  class space    used 11083K, committed 12032K, reserved 1048576K
}
Event: 8.366 GC heap after
{Heap after GC invocations=31 (full 0):
 garbage-first heap   total 196608K, used 99122K [0x0000000080000000, 0x0000000100000000)
  region size 1024K, 10 young (10240K), 10 survivors (10240K)
 Metaspace       used 81467K, committed 83328K, reserved 1179648K
  class space    used 11083K, committed 12032K, reserved 1048576K
}
Event: 8.798 GC heap before
{Heap before GC invocations=32 (full 0):
 garbage-first heap   total 196608K, used 171826K [0x0000000080000000, 0x0000000100000000)
  region size 1024K, 67 young (68608K), 10 survivors (10240K)
 Metaspace       used 84486K, committed 86272K, reserved 1179648K
  class space    used 11493K, committed 12416K, reserved 1048576K
}
Event: 8.811 GC heap after
{Heap after GC invocations=33 (full 0):
 garbage-first heap   total 201728K, used 125269K [0x0000000080000000, 0x0000000100000000)
  region size 1024K, 9 young (9216K), 9 survivors (9216K)
 Metaspace       used 84486K, committed 86272K, reserved 1179648K
  class space    used 11493K, committed 12416K, reserved 1048576K
}
Event: 8.816 GC heap before
{Heap before GC invocations=33 (full 0):
 garbage-first heap   total 201728K, used 126293K [0x0000000080000000, 0x0000000100000000)
  region size 1024K, 10 young (10240K), 9 survivors (9216K)
 Metaspace       used 84486K, committed 86272K, reserved 1179648K
  class space    used 11493K, committed 12416K, reserved 1048576K
}
Event: 8.822 GC heap after
{Heap after GC invocations=34 (full 0):
 garbage-first heap   total 250880K, used 127292K [0x0000000080000000, 0x0000000100000000)
  region size 1024K, 2 young (2048K), 2 survivors (2048K)
 Metaspace       used 84486K, committed 86272K, reserved 1179648K
  class space    used 11493K, committed 12416K, reserved 1048576K
}
Event: 9.080 GC heap before
{Heap before GC invocations=34 (full 0):
 garbage-first heap   total 250880K, used 191804K [0x0000000080000000, 0x0000000100000000)
  region size 1024K, 64 young (65536K), 2 survivors (2048K)
 Metaspace       used 86770K, committed 88576K, reserved 1179648K
  class space    used 11955K, committed 12864K, reserved 1048576K
}
Event: 9.097 GC heap after
{Heap after GC invocations=35 (full 0):
 garbage-first heap   total 250880K, used 155164K [0x0000000080000000, 0x0000000100000000)
  region size 1024K, 8 young (8192K), 8 survivors (8192K)
 Metaspace       used 86770K, committed 88576K, reserved 1179648K
  class space    used 11955K, committed 12864K, reserved 1048576K
}
Event: 9.362 GC heap before
{Heap before GC invocations=36 (full 0):
 garbage-first heap   total 304128K, used 192028K [0x0000000080000000, 0x0000000100000000)
  region size 1024K, 45 young (46080K), 8 survivors (8192K)
 Metaspace       used 88731K, committed 90624K, reserved 1179648K
  class space    used 12243K, committed 13248K, reserved 1048576K
}
Event: 9.377 GC heap after
{Heap after GC invocations=37 (full 0):
 garbage-first heap   total 304128K, used 170698K [0x0000000080000000, 0x0000000100000000)
  region size 1024K, 6 young (6144K), 6 survivors (6144K)
 Metaspace       used 88731K, committed 90624K, reserved 1179648K
  class space    used 12243K, committed 13248K, reserved 1048576K
}
Event: 9.399 GC heap before
{Heap before GC invocations=37 (full 0):
 garbage-first heap   total 304128K, used 178890K [0x0000000080000000, 0x0000000100000000)
  region size 1024K, 14 young (14336K), 6 survivors (6144K)
 Metaspace       used 88750K, committed 90688K, reserved 1179648K
  class space    used 12243K, committed 13248K, reserved 1048576K
}
Event: 9.405 GC heap after
{Heap after GC invocations=38 (full 0):
 garbage-first heap   total 304128K, used 172262K [0x0000000080000000, 0x0000000100000000)
  region size 1024K, 2 young (2048K), 2 survivors (2048K)
 Metaspace       used 88750K, committed 90688K, reserved 1179648K
  class space    used 12243K, committed 13248K, reserved 1048576K
}
Event: 9.776 GC heap before
{Heap before GC invocations=38 (full 0):
 garbage-first heap   total 304128K, used 223462K [0x0000000080000000, 0x0000000100000000)
  region size 1024K, 53 young (54272K), 2 survivors (2048K)
 Metaspace       used 89923K, committed 91840K, reserved 1179648K
  class space    used 12432K, committed 13440K, reserved 1048576K
}
Event: 9.783 GC heap after
{Heap after GC invocations=39 (full 0):
 garbage-first heap   total 304128K, used 176941K [0x0000000080000000, 0x0000000100000000)
  region size 1024K, 7 young (7168K), 7 survivors (7168K)
 Metaspace       used 89923K, committed 91840K, reserved 1179648K
  class space    used 12432K, committed 13440K, reserved 1048576K
}
Event: 10.328 GC heap before
{Heap before GC invocations=39 (full 0):
 garbage-first heap   total 304128K, used 241453K [0x0000000080000000, 0x0000000100000000)
  region size 1024K, 60 young (61440K), 7 survivors (7168K)
 Metaspace       used 90733K, committed 92608K, reserved 1179648K
  class space    used 12522K, committed 13504K, reserved 1048576K
}
Event: 10.335 GC heap after
{Heap after GC invocations=40 (full 0):
 garbage-first heap   total 304128K, used 191161K [0x0000000080000000, 0x0000000100000000)
  region size 1024K, 4 young (4096K), 4 survivors (4096K)
 Metaspace       used 90733K, committed 92608K, reserved 1179648K
  class space    used 12522K, committed 13504K, reserved 1048576K
}
Event: 10.547 GC heap before
{Heap before GC invocations=40 (full 0):
 garbage-first heap   total 304128K, used 244409K [0x0000000080000000, 0x0000000100000000)
  region size 1024K, 53 young (54272K), 4 survivors (4096K)
 Metaspace       used 91382K, committed 93312K, reserved 1179648K
  class space    used 12582K, committed 13568K, reserved 1048576K
}
Event: 10.554 GC heap after
{Heap after GC invocations=41 (full 0):
 garbage-first heap   total 304128K, used 203003K [0x0000000080000000, 0x0000000100000000)
  region size 1024K, 7 young (7168K), 7 survivors (7168K)
 Metaspace       used 91382K, committed 93312K, reserved 1179648K
  class space    used 12582K, committed 13568K, reserved 1048576K
}
Event: 10.751 GC heap before
{Heap before GC invocations=41 (full 0):
 garbage-first heap   total 304128K, used 252155K [0x0000000080000000, 0x0000000100000000)
  region size 1024K, 49 young (50176K), 7 survivors (7168K)
 Metaspace       used 91995K, committed 93888K, reserved 1179648K
  class space    used 12682K, committed 13696K, reserved 1048576K
}

