# JRE version: Java(TM) SE Runtime Environment (18.0.1.1+2) (build 18.0.1.1+2-6)
# Java VM: Java HotSpot(TM) 64-Bit Server VM (18.0.1.1+2-6, mixed mode, sharing, tiered, compressed oops, compressed class ptrs, g1 gc, windows-amd64)
GC Precious Log:
 CardTable entry size: 512
 Card Set container configuration: InlinePtr #cards 5 size 8 Array Of Cards #cards 12 size 40 Howl #buckets 4 coarsen threshold 1843 Howl Bitmap #cards 512 size 80 coarsen threshold 460 Card regions per heap region 1 cards per card region 2048
 CPUs: 8 total, 8 available
 Memory: 7987M
 Large Page Support: Disabled
 NUMA Support: Disabled
 Compressed Oops: Enabled (32-bit)
 Heap Region Size: 1M
 Heap Min Capacity: 8M
 Heap Initial Capacity: 126M
 Heap Max Capacity: 2G
 Pre-touch: Disabled
 Parallel Workers: 8
 Concurrent Workers: 2
 Concurrent Refinement Workers: 8
 Periodic GC: Disabled
Heap:
 garbage-first heap   total 116736K, used 69715K [0x0000000080000000, 0x0000000100000000)
  region size 1024K, 12 young (12288K), 4 survivors (4096K)
 Metaspace       used 64424K, committed 66112K, reserved 1114112K
  class space    used 8815K, committed 9728K, reserved 1048576K
GC Heap History (20 events):
Event: 3.576 GC heap before
{Heap before GC invocations=11 (full 0):
 garbage-first heap   total 81920K, used 66459K [0x0000000080000000, 0x0000000100000000)
  region size 1024K, 33 young (33792K), 5 survivors (5120K)
 Metaspace       used 42888K, committed 44288K, reserved 1114112K
  class space    used 5935K, committed 6656K, reserved 1048576K
}
Event: 3.580 GC heap after
{Heap after GC invocations=12 (full 0):
 garbage-first heap   total 81920K, used 46285K [0x0000000080000000, 0x0000000100000000)
  region size 1024K, 5 young (5120K), 5 survivors (5120K)
 Metaspace       used 42888K, committed 44288K, reserved 1114112K
  class space    used 5935K, committed 6656K, reserved 1048576K
}
Event: 3.743 GC heap before
{Heap before GC invocations=12 (full 0):
 garbage-first heap   total 81920K, used 64717K [0x0000000080000000, 0x0000000100000000)
  region size 1024K, 23 young (23552K), 5 survivors (5120K)
 Metaspace       used 45871K, committed 47360K, reserved 1114112K
  class space    used 6289K, committed 7040K, reserved 1048576K
}
Event: 3.746 GC heap after
{Heap after GC invocations=13 (full 0):
 garbage-first heap   total 81920K, used 47577K [0x0000000080000000, 0x0000000100000000)
  region size 1024K, 1 young (1024K), 1 survivors (1024K)
 Metaspace       used 45871K, committed 47360K, reserved 1114112K
  class space    used 6289K, committed 7040K, reserved 1048576K
}
Event: 3.913 GC heap before
{Heap before GC invocations=14 (full 0):
 garbage-first heap   total 86016K, used 64985K [0x0000000080000000, 0x0000000100000000)
  region size 1024K, 18 young (18432K), 1 survivors (1024K)
 Metaspace       used 48979K, committed 50432K, reserved 1114112K
  class space    used 6650K, committed 7424K, reserved 1048576K
}
Event: 3.915 GC heap after
{Heap after GC invocations=15 (full 0):
 garbage-first heap   total 86016K, used 48127K [0x0000000080000000, 0x0000000100000000)
  region size 1024K, 2 young (2048K), 2 survivors (2048K)
 Metaspace       used 48979K, committed 50432K, reserved 1114112K
  class space    used 6650K, committed 7424K, reserved 1048576K
}
Event: 4.138 GC heap before
{Heap before GC invocations=15 (full 0):
 garbage-first heap   total 86016K, used 66559K [0x0000000080000000, 0x0000000100000000)
  region size 1024K, 21 young (21504K), 2 survivors (2048K)
 Metaspace       used 52328K, committed 53952K, reserved 1114112K
  class space    used 7098K, committed 7936K, reserved 1048576K
}
Event: 4.141 GC heap after
{Heap after GC invocations=16 (full 0):
 garbage-first heap   total 103424K, used 49481K [0x0000000080000000, 0x0000000100000000)
  region size 1024K, 3 young (3072K), 3 survivors (3072K)
 Metaspace       used 52328K, committed 53952K, reserved 1114112K
  class space    used 7098K, committed 7936K, reserved 1048576K
}
Event: 4.432 GC heap before
{Heap before GC invocations=17 (full 0):
 garbage-first heap   total 103424K, used 80201K [0x0000000080000000, 0x0000000100000000)
  region size 1024K, 34 young (34816K), 3 survivors (3072K)
 Metaspace       used 55945K, committed 57600K, reserved 1114112K
  class space    used 7512K, committed 8384K, reserved 1048576K
}
Event: 4.435 GC heap after
{Heap after GC invocations=18 (full 0):
 garbage-first heap   total 103424K, used 52791K [0x0000000080000000, 0x0000000100000000)
  region size 1024K, 5 young (5120K), 5 survivors (5120K)
 Metaspace       used 55945K, committed 57600K, reserved 1114112K
  class space    used 7512K, committed 8384K, reserved 1048576K
}
Event: 4.550 GC heap before
{Heap before GC invocations=18 (full 0):
 garbage-first heap   total 103424K, used 66103K [0x0000000080000000, 0x0000000100000000)
  region size 1024K, 19 young (19456K), 5 survivors (5120K)
 Metaspace       used 57150K, committed 58752K, reserved 1114112K
  class space    used 7639K, committed 8512K, reserved 1048576K
}
Event: 4.553 GC heap after
{Heap after GC invocations=19 (full 0):
 garbage-first heap   total 103424K, used 54476K [0x0000000080000000, 0x0000000100000000)
  region size 1024K, 2 young (2048K), 2 survivors (2048K)
 Metaspace       used 57150K, committed 58752K, reserved 1114112K
  class space    used 7639K, committed 8512K, reserved 1048576K
}
Event: 4.729 GC heap before
{Heap before GC invocations=20 (full 0):
 garbage-first heap   total 103424K, used 83148K [0x0000000080000000, 0x0000000100000000)
  region size 1024K, 29 young (29696K), 2 survivors (2048K)
 Metaspace       used 58035K, committed 59712K, reserved 1114112K
  class space    used 7785K, committed 8640K, reserved 1048576K
}
Event: 4.731 GC heap after
{Heap after GC invocations=21 (full 0):
 garbage-first heap   total 103424K, used 56157K [0x0000000080000000, 0x0000000100000000)
  region size 1024K, 4 young (4096K), 4 survivors (4096K)
 Metaspace       used 58035K, committed 59712K, reserved 1114112K
  class space    used 7785K, committed 8640K, reserved 1048576K
}
Event: 4.893 GC heap before
{Heap before GC invocations=21 (full 0):
 garbage-first heap   total 103424K, used 81757K [0x0000000080000000, 0x0000000100000000)
  region size 1024K, 29 young (29696K), 4 survivors (4096K)
 Metaspace       used 59599K, committed 61248K, reserved 1114112K
  class space    used 7987K, committed 8832K, reserved 1048576K
}
Event: 4.896 GC heap after
{Heap after GC invocations=22 (full 0):
 garbage-first heap   total 103424K, used 58752K [0x0000000080000000, 0x0000000100000000)
  region size 1024K, 3 young (3072K), 3 survivors (3072K)
 Metaspace       used 59599K, committed 61248K, reserved 1114112K
  class space    used 7987K, committed 8832K, reserved 1048576K
}
Event: 5.170 GC heap before
{Heap before GC invocations=23 (full 0):
 garbage-first heap   total 107520K, used 83328K [0x0000000080000000, 0x0000000100000000)
  region size 1024K, 27 young (27648K), 3 survivors (3072K)
 Metaspace       used 62867K, committed 64512K, reserved 1114112K
  class space    used 8602K, committed 9472K, reserved 1048576K
}
Event: 5.173 GC heap after
{Heap after GC invocations=24 (full 0):
 garbage-first heap   total 107520K, used 60309K [0x0000000080000000, 0x0000000100000000)
  region size 1024K, 2 young (2048K), 2 survivors (2048K)
 Metaspace       used 62867K, committed 64512K, reserved 1114112K
  class space    used 8602K, committed 9472K, reserved 1048576K
}
Event: 5.344 GC heap before
{Heap before GC invocations=24 (full 0):
 garbage-first heap   total 107520K, used 86933K [0x0000000080000000, 0x0000000100000000)
  region size 1024K, 29 young (29696K), 2 survivors (2048K)
 Metaspace       used 64311K, committed 65984K, reserved 1114112K
  class space    used 8796K, committed 9664K, reserved 1048576K
}
Event: 5.347 GC heap after
{Heap after GC invocations=25 (full 0):
 garbage-first heap   total 107520K, used 62547K [0x0000000080000000, 0x0000000100000000)
  region size 1024K, 4 young (4096K), 4 survivors (4096K)
 Metaspace       used 64311K, committed 65984K, reserved 1114112K
  class space    used 8796K, committed 9664K, reserved 1048576K
}

