# JRE version: Java(TM) SE Runtime Environment (18.0.1.1+2) (build 18.0.1.1+2-6)
# Java VM: Java HotSpot(TM) 64-Bit Server VM (18.0.1.1+2-6, mixed mode, sharing, tiered, compressed oops, compressed class ptrs, g1 gc, windows-amd64)
GC Precious Log:
 CardTable entry size: 512
 Card Set container configuration: InlinePtr #cards 5 size 8 Array Of Cards #cards 12 size 40 Howl #buckets 4 coarsen threshold 1843 Howl Bitmap #cards 512 size 80 coarsen threshold 460 Card regions per heap region 1 cards per card region 2048
 CPUs: 8 total, 8 available
 Memory: 7987M
 Large Page Support: Disabled
 NUMA Support: Disabled
 Compressed Oops: Enabled (32-bit)
 Heap Region Size: 1M
 Heap Min Capacity: 8M
 Heap Initial Capacity: 126M
 Heap Max Capacity: 2G
 Pre-touch: Disabled
 Parallel Workers: 8
 Concurrent Workers: 2
 Concurrent Refinement Workers: 8
 Periodic GC: Disabled
Heap:
 garbage-first heap   total 129024K, used 58595K [0x0000000080000000, 0x0000000100000000)
  region size 1024K, 3 young (3072K), 3 survivors (3072K)
 Metaspace       used 59641K, committed 61248K, reserved 1114112K
  class space    used 7965K, committed 8768K, reserved 1048576K
GC Heap History (20 events):
Event: 3.924 GC heap after
{Heap after GC invocations=11 (full 0):
 garbage-first heap   total 81920K, used 34728K [0x0000000080000000, 0x0000000100000000)
  region size 1024K, 5 young (5120K), 5 survivors (5120K)
 Metaspace       used 40750K, committed 42112K, reserved 1114112K
  class space    used 5629K, committed 6336K, reserved 1048576K
}
Event: 4.236 GC heap before
{Heap before GC invocations=11 (full 0):
 garbage-first heap   total 81920K, used 66472K [0x0000000080000000, 0x0000000100000000)
  region size 1024K, 33 young (33792K), 5 survivors (5120K)
 Metaspace       used 42801K, committed 44224K, reserved 1114112K
  class space    used 5896K, committed 6656K, reserved 1048576K
}
Event: 4.240 GC heap after
{Heap after GC invocations=12 (full 0):
 garbage-first heap   total 81920K, used 46558K [0x0000000080000000, 0x0000000100000000)
  region size 1024K, 5 young (5120K), 5 survivors (5120K)
 Metaspace       used 42801K, committed 44224K, reserved 1114112K
  class space    used 5896K, committed 6656K, reserved 1048576K
}
Event: 4.415 GC heap before
{Heap before GC invocations=12 (full 0):
 garbage-first heap   total 81920K, used 64990K [0x0000000080000000, 0x0000000100000000)
  region size 1024K, 23 young (23552K), 5 survivors (5120K)
 Metaspace       used 45714K, committed 47232K, reserved 1114112K
  class space    used 6245K, committed 7040K, reserved 1048576K
}
Event: 4.417 GC heap after
{Heap after GC invocations=13 (full 0):
 garbage-first heap   total 81920K, used 47840K [0x0000000080000000, 0x0000000100000000)
  region size 1024K, 1 young (1024K), 1 survivors (1024K)
 Metaspace       used 45714K, committed 47232K, reserved 1114112K
  class space    used 6245K, committed 7040K, reserved 1048576K
}
Event: 4.634 GC heap before
{Heap before GC invocations=14 (full 0):
 garbage-first heap   total 87040K, used 65248K [0x0000000080000000, 0x0000000100000000)
  region size 1024K, 18 young (18432K), 1 survivors (1024K)
 Metaspace       used 48932K, committed 50432K, reserved 1114112K
  class space    used 6620K, committed 7360K, reserved 1048576K
}
Event: 4.636 GC heap after
{Heap after GC invocations=15 (full 0):
 garbage-first heap   total 104448K, used 48387K [0x0000000080000000, 0x0000000100000000)
  region size 1024K, 2 young (2048K), 2 survivors (2048K)
 Metaspace       used 48932K, committed 50432K, reserved 1114112K
  class space    used 6620K, committed 7360K, reserved 1048576K
}
Event: 4.968 GC heap before
{Heap before GC invocations=15 (full 0):
 garbage-first heap   total 104448K, used 80131K [0x0000000080000000, 0x0000000100000000)
  region size 1024K, 34 young (34816K), 2 survivors (2048K)
 Metaspace       used 54071K, committed 55616K, reserved 1114112K
  class space    used 7255K, committed 8064K, reserved 1048576K
}
Event: 4.971 GC heap after
{Heap after GC invocations=16 (full 0):
 garbage-first heap   total 104448K, used 51948K [0x0000000080000000, 0x0000000100000000)
  region size 1024K, 5 young (5120K), 5 survivors (5120K)
 Metaspace       used 54071K, committed 55616K, reserved 1114112K
  class space    used 7255K, committed 8064K, reserved 1048576K
}
Event: 5.248 GC heap before
{Heap before GC invocations=17 (full 0):
 garbage-first heap   total 104448K, used 81644K [0x0000000080000000, 0x0000000100000000)
  region size 1024K, 34 young (34816K), 5 survivors (5120K)
 Metaspace       used 56900K, committed 58496K, reserved 1114112K
  class space    used 7595K, committed 8384K, reserved 1048576K
}
Event: 5.252 GC heap after
{Heap after GC invocations=18 (full 0):
 garbage-first heap   total 104448K, used 54250K [0x0000000080000000, 0x0000000100000000)
  region size 1024K, 3 young (3072K), 3 survivors (3072K)
 Metaspace       used 56900K, committed 58496K, reserved 1114112K
  class space    used 7595K, committed 8384K, reserved 1048576K
}
Event: 5.280 GC heap before
{Heap before GC invocations=18 (full 0):
 garbage-first heap   total 104448K, used 56298K [0x0000000080000000, 0x0000000100000000)
  region size 1024K, 5 young (5120K), 3 survivors (3072K)
 Metaspace       used 57147K, committed 58752K, reserved 1114112K
  class space    used 7612K, committed 8448K, reserved 1048576K
}
Event: 5.282 GC heap after
{Heap after GC invocations=19 (full 0):
 garbage-first heap   total 104448K, used 54834K [0x0000000080000000, 0x0000000100000000)
  region size 1024K, 1 young (1024K), 1 survivors (1024K)
 Metaspace       used 57147K, committed 58752K, reserved 1114112K
  class space    used 7612K, committed 8448K, reserved 1048576K
}
Event: 5.283 GC heap before
{Heap before GC invocations=19 (full 0):
 garbage-first heap   total 104448K, used 54834K [0x0000000080000000, 0x0000000100000000)
  region size 1024K, 2 young (2048K), 1 survivors (1024K)
 Metaspace       used 57148K, committed 58752K, reserved 1114112K
  class space    used 7612K, committed 8448K, reserved 1048576K
}
Event: 5.284 GC heap after
{Heap after GC invocations=20 (full 0):
 garbage-first heap   total 104448K, used 54821K [0x0000000080000000, 0x0000000100000000)
  region size 1024K, 1 young (1024K), 1 survivors (1024K)
 Metaspace       used 57148K, committed 58752K, reserved 1114112K
  class space    used 7612K, committed 8448K, reserved 1048576K
}
Event: 5.444 GC heap before
{Heap before GC invocations=21 (full 0):
 garbage-first heap   total 104448K, used 81445K [0x0000000080000000, 0x0000000100000000)
  region size 1024K, 26 young (26624K), 1 survivors (1024K)
 Metaspace       used 58038K, committed 59648K, reserved 1114112K
  class space    used 7757K, committed 8576K, reserved 1048576K
}
Event: 5.446 GC heap after
{Heap after GC invocations=22 (full 0):
 garbage-first heap   total 104448K, used 56584K [0x0000000080000000, 0x0000000100000000)
  region size 1024K, 3 young (3072K), 3 survivors (3072K)
 Metaspace       used 58038K, committed 59648K, reserved 1114112K
  class space    used 7757K, committed 8576K, reserved 1048576K
}
Event: 5.453 GC heap before
{Heap before GC invocations=22 (full 0):
 garbage-first heap   total 104448K, used 58632K [0x0000000080000000, 0x0000000100000000)
  region size 1024K, 5 young (5120K), 3 survivors (3072K)
 Metaspace       used 58038K, committed 59648K, reserved 1114112K
  class space    used 7757K, committed 8576K, reserved 1048576K
}
Event: 5.455 GC heap after
{Heap after GC invocations=23 (full 0):
 garbage-first heap   total 104448K, used 56623K [0x0000000080000000, 0x0000000100000000)
  region size 1024K, 1 young (1024K), 1 survivors (1024K)
 Metaspace       used 58038K, committed 59648K, reserved 1114112K
  class space    used 7757K, committed 8576K, reserved 1048576K
}
Event: 5.590 GC heap before
{Heap before GC invocations=23 (full 0):
 garbage-first heap   total 104448K, used 82223K [0x0000000080000000, 0x0000000100000000)
  region size 1024K, 26 young (26624K), 1 survivors (1024K)
 Metaspace       used 59641K, committed 61248K, reserved 1114112K
  class space    used 7965K, committed 8768K, reserved 1048576K
}

