# JRE version: Java(TM) SE Runtime Environment (18.0.1.1+2) (build 18.0.1.1+2-6)
# Java VM: Java HotSpot(TM) 64-Bit Server VM (18.0.1.1+2-6, mixed mode, sharing, tiered, compressed oops, compressed class ptrs, g1 gc, windows-amd64)
GC Precious Log:
 CardTable entry size: 512
 Card Set container configuration: InlinePtr #cards 5 size 8 Array Of Cards #cards 12 size 40 Howl #buckets 4 coarsen threshold 1843 Howl Bitmap #cards 512 size 80 coarsen threshold 460 Card regions per heap region 1 cards per card region 2048
 CPUs: 8 total, 8 available
 Memory: 7987M
 Large Page Support: Disabled
 NUMA Support: Disabled
 Compressed Oops: Enabled (32-bit)
 Heap Region Size: 1M
 Heap Min Capacity: 8M
 Heap Initial Capacity: 126M
 Heap Max Capacity: 2G
 Pre-touch: Disabled
 Parallel Workers: 8
 Concurrent Workers: 2
 Concurrent Refinement Workers: 8
 Periodic GC: Disabled
Heap:
 garbage-first heap   total 238592K, used 130207K [0x0000000080000000, 0x0000000100000000)
  region size 1024K, 15 young (15360K), 2 survivors (2048K)
 Metaspace       used 85402K, committed 87424K, reserved 1179648K
  class space    used 11450K, committed 12480K, reserved 1048576K
GC Heap History (20 events):
Event: 7.307 GC heap before
{Heap before GC invocations=22 (full 0):
 garbage-first heap   total 150528K, used 114939K [0x0000000080000000, 0x0000000100000000)
  region size 1024K, 35 young (35840K), 2 survivors (2048K)
 Metaspace       used 59961K, committed 61632K, reserved 1114112K
  class space    used 8081K, committed 8960K, reserved 1048576K
}
Event: 7.311 GC heap after
{Heap after GC invocations=23 (full 0):
 garbage-first heap   total 150528K, used 82235K [0x0000000080000000, 0x0000000100000000)
  region size 1024K, 4 young (4096K), 4 survivors (4096K)
 Metaspace       used 59961K, committed 61632K, reserved 1114112K
  class space    used 8081K, committed 8960K, reserved 1048576K
}
Event: 7.643 GC heap before
{Heap before GC invocations=23 (full 0):
 garbage-first heap   total 150528K, used 116027K [0x0000000080000000, 0x0000000100000000)
  region size 1024K, 37 young (37888K), 4 survivors (4096K)
 Metaspace       used 63119K, committed 64896K, reserved 1114112K
  class space    used 8572K, committed 9472K, reserved 1048576K
}
Event: 7.651 GC heap after
{Heap after GC invocations=24 (full 0):
 garbage-first heap   total 150528K, used 84505K [0x0000000080000000, 0x0000000100000000)
  region size 1024K, 3 young (3072K), 3 survivors (3072K)
 Metaspace       used 63119K, committed 64896K, reserved 1114112K
  class space    used 8572K, committed 9472K, reserved 1048576K
}
Event: 7.996 GC heap before
{Heap before GC invocations=25 (full 0):
 garbage-first heap   total 150528K, used 118297K [0x0000000080000000, 0x0000000100000000)
  region size 1024K, 36 young (36864K), 3 survivors (3072K)
 Metaspace       used 65831K, committed 67584K, reserved 1114112K
  class space    used 9035K, committed 9920K, reserved 1048576K
}
Event: 8.002 GC heap after
{Heap after GC invocations=26 (full 0):
 garbage-first heap   total 150528K, used 87337K [0x0000000080000000, 0x0000000100000000)
  region size 1024K, 5 young (5120K), 5 survivors (5120K)
 Metaspace       used 65831K, committed 67584K, reserved 1114112K
  class space    used 9035K, committed 9920K, reserved 1048576K
}
Event: 8.293 GC heap before
{Heap before GC invocations=26 (full 0):
 garbage-first heap   total 150528K, used 113961K [0x0000000080000000, 0x0000000100000000)
  region size 1024K, 33 young (33792K), 5 survivors (5120K)
 Metaspace       used 68526K, committed 70272K, reserved 1114112K
  class space    used 9307K, committed 10240K, reserved 1048576K
}
Event: 8.302 GC heap after
{Heap after GC invocations=27 (full 0):
 garbage-first heap   total 150528K, used 91670K [0x0000000080000000, 0x0000000100000000)
  region size 1024K, 5 young (5120K), 5 survivors (5120K)
 Metaspace       used 68526K, committed 70272K, reserved 1114112K
  class space    used 9307K, committed 10240K, reserved 1048576K
}
Event: 8.766 GC heap before
{Heap before GC invocations=28 (full 0):
 garbage-first heap   total 179200K, used 129558K [0x0000000080000000, 0x0000000100000000)
  region size 1024K, 32 young (32768K), 5 survivors (5120K)
 Metaspace       used 70401K, committed 72192K, reserved 1114112K
  class space    used 9598K, committed 10496K, reserved 1048576K
}
Event: 8.774 GC heap after
{Heap after GC invocations=29 (full 0):
 garbage-first heap   total 179200K, used 106664K [0x0000000080000000, 0x0000000100000000)
  region size 1024K, 4 young (4096K), 4 survivors (4096K)
 Metaspace       used 70401K, committed 72192K, reserved 1114112K
  class space    used 9598K, committed 10496K, reserved 1048576K
}
Event: 9.134 GC heap before
{Heap before GC invocations=29 (full 0):
 garbage-first heap   total 179200K, used 136360K [0x0000000080000000, 0x0000000100000000)
  region size 1024K, 35 young (35840K), 4 survivors (4096K)
 Metaspace       used 74565K, committed 76416K, reserved 1179648K
  class space    used 10120K, committed 11072K, reserved 1048576K
}
Event: 9.139 GC heap after
{Heap after GC invocations=30 (full 0):
 garbage-first heap   total 179200K, used 109960K [0x0000000080000000, 0x0000000100000000)
  region size 1024K, 3 young (3072K), 3 survivors (3072K)
 Metaspace       used 74565K, committed 76416K, reserved 1179648K
  class space    used 10120K, committed 11072K, reserved 1048576K
}
Event: 9.677 GC heap before
{Heap before GC invocations=31 (full 0):
 garbage-first heap   total 193536K, used 142728K [0x0000000080000000, 0x0000000100000000)
  region size 1024K, 34 young (34816K), 3 survivors (3072K)
 Metaspace       used 80398K, committed 82304K, reserved 1179648K
  class space    used 10828K, committed 11776K, reserved 1048576K
}
Event: 9.682 GC heap after
{Heap after GC invocations=32 (full 0):
 garbage-first heap   total 193536K, used 111404K [0x0000000080000000, 0x0000000100000000)
  region size 1024K, 4 young (4096K), 4 survivors (4096K)
 Metaspace       used 80398K, committed 82304K, reserved 1179648K
  class space    used 10828K, committed 11776K, reserved 1048576K
}
Event: 10.170 GC heap before
{Heap before GC invocations=32 (full 0):
 garbage-first heap   total 193536K, used 151340K [0x0000000080000000, 0x0000000100000000)
  region size 1024K, 43 young (44032K), 4 survivors (4096K)
 Metaspace       used 84663K, committed 86656K, reserved 1179648K
  class space    used 11401K, committed 12416K, reserved 1048576K
}
Event: 10.176 GC heap after
{Heap after GC invocations=33 (full 0):
 garbage-first heap   total 193536K, used 114237K [0x0000000080000000, 0x0000000100000000)
  region size 1024K, 5 young (5120K), 5 survivors (5120K)
 Metaspace       used 84663K, committed 86656K, reserved 1179648K
  class space    used 11401K, committed 12416K, reserved 1048576K
}
Event: 10.571 GC heap before
{Heap before GC invocations=34 (full 0):
 garbage-first heap   total 198656K, used 153149K [0x0000000080000000, 0x0000000100000000)
  region size 1024K, 44 young (45056K), 5 survivors (5120K)
 Metaspace       used 85336K, committed 87296K, reserved 1179648K
  class space    used 11449K, committed 12480K, reserved 1048576K
}
Event: 10.576 GC heap after
{Heap after GC invocations=35 (full 0):
 garbage-first heap   total 198656K, used 117772K [0x0000000080000000, 0x0000000100000000)
  region size 1024K, 6 young (6144K), 6 survivors (6144K)
 Metaspace       used 85336K, committed 87296K, reserved 1179648K
  class space    used 11449K, committed 12480K, reserved 1048576K
}
Event: 10.585 GC heap before
{Heap before GC invocations=35 (full 0):
 garbage-first heap   total 198656K, used 120844K [0x0000000080000000, 0x0000000100000000)
  region size 1024K, 9 young (9216K), 6 survivors (6144K)
 Metaspace       used 85340K, committed 87296K, reserved 1179648K
  class space    used 11449K, committed 12480K, reserved 1048576K
}
Event: 10.590 GC heap after
{Heap after GC invocations=36 (full 0):
 garbage-first heap   total 238592K, used 118943K [0x0000000080000000, 0x0000000100000000)
  region size 1024K, 2 young (2048K), 2 survivors (2048K)
 Metaspace       used 85340K, committed 87296K, reserved 1179648K
  class space    used 11449K, committed 12480K, reserved 1048576K
}

