# JRE version: Java(TM) SE Runtime Environment (18.0.1.1+2) (build 18.0.1.1+2-6)
# Java VM: Java HotSpot(TM) 64-Bit Server VM (18.0.1.1+2-6, mixed mode, sharing, tiered, compressed oops, compressed class ptrs, g1 gc, windows-amd64)
GC Precious Log:
 CardTable entry size: 512
 Card Set container configuration: InlinePtr #cards 5 size 8 Array Of Cards #cards 12 size 40 Howl #buckets 4 coarsen threshold 1843 Howl Bitmap #cards 512 size 80 coarsen threshold 460 Card regions per heap region 1 cards per card region 2048
 CPUs: 8 total, 8 available
 Memory: 7987M
 Large Page Support: Disabled
 NUMA Support: Disabled
 Compressed Oops: Enabled (32-bit)
 Heap Region Size: 1M
 Heap Min Capacity: 8M
 Heap Initial Capacity: 126M
 Heap Max Capacity: 2G
 Pre-touch: Disabled
 Parallel Workers: 8
 Concurrent Workers: 2
 Concurrent Refinement Workers: 8
 Periodic GC: Disabled
Heap:
 garbage-first heap   total 240640K, used 173026K [0x0000000080000000, 0x0000000100000000)
  region size 1024K, 44 young (45056K), 10 survivors (10240K)
 Metaspace       used 92063K, committed 93952K, reserved 1179648K
  class space    used 12118K, committed 13120K, reserved 1048576K
GC Heap History (20 events):
Event: 8.217 GC heap before
{Heap before GC invocations=30 (full 0):
 garbage-first heap   total 128000K, used 75116K [0x0000000080000000, 0x0000000100000000)
  region size 1024K, 6 young (6144K), 5 survivors (5120K)
 Metaspace       used 74960K, committed 76800K, reserved 1179648K
  class space    used 10259K, committed 11200K, reserved 1048576K
}
Event: 8.222 GC heap after
{Heap after GC invocations=31 (full 0):
 garbage-first heap   total 128000K, used 74681K [0x0000000080000000, 0x0000000100000000)
  region size 1024K, 1 young (1024K), 1 survivors (1024K)
 Metaspace       used 74960K, committed 76800K, reserved 1179648K
  class space    used 10259K, committed 11200K, reserved 1048576K
}
Event: 8.415 GC heap before
{Heap before GC invocations=31 (full 0):
 garbage-first heap   total 128000K, used 102329K [0x0000000080000000, 0x0000000100000000)
  region size 1024K, 29 young (29696K), 1 survivors (1024K)
 Metaspace       used 75649K, committed 77504K, reserved 1179648K
  class space    used 10397K, committed 11328K, reserved 1048576K
}
Event: 8.418 GC heap after
{Heap after GC invocations=32 (full 0):
 garbage-first heap   total 128000K, used 76424K [0x0000000080000000, 0x0000000100000000)
  region size 1024K, 3 young (3072K), 3 survivors (3072K)
 Metaspace       used 75649K, committed 77504K, reserved 1179648K
  class space    used 10397K, committed 11328K, reserved 1048576K
}
Event: 8.626 GC heap before
{Heap before GC invocations=33 (full 0):
 garbage-first heap   total 145408K, used 103048K [0x0000000080000000, 0x0000000100000000)
  region size 1024K, 30 young (30720K), 3 survivors (3072K)
 Metaspace       used 75815K, committed 77568K, reserved 1179648K
  class space    used 10401K, committed 11328K, reserved 1048576K
}
Event: 8.630 GC heap after
{Heap after GC invocations=34 (full 0):
 garbage-first heap   total 145408K, used 78435K [0x0000000080000000, 0x0000000100000000)
  region size 1024K, 3 young (3072K), 3 survivors (3072K)
 Metaspace       used 75815K, committed 77568K, reserved 1179648K
  class space    used 10401K, committed 11328K, reserved 1048576K
}
Event: 8.652 GC heap before
{Heap before GC invocations=34 (full 0):
 garbage-first heap   total 145408K, used 81507K [0x0000000080000000, 0x0000000100000000)
  region size 1024K, 7 young (7168K), 3 survivors (3072K)
 Metaspace       used 75843K, committed 77696K, reserved 1179648K
  class space    used 10404K, committed 11328K, reserved 1048576K
}
Event: 8.655 GC heap after
{Heap after GC invocations=35 (full 0):
 garbage-first heap   total 230400K, used 78726K [0x0000000080000000, 0x0000000100000000)
  region size 1024K, 1 young (1024K), 1 survivors (1024K)
 Metaspace       used 75843K, committed 77696K, reserved 1179648K
  class space    used 10404K, committed 11328K, reserved 1048576K
}
Event: 9.293 GC heap before
{Heap before GC invocations=35 (full 0):
 garbage-first heap   total 230400K, used 176006K [0x0000000080000000, 0x0000000100000000)
  region size 1024K, 97 young (99328K), 1 survivors (1024K)
 Metaspace       used 78041K, committed 79808K, reserved 1179648K
  class space    used 10668K, committed 11584K, reserved 1048576K
}
Event: 9.301 GC heap after
{Heap after GC invocations=36 (full 0):
 garbage-first heap   total 230400K, used 85255K [0x0000000080000000, 0x0000000100000000)
  region size 1024K, 7 young (7168K), 7 survivors (7168K)
 Metaspace       used 78041K, committed 79808K, reserved 1179648K
  class space    used 10668K, committed 11584K, reserved 1048576K
}
Event: 11.924 GC heap before
{Heap before GC invocations=36 (full 0):
 garbage-first heap   total 230400K, used 177415K [0x0000000080000000, 0x0000000100000000)
  region size 1024K, 98 young (100352K), 7 survivors (7168K)
 Metaspace       used 82369K, committed 84224K, reserved 1179648K
  class space    used 11194K, committed 12160K, reserved 1048576K
}
Event: 11.934 GC heap after
{Heap after GC invocations=37 (full 0):
 garbage-first heap   total 230400K, used 95116K [0x0000000080000000, 0x0000000100000000)
  region size 1024K, 10 young (10240K), 10 survivors (10240K)
 Metaspace       used 82369K, committed 84224K, reserved 1179648K
  class space    used 11194K, committed 12160K, reserved 1048576K
}
Event: 12.338 GC heap before
{Heap before GC invocations=37 (full 0):
 garbage-first heap   total 230400K, used 146316K [0x0000000080000000, 0x0000000100000000)
  region size 1024K, 44 young (45056K), 10 survivors (10240K)
 Metaspace       used 84394K, committed 86336K, reserved 1179648K
  class space    used 11476K, committed 12480K, reserved 1048576K
}
Event: 12.344 GC heap after
{Heap after GC invocations=38 (full 0):
 garbage-first heap   total 230400K, used 111265K [0x0000000080000000, 0x0000000100000000)
  region size 1024K, 3 young (3072K), 3 survivors (3072K)
 Metaspace       used 84394K, committed 86336K, reserved 1179648K
  class space    used 11476K, committed 12480K, reserved 1048576K
}
Event: 85.970 GC heap before
{Heap before GC invocations=39 (full 0):
 garbage-first heap   total 230400K, used 188065K [0x0000000080000000, 0x0000000100000000)
  region size 1024K, 76 young (77824K), 3 survivors (3072K)
 Metaspace       used 89094K, committed 91072K, reserved 1179648K
  class space    used 11839K, committed 12864K, reserved 1048576K
}
Event: 85.977 GC heap after
{Heap after GC invocations=40 (full 0):
 garbage-first heap   total 230400K, used 106398K [0x0000000080000000, 0x0000000100000000)
  region size 1024K, 10 young (10240K), 10 survivors (10240K)
 Metaspace       used 89094K, committed 91072K, reserved 1179648K
  class space    used 11839K, committed 12864K, reserved 1048576K
}
Event: 85.993 GC heap before
{Heap before GC invocations=40 (full 0):
 garbage-first heap   total 230400K, used 107422K [0x0000000080000000, 0x0000000100000000)
  region size 1024K, 11 young (11264K), 10 survivors (10240K)
 Metaspace       used 89258K, committed 91200K, reserved 1179648K
  class space    used 11867K, committed 12864K, reserved 1048576K
}
Event: 86.000 GC heap after
{Heap after GC invocations=41 (full 0):
 garbage-first heap   total 230400K, used 107879K [0x0000000080000000, 0x0000000100000000)
  region size 1024K, 2 young (2048K), 2 survivors (2048K)
 Metaspace       used 89258K, committed 91200K, reserved 1179648K
  class space    used 11867K, committed 12864K, reserved 1048576K
}
Event: 86.244 GC heap before
{Heap before GC invocations=41 (full 0):
 garbage-first heap   total 230400K, used 145767K [0x0000000080000000, 0x0000000100000000)
  region size 1024K, 41 young (41984K), 2 survivors (2048K)
 Metaspace       used 89774K, committed 91648K, reserved 1179648K
  class space    used 11910K, committed 12928K, reserved 1048576K
}
Event: 86.253 GC heap after
{Heap after GC invocations=42 (full 0):
 garbage-first heap   total 230400K, used 123874K [0x0000000080000000, 0x0000000100000000)
  region size 1024K, 10 young (10240K), 10 survivors (10240K)
 Metaspace       used 89774K, committed 91648K, reserved 1179648K
  class space    used 11910K, committed 12928K, reserved 1048576K
}

