# JRE version: Java(TM) SE Runtime Environment (18.0.1.1+2) (build 18.0.1.1+2-6)
# Java VM: Java HotSpot(TM) 64-Bit Server VM (18.0.1.1+2-6, mixed mode, sharing, tiered, compressed oops, compressed class ptrs, g1 gc, windows-amd64)
GC Precious Log:
 CardTable entry size: 512
 Card Set container configuration: InlinePtr #cards 5 size 8 Array Of Cards #cards 12 size 40 Howl #buckets 4 coarsen threshold 1843 Howl Bitmap #cards 512 size 80 coarsen threshold 460 Card regions per heap region 1 cards per card region 2048
 CPUs: 8 total, 8 available
 Memory: 7987M
 Large Page Support: Disabled
 NUMA Support: Disabled
 Compressed Oops: Enabled (32-bit)
 Heap Region Size: 1M
 Heap Min Capacity: 8M
 Heap Initial Capacity: 126M
 Heap Max Capacity: 2G
 Pre-touch: Disabled
 Parallel Workers: 8
 Concurrent Workers: 2
 Concurrent Refinement Workers: 8
 Periodic GC: Disabled
Heap:
 garbage-first heap   total 164864K, used 88593K [0x0000000080000000, 0x0000000100000000)
  region size 1024K, 1 young (1024K), 1 survivors (1024K)
 Metaspace       used 78349K, committed 80192K, reserved 1179648K
  class space    used 10697K, committed 11648K, reserved 1048576K
GC Heap History (20 events):
Event: 5.956 GC heap after
{Heap after GC invocations=17 (full 0):
 garbage-first heap   total 103424K, used 56922K [0x0000000080000000, 0x0000000100000000)
  region size 1024K, 1 young (1024K), 1 survivors (1024K)
 Metaspace       used 57463K, committed 59136K, reserved 1114112K
  class space    used 7661K, committed 8512K, reserved 1048576K
}
Event: 6.151 GC heap before
{Heap before GC invocations=17 (full 0):
 garbage-first heap   total 103424K, used 81498K [0x0000000080000000, 0x0000000100000000)
  region size 1024K, 26 young (26624K), 1 survivors (1024K)
 Metaspace       used 58119K, committed 59840K, reserved 1114112K
  class space    used 7788K, committed 8704K, reserved 1048576K
}
Event: 6.154 GC heap after
{Heap after GC invocations=18 (full 0):
 garbage-first heap   total 103424K, used 58545K [0x0000000080000000, 0x0000000100000000)
  region size 1024K, 3 young (3072K), 3 survivors (3072K)
 Metaspace       used 58119K, committed 59840K, reserved 1114112K
  class space    used 7788K, committed 8704K, reserved 1048576K
}
Event: 6.344 GC heap before
{Heap before GC invocations=19 (full 0):
 garbage-first heap   total 112640K, used 82097K [0x0000000080000000, 0x0000000100000000)
  region size 1024K, 26 young (26624K), 3 survivors (3072K)
 Metaspace       used 59569K, committed 61248K, reserved 1114112K
  class space    used 7974K, committed 8832K, reserved 1048576K
}
Event: 6.348 GC heap after
{Heap after GC invocations=20 (full 0):
 garbage-first heap   total 112640K, used 60809K [0x0000000080000000, 0x0000000100000000)
  region size 1024K, 3 young (3072K), 3 survivors (3072K)
 Metaspace       used 59569K, committed 61248K, reserved 1114112K
  class space    used 7974K, committed 8832K, reserved 1048576K
}
Event: 6.367 GC heap before
{Heap before GC invocations=20 (full 0):
 garbage-first heap   total 112640K, used 62857K [0x0000000080000000, 0x0000000100000000)
  region size 1024K, 5 young (5120K), 3 survivors (3072K)
 Metaspace       used 59735K, committed 61440K, reserved 1114112K
  class space    used 8000K, committed 8896K, reserved 1048576K
}
Event: 6.369 GC heap after
{Heap after GC invocations=21 (full 0):
 garbage-first heap   total 164864K, used 60549K [0x0000000080000000, 0x0000000100000000)
  region size 1024K, 1 young (1024K), 1 survivors (1024K)
 Metaspace       used 59735K, committed 61440K, reserved 1114112K
  class space    used 8000K, committed 8896K, reserved 1048576K
}
Event: 7.051 GC heap before
{Heap before GC invocations=21 (full 0):
 garbage-first heap   total 164864K, used 124037K [0x0000000080000000, 0x0000000100000000)
  region size 1024K, 64 young (65536K), 1 survivors (1024K)
 Metaspace       used 65010K, committed 66752K, reserved 1114112K
  class space    used 8901K, committed 9792K, reserved 1048576K
}
Event: 7.056 GC heap after
{Heap after GC invocations=22 (full 0):
 garbage-first heap   total 164864K, used 65613K [0x0000000080000000, 0x0000000100000000)
  region size 1024K, 6 young (6144K), 6 survivors (6144K)
 Metaspace       used 65010K, committed 66752K, reserved 1114112K
  class space    used 8901K, committed 9792K, reserved 1048576K
}
Event: 7.747 GC heap before
{Heap before GC invocations=22 (full 0):
 garbage-first heap   total 164864K, used 127053K [0x0000000080000000, 0x0000000100000000)
  region size 1024K, 66 young (67584K), 6 survivors (6144K)
 Metaspace       used 71374K, committed 73216K, reserved 1114112K
  class space    used 9776K, committed 10752K, reserved 1048576K
}
Event: 7.754 GC heap after
{Heap after GC invocations=23 (full 0):
 garbage-first heap   total 164864K, used 70684K [0x0000000080000000, 0x0000000100000000)
  region size 1024K, 5 young (5120K), 5 survivors (5120K)
 Metaspace       used 71374K, committed 73216K, reserved 1114112K
  class space    used 9776K, committed 10752K, reserved 1048576K
}
Event: 8.360 GC heap before
{Heap before GC invocations=23 (full 0):
 garbage-first heap   total 164864K, used 128028K [0x0000000080000000, 0x0000000100000000)
  region size 1024K, 62 young (63488K), 5 survivors (5120K)
 Metaspace       used 75590K, committed 77440K, reserved 1179648K
  class space    used 10390K, committed 11328K, reserved 1048576K
}
Event: 8.369 GC heap after
{Heap after GC invocations=24 (full 0):
 garbage-first heap   total 164864K, used 77361K [0x0000000080000000, 0x0000000100000000)
  region size 1024K, 7 young (7168K), 7 survivors (7168K)
 Metaspace       used 75590K, committed 77440K, reserved 1179648K
  class space    used 10390K, committed 11328K, reserved 1048576K
}
Event: 8.717 GC heap before
{Heap before GC invocations=24 (full 0):
 garbage-first heap   total 164864K, used 129585K [0x0000000080000000, 0x0000000100000000)
  region size 1024K, 59 young (60416K), 7 survivors (7168K)
 Metaspace       used 76074K, committed 77952K, reserved 1179648K
  class space    used 10424K, committed 11392K, reserved 1048576K
}
Event: 8.723 GC heap after
{Heap after GC invocations=25 (full 0):
 garbage-first heap   total 164864K, used 81223K [0x0000000080000000, 0x0000000100000000)
  region size 1024K, 4 young (4096K), 4 survivors (4096K)
 Metaspace       used 76074K, committed 77952K, reserved 1179648K
  class space    used 10424K, committed 11392K, reserved 1048576K
}
Event: 9.081 GC heap before
{Heap before GC invocations=25 (full 0):
 garbage-first heap   total 164864K, used 131399K [0x0000000080000000, 0x0000000100000000)
  region size 1024K, 54 young (55296K), 4 survivors (4096K)
 Metaspace       used 77015K, committed 78848K, reserved 1179648K
  class space    used 10527K, committed 11456K, reserved 1048576K
}
Event: 9.087 GC heap after
{Heap after GC invocations=26 (full 0):
 garbage-first heap   total 164864K, used 85274K [0x0000000080000000, 0x0000000100000000)
  region size 1024K, 7 young (7168K), 7 survivors (7168K)
 Metaspace       used 77015K, committed 78848K, reserved 1179648K
  class space    used 10527K, committed 11456K, reserved 1048576K
}
Event: 9.367 GC heap before
{Heap before GC invocations=27 (full 0):
 garbage-first heap   total 164864K, used 132378K [0x0000000080000000, 0x0000000100000000)
  region size 1024K, 54 young (55296K), 7 survivors (7168K)
 Metaspace       used 78272K, committed 80128K, reserved 1179648K
  class space    used 10692K, committed 11648K, reserved 1048576K
}
Event: 9.374 GC heap after
{Heap after GC invocations=28 (full 0):
 garbage-first heap   total 164864K, used 88775K [0x0000000080000000, 0x0000000100000000)
  region size 1024K, 4 young (4096K), 4 survivors (4096K)
 Metaspace       used 78272K, committed 80128K, reserved 1179648K
  class space    used 10692K, committed 11648K, reserved 1048576K
}
Event: 9.391 GC heap before
{Heap before GC invocations=28 (full 0):
 garbage-first heap   total 164864K, used 92871K [0x0000000080000000, 0x0000000100000000)
  region size 1024K, 8 young (8192K), 4 survivors (4096K)
 Metaspace       used 78349K, committed 80192K, reserved 1179648K
  class space    used 10697K, committed 11648K, reserved 1048576K
}

